2023-06-11 22:34:21,416 [INFO] Gpio:273 - dependency for GPIO [ETH, RCC]
2023-06-11 22:42:15,324 [INFO] Gpio:273 - dependency for GPIO [ETH, RCC]
2023-06-11 22:43:53,460 [INFO] Gpio:273 - dependency for GPIO [ETH, RCC]
2023-06-11 23:26:19,896 [INFO] UtilMem:75 - End SaveConfig() Used Memory: 784709928 Bytes (1073741824)
2023-06-11 23:26:20,036 [INFO] UtilMem:75 - End SaveConfig() Used Memory: 819640024 Bytes (1073741824)
2023-06-11 23:27:38,512 [INFO] UtilMem:75 - End SaveConfig() Used Memory: 717512488 Bytes (1073741824)
2023-06-11 23:27:38,797 [INFO] BlockDiagram:2759 - set Specific Code input for plugin: FREERTOS
2023-06-11 23:27:38,798 [INFO] BlockDiagram:2759 - set Specific Code input for plugin: TIM1_8F77
2023-06-11 23:27:38,798 [INFO] BlockDiagram:2759 - set Specific Code input for plugin: SYS
2023-06-11 23:27:38,798 [INFO] BlockDiagram:2759 - set Specific Code input for plugin: RCC
2023-06-11 23:27:38,798 [INFO] BlockDiagram:2759 - set Specific Code input for plugin: RTC
2023-06-11 23:27:38,798 [INFO] BlockDiagram:2759 - set Specific Code input for plugin: NVIC
2023-06-11 23:27:38,798 [INFO] BlockDiagram:2759 - set Specific Code input for plugin: LWIP
2023-06-11 23:27:38,798 [INFO] BlockDiagram:2759 - set Specific Code input for plugin: CORTEX_M7
2023-06-11 23:27:38,798 [INFO] BlockDiagram:2759 - set Specific Code input for plugin: GPIO
2023-06-11 23:27:38,798 [INFO] BlockDiagram:2759 - set Specific Code input for plugin: ETH
2023-06-11 23:27:38,798 [INFO] CodeGenerator:793 - code generatio: config db path: C:\ST\STM32CubeIDE_1.12.0\STM32CubeIDE\plugins\com.st.stm32cube.common.mx_6.8.0.202302231600\\db\
2023-06-11 23:27:39,068 [INFO] CodeEngine:255 - oldGeneratedFile, C:\Users\jerzstaN\STM32CubeIDE\workspace\HelloWorld\MXTmpFiles\license.tmp_save
2023-06-11 23:27:39,135 [INFO] CodeEngine:279 - Generated code: C:\Users\jerzstaN\STM32CubeIDE\workspace\HelloWorld\MXTmpFiles\license.tmp
2023-06-11 23:27:39,188 [INFO] CodeEngine:255 - oldGeneratedFile, C:\Users\jerzstaN\STM32CubeIDE\workspace\HelloWorld\MXTmpFiles\gpio.tmp_save
2023-06-11 23:27:39,243 [INFO] CodeEngine:279 - Generated code: C:\Users\jerzstaN\STM32CubeIDE\workspace\HelloWorld\MXTmpFiles\gpio.tmp
2023-06-11 23:27:39,326 [INFO] CodeEngine:255 - oldGeneratedFile, C:\Users\jerzstaN\STM32CubeIDE\workspace\HelloWorld\MXTmpFiles\eth_vars.tmp_save
2023-06-11 23:27:39,423 [INFO] CodeEngine:279 - Generated code: C:\Users\jerzstaN\STM32CubeIDE\workspace\HelloWorld\MXTmpFiles\eth_vars.tmp
2023-06-11 23:27:39,439 [INFO] CodeEngine:255 - oldGeneratedFile, C:\Users\jerzstaN\STM32CubeIDE\workspace\HelloWorld\MXTmpFiles\eth_inc.tmp_save
2023-06-11 23:27:39,572 [INFO] CodeEngine:279 - Generated code: C:\Users\jerzstaN\STM32CubeIDE\workspace\HelloWorld\MXTmpFiles\eth_inc.tmp
2023-06-11 23:27:39,574 [INFO] CodeEngine:255 - oldGeneratedFile, C:\Users\jerzstaN\STM32CubeIDE\workspace\HelloWorld\MXTmpFiles\eth_HalInit.tmp_save
2023-06-11 23:27:39,653 [INFO] CodeEngine:279 - Generated code: C:\Users\jerzstaN\STM32CubeIDE\workspace\HelloWorld\MXTmpFiles\eth_HalInit.tmp
2023-06-11 23:27:39,661 [INFO] CodeEngine:255 - oldGeneratedFile, C:\Users\jerzstaN\STM32CubeIDE\workspace\HelloWorld\MXTmpFiles\eth_Msp.tmp_save
2023-06-11 23:27:39,724 [INFO] CodeEngine:279 - Generated code: C:\Users\jerzstaN\STM32CubeIDE\workspace\HelloWorld\MXTmpFiles\eth_Msp.tmp
2023-06-11 23:27:39,906 [INFO] Middleware:1439 - No code input for Bsp Dependency
2023-06-11 23:27:39,906 [INFO] CodeEngine:255 - oldGeneratedFile, C:\Users\jerzstaN\STM32CubeIDE\workspace\HelloWorld\MXTmpFiles\rtos_inc.tmp_save
2023-06-11 23:27:39,973 [INFO] CodeEngine:279 - Generated code: C:\Users\jerzstaN\STM32CubeIDE\workspace\HelloWorld\MXTmpFiles\rtos_inc.tmp
2023-06-11 23:27:39,973 [INFO] CodeEngine:255 - oldGeneratedFile, C:\Users\jerzstaN\STM32CubeIDE\workspace\HelloWorld\MXTmpFiles\rtos_vars.tmp_save
2023-06-11 23:27:40,021 [INFO] CodeEngine:279 - Generated code: C:\Users\jerzstaN\STM32CubeIDE\workspace\HelloWorld\MXTmpFiles\rtos_vars.tmp
2023-06-11 23:27:40,021 [INFO] CodeEngine:255 - oldGeneratedFile, C:\Users\jerzstaN\STM32CubeIDE\workspace\HelloWorld\MXTmpFiles\rtos_pfp.tmp_save
2023-06-11 23:27:40,052 [INFO] CodeEngine:279 - Generated code: C:\Users\jerzstaN\STM32CubeIDE\workspace\HelloWorld\MXTmpFiles\rtos_pfp.tmp
2023-06-11 23:27:40,071 [INFO] CodeEngine:255 - oldGeneratedFile, C:\Users\jerzstaN\STM32CubeIDE\workspace\HelloWorld\MXTmpFiles\rtos_obj_creat.tmp_save
2023-06-11 23:27:40,106 [INFO] CodeEngine:279 - Generated code: C:\Users\jerzstaN\STM32CubeIDE\workspace\HelloWorld\MXTmpFiles\rtos_obj_creat.tmp
2023-06-11 23:27:40,119 [INFO] CodeEngine:255 - oldGeneratedFile, C:\Users\jerzstaN\STM32CubeIDE\workspace\HelloWorld\MXTmpFiles\rtos_kernelStart.tmp_save
2023-06-11 23:27:40,151 [INFO] CodeEngine:279 - Generated code: C:\Users\jerzstaN\STM32CubeIDE\workspace\HelloWorld\MXTmpFiles\rtos_kernelStart.tmp
2023-06-11 23:27:40,151 [INFO] CodeEngine:255 - oldGeneratedFile, C:\Users\jerzstaN\STM32CubeIDE\workspace\HelloWorld\MXTmpFiles\rtos_default_thread.tmp_save
2023-06-11 23:27:40,202 [INFO] CodeEngine:279 - Generated code: C:\Users\jerzstaN\STM32CubeIDE\workspace\HelloWorld\MXTmpFiles\rtos_default_thread.tmp
2023-06-11 23:27:40,202 [INFO] CodeEngine:255 - oldGeneratedFile, C:\Users\jerzstaN\STM32CubeIDE\workspace\HelloWorld\MXTmpFiles\rtos_threads.tmp_save
2023-06-11 23:27:40,264 [INFO] CodeEngine:279 - Generated code: C:\Users\jerzstaN\STM32CubeIDE\workspace\HelloWorld\MXTmpFiles\rtos_threads.tmp
2023-06-11 23:27:40,264 [INFO] Middleware:1439 - No code input for Bsp Dependency
2023-06-11 23:27:40,280 [INFO] Middleware:1439 - No code input for Bsp Dependency
2023-06-11 23:27:40,296 [INFO] CodeEngine:255 - oldGeneratedFile, C:\Users\jerzstaN\STM32CubeIDE\workspace\HelloWorld\MXTmpFiles\rtos_inc.tmp_save
2023-06-11 23:27:40,328 [INFO] CodeEngine:279 - Generated code: C:\Users\jerzstaN\STM32CubeIDE\workspace\HelloWorld\MXTmpFiles\rtos_inc.tmp
2023-06-11 23:27:40,345 [INFO] CodeEngine:255 - oldGeneratedFile, C:\Users\jerzstaN\STM32CubeIDE\workspace\HelloWorld\MXTmpFiles\rtos_vars.tmp_save
2023-06-11 23:27:40,386 [INFO] CodeEngine:279 - Generated code: C:\Users\jerzstaN\STM32CubeIDE\workspace\HelloWorld\MXTmpFiles\rtos_vars.tmp
2023-06-11 23:27:40,396 [INFO] CodeEngine:255 - oldGeneratedFile, C:\Users\jerzstaN\STM32CubeIDE\workspace\HelloWorld\MXTmpFiles\rtos_pfp.tmp_save
2023-06-11 23:27:40,427 [INFO] CodeEngine:279 - Generated code: C:\Users\jerzstaN\STM32CubeIDE\workspace\HelloWorld\MXTmpFiles\rtos_pfp.tmp
2023-06-11 23:27:40,443 [INFO] CodeEngine:255 - oldGeneratedFile, C:\Users\jerzstaN\STM32CubeIDE\workspace\HelloWorld\MXTmpFiles\rtos_obj_creat.tmp_save
2023-06-11 23:27:40,491 [INFO] CodeEngine:279 - Generated code: C:\Users\jerzstaN\STM32CubeIDE\workspace\HelloWorld\MXTmpFiles\rtos_obj_creat.tmp
2023-06-11 23:27:40,507 [INFO] CodeEngine:255 - oldGeneratedFile, C:\Users\jerzstaN\STM32CubeIDE\workspace\HelloWorld\MXTmpFiles\rtos_kernelStart.tmp_save
2023-06-11 23:27:40,550 [INFO] CodeEngine:279 - Generated code: C:\Users\jerzstaN\STM32CubeIDE\workspace\HelloWorld\MXTmpFiles\rtos_kernelStart.tmp
2023-06-11 23:27:40,561 [INFO] CodeEngine:255 - oldGeneratedFile, C:\Users\jerzstaN\STM32CubeIDE\workspace\HelloWorld\MXTmpFiles\rtos_default_thread.tmp_save
2023-06-11 23:27:40,613 [INFO] CodeEngine:279 - Generated code: C:\Users\jerzstaN\STM32CubeIDE\workspace\HelloWorld\MXTmpFiles\rtos_default_thread.tmp
2023-06-11 23:27:40,620 [INFO] CodeEngine:255 - oldGeneratedFile, C:\Users\jerzstaN\STM32CubeIDE\workspace\HelloWorld\MXTmpFiles\rtos_threads.tmp_save
2023-06-11 23:27:40,655 [INFO] CodeEngine:279 - Generated code: C:\Users\jerzstaN\STM32CubeIDE\workspace\HelloWorld\MXTmpFiles\rtos_threads.tmp
2023-06-11 23:27:40,672 [INFO] CodeEngine:255 - oldGeneratedFile, C:\Users\jerzstaN\STM32CubeIDE\workspace\HelloWorld\Core\Inc\FreeRTOSConfig.h_save
2023-06-11 23:27:40,731 [INFO] CodeEngine:279 - Generated code: C:\Users\jerzstaN\STM32CubeIDE\workspace\HelloWorld\Core\Inc\FreeRTOSConfig.h
2023-06-11 23:27:40,740 [INFO] CodeEngine:255 - oldGeneratedFile, C:\Users\jerzstaN\STM32CubeIDE\workspace\HelloWorld\Core\Src\freertos.c_save
2023-06-11 23:27:40,790 [INFO] CodeEngine:279 - Generated code: C:\Users\jerzstaN\STM32CubeIDE\workspace\HelloWorld\Core\Src\freertos.c
2023-06-11 23:27:40,806 [INFO] CodeEngine:255 - oldGeneratedFile, C:\Users\jerzstaN\STM32CubeIDE\workspace\HelloWorld\MXTmpFiles\cortex.tmp_save
2023-06-11 23:27:40,838 [INFO] CodeEngine:279 - Generated code: C:\Users\jerzstaN\STM32CubeIDE\workspace\HelloWorld\MXTmpFiles\cortex.tmp
2023-06-11 23:27:40,855 [INFO] Middleware:1439 - No code input for Bsp Dependency
2023-06-11 23:27:40,873 [INFO] CodeEngine:255 - oldGeneratedFile, C:\Users\jerzstaN\STM32CubeIDE\workspace\HelloWorld\LWIP\App\lwip.c_save
2023-06-11 23:27:40,923 [INFO] CodeEngine:279 - Generated code: C:\Users\jerzstaN\STM32CubeIDE\workspace\HelloWorld\LWIP\App\lwip.c
2023-06-11 23:27:40,923 [INFO] CodeEngine:255 - oldGeneratedFile, C:\Users\jerzstaN\STM32CubeIDE\workspace\HelloWorld\LWIP\App\lwip.h_save
2023-06-11 23:27:40,972 [INFO] CodeEngine:279 - Generated code: C:\Users\jerzstaN\STM32CubeIDE\workspace\HelloWorld\LWIP\App\lwip.h
2023-06-11 23:27:40,988 [INFO] CodeEngine:255 - oldGeneratedFile, C:\Users\jerzstaN\STM32CubeIDE\workspace\HelloWorld\LWIP\Target\lwipopts.h_save
2023-06-11 23:27:41,119 [INFO] CodeEngine:279 - Generated code: C:\Users\jerzstaN\STM32CubeIDE\workspace\HelloWorld\LWIP\Target\lwipopts.h
2023-06-11 23:27:41,119 [INFO] CodeEngine:255 - oldGeneratedFile, C:\Users\jerzstaN\STM32CubeIDE\workspace\HelloWorld\LWIP\Target\ethernetif.c_save
2023-06-11 23:27:41,185 [INFO] CodeEngine:279 - Generated code: C:\Users\jerzstaN\STM32CubeIDE\workspace\HelloWorld\LWIP\Target\ethernetif.c
2023-06-11 23:27:41,201 [INFO] CodeEngine:255 - oldGeneratedFile, C:\Users\jerzstaN\STM32CubeIDE\workspace\HelloWorld\LWIP\Target\ethernetif.h_save
2023-06-11 23:27:41,259 [INFO] CodeEngine:279 - Generated code: C:\Users\jerzstaN\STM32CubeIDE\workspace\HelloWorld\LWIP\Target\ethernetif.h
2023-06-11 23:27:41,289 [INFO] CodeEngine:255 - oldGeneratedFile, C:\Users\jerzstaN\STM32CubeIDE\workspace\HelloWorld\Core\Src\stm32f7xx_it.c_save
2023-06-11 23:27:41,403 [INFO] CodeEngine:279 - Generated code: C:\Users\jerzstaN\STM32CubeIDE\workspace\HelloWorld\Core\Src\stm32f7xx_it.c
2023-06-11 23:27:41,428 [INFO] CodeEngine:255 - oldGeneratedFile, C:\Users\jerzstaN\STM32CubeIDE\workspace\HelloWorld\Core\Inc\stm32f7xx_it.h_save
2023-06-11 23:27:41,478 [INFO] CodeEngine:279 - Generated code: C:\Users\jerzstaN\STM32CubeIDE\workspace\HelloWorld\Core\Inc\stm32f7xx_it.h
2023-06-11 23:27:41,577 [INFO] CodeEngine:255 - oldGeneratedFile, C:\Users\jerzstaN\STM32CubeIDE\workspace\HelloWorld\Core\Src\stm32f7xx_hal_msp.c_save
2023-06-11 23:27:41,647 [INFO] CodeEngine:279 - Generated code: C:\Users\jerzstaN\STM32CubeIDE\workspace\HelloWorld\Core\Src\stm32f7xx_hal_msp.c
2023-06-11 23:27:41,647 [INFO] CodeEngine:255 - oldGeneratedFile, C:\Users\jerzstaN\STM32CubeIDE\workspace\HelloWorld\MXTmpFiles\system.tmp_save
2023-06-11 23:27:41,712 [INFO] CodeEngine:279 - Generated code: C:\Users\jerzstaN\STM32CubeIDE\workspace\HelloWorld\MXTmpFiles\system.tmp
2023-06-11 23:27:41,712 [INFO] CodeEngine:255 - oldGeneratedFile, C:\Users\jerzstaN\STM32CubeIDE\workspace\HelloWorld\Core\Src\stm32f7xx_hal_timebase_tim.c_save
2023-06-11 23:27:41,791 [INFO] CodeEngine:279 - Generated code: C:\Users\jerzstaN\STM32CubeIDE\workspace\HelloWorld\Core\Src\stm32f7xx_hal_timebase_tim.c
2023-06-11 23:27:41,816 [INFO] CodeEngine:311 - oldGeneratedFile, C:\Users\jerzstaN\STM32CubeIDE\workspace\HelloWorld\Core\Inc\stm32f7xx_hal_conf.h_save
2023-06-11 23:27:41,898 [INFO] CodeEngine:335 - Generated code: C:\Users\jerzstaN\STM32CubeIDE\workspace\HelloWorld\Core\Inc\stm32f7xx_hal_conf.h
2023-06-11 23:27:41,932 [WARN] IPConfigManager:3431 - IP not found : TIM
2023-06-11 23:27:41,942 [WARN] CodeGenerator:3754 - IP not found : null
2023-06-11 23:27:41,952 [INFO] CodeEngine:255 - oldGeneratedFile, C:\Users\jerzstaN\STM32CubeIDE\workspace\HelloWorld\Core\Inc\main.h_save
2023-06-11 23:27:42,015 [INFO] CodeEngine:279 - Generated code: C:\Users\jerzstaN\STM32CubeIDE\workspace\HelloWorld\Core\Inc\main.h
2023-06-11 23:27:42,028 [INFO] CodeEngine:255 - oldGeneratedFile, C:\Users\jerzstaN\STM32CubeIDE\workspace\HelloWorld\Core\Src\main.c_save
2023-06-11 23:27:42,129 [INFO] CodeEngine:279 - Generated code: C:\Users\jerzstaN\STM32CubeIDE\workspace\HelloWorld\Core\Src\main.c
2023-06-11 23:27:44,379 [INFO] ProjectBuilder:2996 - Time for Copy HAL[1] : 1735mS.
2023-06-11 23:27:44,387 [INFO] ProjectBuilder:4304 - Project Generator version: 3.19.2
2023-06-11 23:27:44,708 [INFO] ConfigFileManager:1483 - The Die is : DIE451
2023-06-11 23:27:46,846 [INFO] ProjectBuilder:4505 - Time for Generating toolchain IDE Files: 2459mS.
2023-06-11 23:27:46,855 [INFO] ProjectBuilder:2867 - Time for Copy CMSIS : 9mS.
2023-06-11 23:27:46,891 [INFO] ProjectBuilder:2867 - Time for Copy CMSIS : 0mS.
