2023-05-31 23:27:28,162 [INFO] ApplicationProperties:184 - Using Application install path: C:\ST\STM32CubeIDE_1.12.0\STM32CubeIDE\plugins\com.st.stm32cube.common.mx_6.8.0.202302231600
2023-05-31 23:27:28,255 [INFO] DbMcusXml:78 - Set database path to: C:\ST\STM32CubeIDE_1.12.0\STM32CubeIDE\plugins\com.st.stm32cube.common.mx_6.8.0.202302231600\\db\/mcu/
2023-05-31 23:27:28,256 [INFO] ApiDb:274 - Set plugin database path to: C:\ST\STM32CubeIDE_1.12.0\STM32CubeIDE\plugins\com.st.stm32cube.common.mx_6.8.0.202302231600\\db\/plugins/boardmanager/
2023-05-31 23:27:28,258 [WARN] ApiDb:259 - Overriding images path with different value:  => C:\ST\STM32CubeIDE_1.12.0\STM32CubeIDE\plugins\com.st.stm32cube.common.mx_6.8.0.202302231600\\db\/plugins/mcufinder/images/
2023-05-31 23:27:28,277 [INFO] ApiDb:250 - Set database path to: C:\Users\jerzstaN\.stmcufinder\plugins\mcufinder//mcu/
2023-05-31 23:27:28,279 [INFO] DbMcusAds:125 - Set database path to: C:\Users\jerzstaN\.stmcufinder\plugins\mcufinder//mcu/
2023-05-31 23:27:28,419 [INFO] CrossReferenceDbSqlite:203 - Set database path to: C:\Users\jerzstaN\.stmcufinder\plugins\mcufinder//mcu/cs/
2023-05-31 23:27:28,566 [INFO] RulesReader:64 - Compatibility file has been processed (293 Rules)
2023-05-31 23:27:28,687 [INFO] DbMcusXml:78 - Set database path to: C:\ST\STM32CubeIDE_1.12.0\STM32CubeIDE\plugins\com.st.stm32cube.common.mx_6.8.0.202302231600\\db\/mcu/
2023-05-31 23:27:28,687 [INFO] ApiDb:274 - Set plugin database path to: C:\ST\STM32CubeIDE_1.12.0\STM32CubeIDE\plugins\com.st.stm32cube.common.mx_6.8.0.202302231600\\db\/plugins/boardmanager/
2023-05-31 23:27:28,687 [INFO] ApiDb:261 - Set plugin images path to: C:\ST\STM32CubeIDE_1.12.0\STM32CubeIDE\plugins\com.st.stm32cube.common.mx_6.8.0.202302231600\\db\/plugins/mcufinder/images/
2023-05-31 23:27:28,688 [WARN] DbFile:41 - Overriding database path with different value: C:\Users\jerzstaN\.stmcufinder\plugins\mcufinder/ => C:\Users\jerzstaN\.stmcufinder\plugins\mcufinder
2023-05-31 23:27:28,688 [INFO] ApiDb:250 - Set database path to: C:\Users\jerzstaN\.stmcufinder\plugins\mcufinder//mcu/
2023-05-31 23:27:28,688 [WARN] DbFile:41 - Overriding database path with different value: C:\Users\jerzstaN\.stmcufinder\plugins\mcufinder/ => C:\Users\jerzstaN\.stmcufinder\plugins\mcufinder
2023-05-31 23:27:28,688 [INFO] DbMcusAds:125 - Set database path to: C:\Users\jerzstaN\.stmcufinder\plugins\mcufinder//mcu/
2023-05-31 23:27:28,688 [WARN] DbFile:41 - Overriding database path with different value: C:\Users\jerzstaN\.stmcufinder\plugins\mcufinder/ => C:\Users\jerzstaN\.stmcufinder\plugins\mcufinder
2023-05-31 23:27:28,689 [WARN] DbFile:41 - Overriding database path with different value: C:\Users\jerzstaN\.stmcufinder\plugins\mcufinder/ => C:\Users\jerzstaN\.stmcufinder\plugins\mcufinder
2023-05-31 23:27:28,689 [INFO] CrossReferenceDbSqlite:203 - Set database path to: C:\Users\jerzstaN\.stmcufinder\plugins\mcufinder//mcu/cs/
2023-05-31 23:27:28,812 [INFO] MainPanel:253 - HeapMemory: 650117120
2023-05-31 23:27:28,950 [INFO] DbMcusXml:78 - Set database path to: C:\ST\STM32CubeIDE_1.12.0\STM32CubeIDE\plugins\com.st.stm32cube.common.mx_6.8.0.202302231600\\db\/mcu/
2023-05-31 23:27:28,950 [INFO] ApiDb:274 - Set plugin database path to: C:\ST\STM32CubeIDE_1.12.0\STM32CubeIDE\plugins\com.st.stm32cube.common.mx_6.8.0.202302231600\\db\/plugins/boardmanager/
2023-05-31 23:27:28,950 [INFO] ApiDb:261 - Set plugin images path to: C:\ST\STM32CubeIDE_1.12.0\STM32CubeIDE\plugins\com.st.stm32cube.common.mx_6.8.0.202302231600\\db\/plugins/mcufinder/images/
2023-05-31 23:27:28,951 [WARN] DbFile:41 - Overriding database path with different value: C:\Users\jerzstaN\.stmcufinder\plugins\mcufinder/ => C:\Users\jerzstaN\.stmcufinder\plugins\mcufinder
2023-05-31 23:27:28,951 [INFO] ApiDb:250 - Set database path to: C:\Users\jerzstaN\.stmcufinder\plugins\mcufinder//mcu/
2023-05-31 23:27:28,951 [WARN] DbFile:41 - Overriding database path with different value: C:\Users\jerzstaN\.stmcufinder\plugins\mcufinder/ => C:\Users\jerzstaN\.stmcufinder\plugins\mcufinder
2023-05-31 23:27:28,951 [INFO] DbMcusAds:125 - Set database path to: C:\Users\jerzstaN\.stmcufinder\plugins\mcufinder//mcu/
2023-05-31 23:27:28,951 [WARN] DbFile:41 - Overriding database path with different value: C:\Users\jerzstaN\.stmcufinder\plugins\mcufinder/ => C:\Users\jerzstaN\.stmcufinder\plugins\mcufinder
2023-05-31 23:27:28,951 [WARN] DbFile:41 - Overriding database path with different value: C:\Users\jerzstaN\.stmcufinder\plugins\mcufinder/ => C:\Users\jerzstaN\.stmcufinder\plugins\mcufinder
2023-05-31 23:27:28,952 [INFO] CrossReferenceDbSqlite:203 - Set database path to: C:\Users\jerzstaN\.stmcufinder\plugins\mcufinder//mcu/cs/
2023-05-31 23:27:28,978 [INFO] ApplicationProperties:184 - Using Application install path: C:\ST\STM32CubeIDE_1.12.0\STM32CubeIDE\plugins\com.st.stm32cube.common.mx_6.8.0.202302231600
2023-05-31 23:27:28,981 [INFO] PluginManage:196 - Search for loadable plugins [exclusion list=, ]
2023-05-31 23:27:28,983 [INFO] PluginManage:310 - Check plugin analytics
2023-05-31 23:27:29,194 [INFO] AnalyticsPlugin:253 - Accepted Software Licenses: 
2023-05-31 23:27:29,194 [INFO] AnalyticsPlugin:255 - Accepted CMSIS Pack Licenses: 
2023-05-31 23:27:29,195 [INFO] AnalyticsPlugin:257 - Accepted Firmware Licenses: FW.F7.1.17.0
2023-05-31 23:27:29,200 [INFO] PluginManage:359 - Loaded plugin analytics (category:tool,tabindex:-1)
2023-05-31 23:27:29,201 [INFO] PluginManage:310 - Check plugin cadmodel
2023-05-31 23:27:29,209 [INFO] CADModel:105 - Init CAD model plugin
2023-05-31 23:27:29,209 [INFO] PluginManage:359 - Loaded plugin cadmodel (category:power,tabindex:5)
2023-05-31 23:27:29,209 [INFO] PluginManage:310 - Check plugin clock
2023-05-31 23:27:29,223 [INFO] PluginManage:359 - Loaded plugin clock (category:base,tabindex:2)
2023-05-31 23:27:29,223 [INFO] PluginManage:310 - Check plugin ddr
2023-05-31 23:27:29,227 [INFO] PluginManage:359 - Loaded plugin ddr (category:tool,tabindex:6)
2023-05-31 23:27:29,227 [INFO] PluginManage:310 - Check plugin filemanager
2023-05-31 23:27:29,389 [INFO] PluginManage:359 - Loaded plugin filemanager (category:base,tabindex:10)
2023-05-31 23:27:29,389 [INFO] PluginManage:310 - Check plugin ipmanager
2023-05-31 23:27:29,399 [INFO] PluginManage:359 - Loaded plugin ipmanager (category:base,tabindex:5)
2023-05-31 23:27:29,400 [INFO] PluginManage:310 - Check plugin lpbam
2023-05-31 23:27:29,411 [INFO] PluginManage:359 - Loaded plugin lpbam (category:base,tabindex:0)
2023-05-31 23:27:29,412 [INFO] PluginManage:310 - Check plugin pinoutandconfiguration
2023-05-31 23:27:29,424 [INFO] PluginManage:359 - Loaded plugin pinoutandconfiguration (category:base,tabindex:1)
2023-05-31 23:27:29,424 [INFO] PluginManage:310 - Check plugin pinoutconfig
2023-05-31 23:27:29,543 [WARN] SupportedApi:132 - Cannot load RTOS API schema: s4s-elt-must-match.1: The content of 'definitions' must match (annotation?, (simpleType | complexType)?, (unique | key | keyref)*)). A problem was found starting at: attribute.
2023-05-31 23:27:29,698 [INFO] PluginManage:359 - Loaded plugin pinoutconfig (category:base,tabindex:0)
2023-05-31 23:27:29,698 [INFO] PluginManage:310 - Check plugin power
2023-05-31 23:27:29,710 [INFO] PluginManage:359 - Loaded plugin power (category:power,tabindex:4)
2023-05-31 23:27:29,710 [INFO] PluginManage:310 - Check plugin projectmanager
2023-05-31 23:27:29,730 [INFO] PluginManage:359 - Loaded plugin projectmanager (category:projectmanager,tabindex:3)
2023-05-31 23:27:29,731 [INFO] PluginManage:310 - Check plugin thirdparty
2023-05-31 23:27:29,856 [INFO] PluginManage:359 - Loaded plugin thirdparty (category:base,tabindex:-1)
2023-05-31 23:27:29,857 [INFO] PluginManage:310 - Check plugin tools
2023-05-31 23:27:29,856 [WARN] IntegrityCheckThread:84 - waiting for thirdparty lock release [integrity check]
2023-05-31 23:27:29,857 [INFO] IntegrityCheckThread:86 - entering critical section [integrity check]
2023-05-31 23:27:29,858 [INFO] ThirdPartyUpdaterWithRetryManager:70 - Updater plugin not ready yet. [1/15]
2023-05-31 23:27:29,859 [INFO] PluginManage:359 - Loaded plugin tools (category:base,tabindex:7)
2023-05-31 23:27:29,859 [INFO] PluginManage:310 - Check plugin tutovideos
2023-05-31 23:27:30,118 [INFO] PluginManage:359 - Loaded plugin tutovideos (category:base,tabindex:-1)
2023-05-31 23:27:30,118 [INFO] PluginManage:310 - Check plugin updater
2023-05-31 23:27:30,142 [INFO] PluginManage:359 - Loaded plugin updater (category:base,tabindex:12)
2023-05-31 23:27:30,143 [INFO] PluginManage:283 - PluginManage : Loaded plugins [15]
2023-05-31 23:27:30,472 [INFO] PinOutPanel:1499 - setPackage(No Configuration,No Configuration)
2023-05-31 23:27:30,554 [INFO] CADModel:165 - CPN selected for project level
2023-05-31 23:27:30,554 [INFO] CADModel:114 - Register for checkConnection events
2023-05-31 23:27:30,576 [INFO] IPUIPlugin:80 - create IPUIPlugin
2023-05-31 23:27:30,576 [INFO] PluginManager:220 - loadIPPluginJar : add adc
2023-05-31 23:27:30,579 [INFO] IPUIPlugin:80 - create IPUIPlugin
2023-05-31 23:27:30,579 [INFO] PluginManager:220 - loadIPPluginJar : add aes
2023-05-31 23:27:30,582 [INFO] IPUIPlugin:80 - create IPUIPlugin
2023-05-31 23:27:30,582 [INFO] PluginManager:220 - loadIPPluginJar : add can
2023-05-31 23:27:30,585 [INFO] IPUIPlugin:80 - create IPUIPlugin
2023-05-31 23:27:30,585 [INFO] PluginManager:220 - loadIPPluginJar : add comp
2023-05-31 23:27:30,588 [INFO] IPUIPlugin:80 - create IPUIPlugin
2023-05-31 23:27:30,588 [INFO] PluginManager:220 - loadIPPluginJar : add cryp
2023-05-31 23:27:30,591 [INFO] IPUIPlugin:80 - create IPUIPlugin
2023-05-31 23:27:30,591 [INFO] PluginManager:220 - loadIPPluginJar : add dfsdm
2023-05-31 23:27:30,599 [INFO] IPUIPlugin:80 - create IPUIPlugin
2023-05-31 23:27:30,600 [INFO] PluginManager:220 - loadIPPluginJar : add dma
2023-05-31 23:27:30,603 [INFO] IPUIPlugin:80 - create IPUIPlugin
2023-05-31 23:27:30,603 [INFO] PluginManager:220 - loadIPPluginJar : add dma3
2023-05-31 23:27:30,605 [INFO] IPUIPlugin:80 - create IPUIPlugin
2023-05-31 23:27:30,606 [INFO] PluginManager:220 - loadIPPluginJar : add fatfs
2023-05-31 23:27:30,611 [INFO] IPUIPlugin:80 - create IPUIPlugin
2023-05-31 23:27:30,611 [INFO] PluginManager:220 - loadIPPluginJar : add fmc
2023-05-31 23:27:30,619 [INFO] IPUIPlugin:80 - create IPUIPlugin
2023-05-31 23:27:30,619 [INFO] PluginManager:220 - loadIPPluginJar : add freertos
2023-05-31 23:27:30,622 [INFO] IPUIPlugin:80 - create IPUIPlugin
2023-05-31 23:27:30,622 [INFO] PluginManager:220 - loadIPPluginJar : add genericplugin
2023-05-31 23:27:30,624 [INFO] IPUIPlugin:80 - create IPUIPlugin
2023-05-31 23:27:30,624 [INFO] PluginManager:220 - loadIPPluginJar : add gfxmmu
2023-05-31 23:27:30,629 [INFO] IPUIPlugin:80 - create IPUIPlugin
2023-05-31 23:27:30,629 [INFO] PluginManager:220 - loadIPPluginJar : add gic
2023-05-31 23:27:30,634 [INFO] IPUIPlugin:80 - create IPUIPlugin
2023-05-31 23:27:30,634 [INFO] PluginManager:220 - loadIPPluginJar : add gpio
2023-05-31 23:27:30,638 [INFO] IPUIPlugin:80 - create IPUIPlugin
2023-05-31 23:27:30,638 [INFO] PluginManager:220 - loadIPPluginJar : add gtzc
2023-05-31 23:27:30,641 [INFO] IPUIPlugin:80 - create IPUIPlugin
2023-05-31 23:27:30,641 [INFO] PluginManager:220 - loadIPPluginJar : add hash
2023-05-31 23:27:30,643 [INFO] IPUIPlugin:80 - create IPUIPlugin
2023-05-31 23:27:30,644 [INFO] PluginManager:220 - loadIPPluginJar : add i2c
2023-05-31 23:27:30,647 [INFO] IPUIPlugin:80 - create IPUIPlugin
2023-05-31 23:27:30,648 [INFO] PluginManager:220 - loadIPPluginJar : add i2s
2023-05-31 23:27:30,652 [INFO] IPUIPlugin:80 - create IPUIPlugin
2023-05-31 23:27:30,652 [INFO] PluginManager:220 - loadIPPluginJar : add i3c
2023-05-31 23:27:30,656 [INFO] IPUIPlugin:80 - create IPUIPlugin
2023-05-31 23:27:30,656 [INFO] PluginManager:220 - loadIPPluginJar : add ipddr
2023-05-31 23:27:30,666 [INFO] IPUIPlugin:80 - create IPUIPlugin
2023-05-31 23:27:30,667 [INFO] PluginManager:220 - loadIPPluginJar : add linkedlist
2023-05-31 23:27:30,671 [INFO] IPUIPlugin:80 - create IPUIPlugin
2023-05-31 23:27:30,672 [INFO] PluginManager:220 - loadIPPluginJar : add lorawan
2023-05-31 23:27:30,674 [INFO] IPUIPlugin:80 - create IPUIPlugin
2023-05-31 23:27:30,674 [INFO] PluginManager:220 - loadIPPluginJar : add ltdc
2023-05-31 23:27:30,684 [INFO] IPUIPlugin:80 - create IPUIPlugin
2023-05-31 23:27:30,684 [INFO] PluginManager:220 - loadIPPluginJar : add mdma
2023-05-31 23:27:30,689 [INFO] IPUIPlugin:80 - create IPUIPlugin
2023-05-31 23:27:30,689 [INFO] PluginManager:220 - loadIPPluginJar : add nvic
2023-05-31 23:27:30,694 [INFO] IPUIPlugin:80 - create IPUIPlugin
2023-05-31 23:27:30,694 [INFO] PluginManager:220 - loadIPPluginJar : add opamp
2023-05-31 23:27:30,699 [INFO] IPUIPlugin:80 - create IPUIPlugin
2023-05-31 23:27:30,699 [INFO] PluginManager:220 - loadIPPluginJar : add openamp
2023-05-31 23:27:30,705 [INFO] IPUIPlugin:80 - create IPUIPlugin
2023-05-31 23:27:30,705 [INFO] PluginManager:220 - loadIPPluginJar : add pdm2pcm
2023-05-31 23:27:30,714 [INFO] IPUIPlugin:80 - create IPUIPlugin
2023-05-31 23:27:30,717 [INFO] PluginManager:220 - loadIPPluginJar : add plateformsettings
2023-05-31 23:27:30,720 [INFO] IPUIPlugin:80 - create IPUIPlugin
2023-05-31 23:27:30,720 [INFO] PluginManager:220 - loadIPPluginJar : add quadspi
2023-05-31 23:27:30,725 [INFO] IPUIPlugin:80 - create IPUIPlugin
2023-05-31 23:27:30,726 [INFO] PluginManager:220 - loadIPPluginJar : add resmgrutility
2023-05-31 23:27:30,731 [INFO] IPUIPlugin:80 - create IPUIPlugin
2023-05-31 23:27:30,731 [INFO] PluginManager:220 - loadIPPluginJar : add sai
2023-05-31 23:27:30,734 [INFO] IPUIPlugin:80 - create IPUIPlugin
2023-05-31 23:27:30,734 [INFO] PluginManager:220 - loadIPPluginJar : add spi
2023-05-31 23:27:30,741 [INFO] IPUIPlugin:80 - create IPUIPlugin
2023-05-31 23:27:30,741 [INFO] PluginManager:220 - loadIPPluginJar : add stm32_wpan
2023-05-31 23:27:30,743 [INFO] IPUIPlugin:80 - create IPUIPlugin
2023-05-31 23:27:30,744 [INFO] PluginManager:220 - loadIPPluginJar : add tim
2023-05-31 23:27:30,748 [INFO] IPUIPlugin:80 - create IPUIPlugin
2023-05-31 23:27:30,748 [INFO] PluginManager:220 - loadIPPluginJar : add touchsensing
2023-05-31 23:27:30,751 [INFO] IPUIPlugin:80 - create IPUIPlugin
2023-05-31 23:27:30,751 [INFO] PluginManager:220 - loadIPPluginJar : add tracer_emb
2023-05-31 23:27:30,754 [INFO] IPUIPlugin:80 - create IPUIPlugin
2023-05-31 23:27:30,754 [INFO] PluginManager:220 - loadIPPluginJar : add ts
2023-05-31 23:27:30,756 [INFO] IPUIPlugin:80 - create IPUIPlugin
2023-05-31 23:27:30,756 [INFO] PluginManager:220 - loadIPPluginJar : add tsc
2023-05-31 23:27:30,759 [INFO] IPUIPlugin:80 - create IPUIPlugin
2023-05-31 23:27:30,759 [INFO] PluginManager:220 - loadIPPluginJar : add ucpd
2023-05-31 23:27:30,763 [INFO] IPUIPlugin:80 - create IPUIPlugin
2023-05-31 23:27:30,763 [INFO] PluginManager:220 - loadIPPluginJar : add usart
2023-05-31 23:27:30,767 [INFO] IPUIPlugin:80 - create IPUIPlugin
2023-05-31 23:27:30,767 [INFO] PluginManager:220 - loadIPPluginJar : add usbx
2023-05-31 23:27:30,913 [INFO] CADModel:165 - CPN selected for project level
2023-05-31 23:27:30,913 [INFO] CADModel:114 - Register for checkConnection events
2023-05-31 23:27:30,913 [FATAL] Updater:308 - Updater called before beeing initialized
2023-05-31 23:27:30,914 [ERROR] CADModel:125 - Updater not yet initialized, retry later 
2023-05-31 23:27:31,109 [INFO] CADModel:165 - CPN selected for project level
2023-05-31 23:27:31,109 [INFO] CADModel:114 - Register for checkConnection events
2023-05-31 23:27:31,109 [FATAL] Updater:308 - Updater called before beeing initialized
2023-05-31 23:27:31,109 [ERROR] CADModel:125 - Updater not yet initialized, retry later 
2023-05-31 23:27:31,113 [FATAL] Updater:308 - Updater called before beeing initialized
2023-05-31 23:27:31,279 [FATAL] Updater:308 - Updater called before beeing initialized
2023-05-31 23:27:31,285 [INFO] DbMcusAds:53 - JSON generation date=Tue Mar 07 09:50:55 CET 2023 (1678179055335)
2023-05-31 23:27:31,285 [FATAL] Updater:308 - Updater called before beeing initialized
2023-05-31 23:27:31,326 [WARN] DetailPanel:346 - Failed to get advertising image, set to default
2023-05-31 23:27:31,462 [FATAL] Updater:308 - Updater called before beeing initialized
2023-05-31 23:27:31,465 [FATAL] Updater:308 - Updater called before beeing initialized
2023-05-31 23:27:31,466 [FATAL] Updater:308 - Updater called before beeing initialized
2023-05-31 23:27:31,466 [WARN] DetailPanel:346 - Failed to get advertising image, set to default
2023-05-31 23:27:31,467 [FATAL] Updater:308 - Updater called before beeing initialized
2023-05-31 23:27:31,533 [ERROR] Updater:1120 - MainUpdater not yet initialized. External WinMGr cannot be set.
2023-05-31 23:27:31,537 [INFO] Updater:1056 - Updater Version found : 6.8.0
2023-05-31 23:27:31,566 [INFO] ApplicationProperties:184 - Using Application install path: C:\ST\STM32CubeIDE_1.12.0\STM32CubeIDE\plugins\com.st.stm32cube.common.mx_6.8.0.202302231600
2023-05-31 23:27:32,053 [INFO] MainUpdater:2854 - connection check result : 10
2023-05-31 23:27:32,053 [INFO] MainUpdater:3548 - Updater definition file requires update
2023-05-31 23:27:32,054 [INFO] MainUpdater:283 - Updater Check For Update Now.
2023-05-31 23:27:32,054 [INFO] MicroXplorer:498 - Change Database Version : DB.6.0.80
2023-05-31 23:27:32,154 [INFO] ServerAccessManage:473 - Download File updaters.zip
2023-05-31 23:27:32,297 [INFO] FileExtend:240 - Unzip File : updaters.zip
2023-05-31 23:27:32,298 [INFO] FileExtend:255 - Standard Zip Deflate
2023-05-31 23:27:32,666 [INFO] ServerAccessManage:473 - Download File PacksControlFlags.xml
2023-05-31 23:27:32,778 [INFO] ServerAccessManage:473 - Download File cubemx.pidx
2023-05-31 23:27:32,865 [WARN] MainUpdater:1187 - Updater busy. Cannot search thirdparties
2023-05-31 23:27:32,866 [INFO] ThirdPartyUpdaterWithRetryManager:96 - Updater plugin is busy. [1/15]
2023-05-31 23:27:33,159 [INFO] ServerAccessManage:473 - Download File STMicroelectronics.FP-SNS-FLIGHT1.pdsc
2023-05-31 23:27:33,418 [INFO] ServerAccessManage:473 - Download File STMicroelectronics.FP-SNS-MOTENV1.pdsc
2023-05-31 23:27:34,328 [INFO] ServerAccessManage:473 - Download File STMicroelectronics.X-CUBE-AZRTOS-L4.pdsc
2023-05-31 23:27:34,815 [INFO] ServerAccessManage:473 - Download File STMicroelectronics.X-CUBE-AZRTOS-WL.pdsc
2023-05-31 23:27:35,018 [ERROR] ServerAccessManage:1089 - Problem, file not found on Server
2023-05-31 23:27:35,196 [WARN] PackLoader:240 - Cannot read IP mode file for STMicroelectronics.FP-SNS-FLIGHT1.5.0.1
2023-05-31 23:27:35,201 [ERROR] RealEvaluatedCondition:428 - Found unsupported composite condition: GROUP='STM32_MetaDataManager' CLASS='Data Exchange'
2023-05-31 23:27:35,201 [ERROR] RealEvaluatedCondition:428 - Found unsupported composite condition: GROUP='STM32_MetaDataManager' CLASS='Data Exchange'
2023-05-31 23:27:35,202 [WARN] PackLoader:240 - Cannot read IP mode file for STMicroelectronics.FP-SNS-MOTENV1.4.3.1
2023-05-31 23:27:35,237 [WARN] ConditionMgr:438 - getConditionDescription Invalid condition id : LAN8742 Phy interface Condition cause : null
2023-05-31 23:27:35,238 [WARN] PackLoader:240 - Cannot read IP mode file for STMicroelectronics.X-CUBE-AZRTOS-L4.2.0.0
2023-05-31 23:27:35,239 [WARN] ConditionMgr:1039 - genDependencies : Invalid condition id : LAN8742 Phy interface Condition cause : null
2023-05-31 23:27:35,240 [WARN] ConditionMgr:1039 - genDependencies : Invalid condition id : LAN8742 Phy interface Condition cause : null
2023-05-31 23:27:35,241 [WARN] ConditionMgr:1039 - genDependencies : Invalid condition id : LAN8742 Phy interface Condition cause : null
