2023-03-27 23:26:06,861 [INFO] Gpio:273 - dependency for GPIO []
2023-03-27 23:27:52,022 [INFO] NvicIntPanel:101 - NVIC parent = com.st.microxplorer.plugins.ip.nvic.MultiNvicIntPanel[,0,0,482x410,layout=javax.swing.BoxLayout,alignmentX=0.0,alignmentY=0.0,border=,flags=9,maximumSize=,minimumSize=,preferredSize=]
2023-03-27 23:38:23,897 [WARN] IP:2113 - CMSIS_VERSION not found: check if there is a RefParameter without a condition.
2023-03-27 23:38:23,928 [WARN] IP:2113 - CMSIS_VERSION not found: check if there is a RefParameter without a condition.
2023-03-27 23:38:24,073 [WARN] IP:2113 - CMSIS_VERSION not found: check if there is a RefParameter without a condition.
2023-03-27 23:39:41,121 [WARN] IP:2113 - CMSIS_VERSION not found: check if there is a RefParameter without a condition.
2023-03-27 23:39:41,155 [WARN] IP:2113 - CMSIS_VERSION not found: check if there is a RefParameter without a condition.
2023-03-27 23:39:41,330 [WARN] IP:2113 - CMSIS_VERSION not found: check if there is a RefParameter without a condition.
2023-03-27 23:40:07,765 [WARN] IP:2113 - CMSIS_VERSION not found: check if there is a RefParameter without a condition.
2023-03-27 23:40:07,795 [WARN] IP:2113 - CMSIS_VERSION not found: check if there is a RefParameter without a condition.
2023-03-27 23:40:07,881 [WARN] IP:2113 - CMSIS_VERSION not found: check if there is a RefParameter without a condition.
2023-03-27 23:40:16,884 [WARN] IP:2113 - CMSIS_VERSION not found: check if there is a RefParameter without a condition.
2023-03-27 23:40:16,906 [WARN] IP:2113 - CMSIS_VERSION not found: check if there is a RefParameter without a condition.
2023-03-27 23:40:16,979 [WARN] IP:2113 - CMSIS_VERSION not found: check if there is a RefParameter without a condition.
2023-03-27 23:40:24,704 [WARN] IP:2113 - CMSIS_VERSION not found: check if there is a RefParameter without a condition.
2023-03-27 23:40:24,724 [WARN] IP:2113 - CMSIS_VERSION not found: check if there is a RefParameter without a condition.
2023-03-27 23:40:24,779 [WARN] IP:2113 - CMSIS_VERSION not found: check if there is a RefParameter without a condition.
2023-03-27 23:40:39,401 [WARN] IP:2113 - CMSIS_VERSION not found: check if there is a RefParameter without a condition.
2023-03-27 23:40:39,447 [WARN] IP:2113 - CMSIS_VERSION not found: check if there is a RefParameter without a condition.
2023-03-27 23:40:39,502 [WARN] IP:2113 - CMSIS_VERSION not found: check if there is a RefParameter without a condition.
2023-03-27 23:40:39,556 [WARN] IP:2113 - CMSIS_VERSION not found: check if there is a RefParameter without a condition.
2023-03-27 23:42:27,252 [WARN] IP:2113 - CMSIS_VERSION not found: check if there is a RefParameter without a condition.
2023-03-27 23:42:27,306 [WARN] IP:2113 - CMSIS_VERSION not found: check if there is a RefParameter without a condition.
2023-03-27 23:42:27,352 [WARN] IP:2113 - CMSIS_VERSION not found: check if there is a RefParameter without a condition.
2023-03-27 23:42:27,386 [WARN] IP:2113 - CMSIS_VERSION not found: check if there is a RefParameter without a condition.
2023-03-27 23:44:19,104 [INFO] UtilMem:75 - End SaveConfig() Used Memory: 373703928 Bytes (713031680)
2023-03-27 23:44:19,201 [INFO] UtilMem:75 - End SaveConfig() Used Memory: 399175312 Bytes (713031680)
2023-03-27 23:44:19,788 [INFO] UtilMem:75 - End SaveConfig() Used Memory: 307643640 Bytes (713031680)
2023-03-27 23:44:20,001 [INFO] ProjectBuilder:2318 - IP not ready for code generation: LWIP
2023-03-27 23:44:20,001 [INFO] ProjectBuilder:2308 - IP not ready for code generation: Clock
2023-03-27 23:44:44,687 [WARN] IP:2113 - CMSIS_VERSION not found: check if there is a RefParameter without a condition.
2023-03-27 23:44:52,100 [WARN] IP:2113 - CMSIS_VERSION not found: check if there is a RefParameter without a condition.
2023-03-27 23:44:52,123 [WARN] IP:2113 - CMSIS_VERSION not found: check if there is a RefParameter without a condition.
2023-03-27 23:44:52,169 [WARN] IP:2113 - CMSIS_VERSION not found: check if there is a RefParameter without a condition.
2023-03-27 23:44:52,277 [WARN] IP:2113 - CMSIS_VERSION not found: check if there is a RefParameter without a condition.
2023-03-27 23:44:56,886 [INFO] BspModel:203 - createCodeInput : Driver_PHY Template : 6 IPName :  IPMode :  Component : LAN8742 Solution : LAN8742 InstanceName : 
2023-03-27 23:44:56,893 [WARN] IP:2113 - CMSIS_VERSION not found: check if there is a RefParameter without a condition.
2023-03-27 23:44:56,922 [WARN] IP:2113 - CMSIS_VERSION not found: check if there is a RefParameter without a condition.
2023-03-27 23:44:56,989 [WARN] IP:2113 - CMSIS_VERSION not found: check if there is a RefParameter without a condition.
2023-03-27 23:44:57,114 [WARN] IP:2113 - CMSIS_VERSION not found: check if there is a RefParameter without a condition.
2023-03-27 23:45:08,227 [INFO] UtilMem:75 - End SaveConfig() Used Memory: 376309472 Bytes (713031680)
2023-03-27 23:45:08,326 [INFO] UtilMem:75 - End SaveConfig() Used Memory: 401475280 Bytes (713031680)
2023-03-27 23:45:08,853 [INFO] UtilMem:75 - End SaveConfig() Used Memory: 443226352 Bytes (713031680)
2023-03-27 23:45:09,079 [INFO] ProjectBuilder:2308 - IP not ready for code generation: Clock
2023-03-27 23:45:15,901 [INFO] BlockDiagram:2759 - set Specific Code input for plugin: RCC
2023-03-27 23:45:15,901 [INFO] BlockDiagram:2759 - set Specific Code input for plugin: NVIC
2023-03-27 23:45:15,901 [INFO] BlockDiagram:2759 - set Specific Code input for plugin: LWIP
2023-03-27 23:45:15,901 [INFO] BlockDiagram:2759 - set Specific Code input for plugin: GPIO
2023-03-27 23:45:15,902 [INFO] BlockDiagram:2759 - set Specific Code input for plugin: ETH
2023-03-27 23:45:15,905 [INFO] CodeGenerator:793 - code generatio: config db path: C:\ST\STM32CubeIDE_1.12.0\STM32CubeIDE\plugins\com.st.stm32cube.common.mx_6.8.0.202302231600\\db\
2023-03-27 23:45:15,911 [WARN] IP:2113 - CMSIS_VERSION not found: check if there is a RefParameter without a condition.
2023-03-27 23:45:16,108 [INFO] CodeEngine:255 - oldGeneratedFile, C:\Users\jerzstaN\STM32CubeIDE\workspace\HelloWorld\MXTmpFiles\license.tmp_save
2023-03-27 23:45:16,180 [INFO] CodeEngine:279 - Generated code: C:\Users\jerzstaN\STM32CubeIDE\workspace\HelloWorld\MXTmpFiles\license.tmp
2023-03-27 23:45:16,300 [INFO] CodeEngine:255 - oldGeneratedFile, C:\Users\jerzstaN\STM32CubeIDE\workspace\HelloWorld\MXTmpFiles\gpio.tmp_save
2023-03-27 23:45:16,366 [INFO] CodeEngine:279 - Generated code: C:\Users\jerzstaN\STM32CubeIDE\workspace\HelloWorld\MXTmpFiles\gpio.tmp
2023-03-27 23:45:16,466 [INFO] CodeEngine:255 - oldGeneratedFile, C:\Users\jerzstaN\STM32CubeIDE\workspace\HelloWorld\MXTmpFiles\eth_vars.tmp_save
2023-03-27 23:45:16,525 [INFO] CodeEngine:279 - Generated code: C:\Users\jerzstaN\STM32CubeIDE\workspace\HelloWorld\MXTmpFiles\eth_vars.tmp
2023-03-27 23:45:16,530 [INFO] CodeEngine:255 - oldGeneratedFile, C:\Users\jerzstaN\STM32CubeIDE\workspace\HelloWorld\MXTmpFiles\eth_inc.tmp_save
2023-03-27 23:45:16,580 [INFO] CodeEngine:279 - Generated code: C:\Users\jerzstaN\STM32CubeIDE\workspace\HelloWorld\MXTmpFiles\eth_inc.tmp
2023-03-27 23:45:16,587 [INFO] CodeEngine:255 - oldGeneratedFile, C:\Users\jerzstaN\STM32CubeIDE\workspace\HelloWorld\MXTmpFiles\eth_HalInit.tmp_save
2023-03-27 23:45:16,649 [INFO] CodeEngine:279 - Generated code: C:\Users\jerzstaN\STM32CubeIDE\workspace\HelloWorld\MXTmpFiles\eth_HalInit.tmp
2023-03-27 23:45:16,658 [INFO] CodeEngine:255 - oldGeneratedFile, C:\Users\jerzstaN\STM32CubeIDE\workspace\HelloWorld\MXTmpFiles\eth_Msp.tmp_save
2023-03-27 23:45:16,727 [INFO] CodeEngine:279 - Generated code: C:\Users\jerzstaN\STM32CubeIDE\workspace\HelloWorld\MXTmpFiles\eth_Msp.tmp
2023-03-27 23:45:16,820 [INFO] Middleware:1439 - No code input for Bsp Dependency
2023-03-27 23:45:16,844 [INFO] CodeEngine:255 - oldGeneratedFile, C:\Users\jerzstaN\STM32CubeIDE\workspace\HelloWorld\MXTmpFiles\cortex.tmp_save
2023-03-27 23:45:16,892 [INFO] CodeEngine:279 - Generated code: C:\Users\jerzstaN\STM32CubeIDE\workspace\HelloWorld\MXTmpFiles\cortex.tmp
2023-03-27 23:45:16,903 [INFO] Middleware:1439 - No code input for Bsp Dependency
2023-03-27 23:45:16,932 [INFO] CodeEngine:255 - oldGeneratedFile, C:\Users\jerzstaN\STM32CubeIDE\workspace\HelloWorld\LWIP\App\lwip.c_save
2023-03-27 23:45:17,022 [INFO] CodeEngine:279 - Generated code: C:\Users\jerzstaN\STM32CubeIDE\workspace\HelloWorld\LWIP\App\lwip.c
2023-03-27 23:45:17,028 [INFO] CodeEngine:255 - oldGeneratedFile, C:\Users\jerzstaN\STM32CubeIDE\workspace\HelloWorld\LWIP\App\lwip.h_save
2023-03-27 23:45:17,098 [INFO] CodeEngine:279 - Generated code: C:\Users\jerzstaN\STM32CubeIDE\workspace\HelloWorld\LWIP\App\lwip.h
2023-03-27 23:45:17,110 [INFO] CodeEngine:255 - oldGeneratedFile, C:\Users\jerzstaN\STM32CubeIDE\workspace\HelloWorld\LWIP\Target\lwipopts.h_save
2023-03-27 23:45:17,300 [INFO] CodeEngine:279 - Generated code: C:\Users\jerzstaN\STM32CubeIDE\workspace\HelloWorld\LWIP\Target\lwipopts.h
2023-03-27 23:45:17,311 [INFO] CodeEngine:255 - oldGeneratedFile, C:\Users\jerzstaN\STM32CubeIDE\workspace\HelloWorld\LWIP\Target\ethernetif.c_save
2023-03-27 23:45:17,394 [INFO] CodeEngine:279 - Generated code: C:\Users\jerzstaN\STM32CubeIDE\workspace\HelloWorld\LWIP\Target\ethernetif.c
2023-03-27 23:45:17,400 [INFO] CodeEngine:255 - oldGeneratedFile, C:\Users\jerzstaN\STM32CubeIDE\workspace\HelloWorld\LWIP\Target\ethernetif.h_save
2023-03-27 23:45:17,489 [INFO] CodeEngine:279 - Generated code: C:\Users\jerzstaN\STM32CubeIDE\workspace\HelloWorld\LWIP\Target\ethernetif.h
2023-03-27 23:45:17,509 [INFO] CodeEngine:255 - oldGeneratedFile, C:\Users\jerzstaN\STM32CubeIDE\workspace\HelloWorld\Core\Src\stm32f7xx_it.c_save
2023-03-27 23:45:17,637 [INFO] CodeEngine:279 - Generated code: C:\Users\jerzstaN\STM32CubeIDE\workspace\HelloWorld\Core\Src\stm32f7xx_it.c
2023-03-27 23:45:17,649 [INFO] CodeEngine:255 - oldGeneratedFile, C:\Users\jerzstaN\STM32CubeIDE\workspace\HelloWorld\Core\Inc\stm32f7xx_it.h_save
2023-03-27 23:45:17,709 [INFO] CodeEngine:279 - Generated code: C:\Users\jerzstaN\STM32CubeIDE\workspace\HelloWorld\Core\Inc\stm32f7xx_it.h
2023-03-27 23:45:17,758 [INFO] CodeEngine:255 - oldGeneratedFile, C:\Users\jerzstaN\STM32CubeIDE\workspace\HelloWorld\Core\Src\stm32f7xx_hal_msp.c_save
2023-03-27 23:45:17,827 [INFO] CodeEngine:279 - Generated code: C:\Users\jerzstaN\STM32CubeIDE\workspace\HelloWorld\Core\Src\stm32f7xx_hal_msp.c
2023-03-27 23:45:17,833 [INFO] CodeEngine:255 - oldGeneratedFile, C:\Users\jerzstaN\STM32CubeIDE\workspace\HelloWorld\MXTmpFiles\system.tmp_save
2023-03-27 23:45:17,880 [INFO] CodeEngine:279 - Generated code: C:\Users\jerzstaN\STM32CubeIDE\workspace\HelloWorld\MXTmpFiles\system.tmp
2023-03-27 23:45:17,900 [INFO] CodeEngine:311 - oldGeneratedFile, C:\Users\jerzstaN\STM32CubeIDE\workspace\HelloWorld\Core\Inc\stm32f7xx_hal_conf.h_save
2023-03-27 23:45:17,967 [INFO] CodeEngine:335 - Generated code: C:\Users\jerzstaN\STM32CubeIDE\workspace\HelloWorld\Core\Inc\stm32f7xx_hal_conf.h
2023-03-27 23:45:18,007 [INFO] CodeEngine:255 - oldGeneratedFile, C:\Users\jerzstaN\STM32CubeIDE\workspace\HelloWorld\Core\Inc\main.h_save
2023-03-27 23:45:18,076 [INFO] CodeEngine:279 - Generated code: C:\Users\jerzstaN\STM32CubeIDE\workspace\HelloWorld\Core\Inc\main.h
2023-03-27 23:45:18,089 [INFO] CodeEngine:255 - oldGeneratedFile, C:\Users\jerzstaN\STM32CubeIDE\workspace\HelloWorld\Core\Src\main.c_save
2023-03-27 23:45:18,184 [INFO] CodeEngine:279 - Generated code: C:\Users\jerzstaN\STM32CubeIDE\workspace\HelloWorld\Core\Src\main.c
2023-03-27 23:45:19,876 [INFO] ProjectBuilder:2996 - Time for Copy HAL[1] : 1119mS.
2023-03-27 23:45:19,888 [INFO] ProjectBuilder:4304 - Project Generator version: 3.19.2
2023-03-27 23:45:20,174 [INFO] ConfigFileManager:1483 - The Die is : DIE451
2023-03-27 23:45:21,830 [INFO] ProjectBuilder:4505 - Time for Generating toolchain IDE Files: 1943mS.
2023-03-27 23:45:21,831 [INFO] ProjectBuilder:2867 - Time for Copy CMSIS : 1mS.
2023-03-27 23:45:21,866 [INFO] ProjectBuilder:2867 - Time for Copy CMSIS : 0mS.
