2023-06-09 23:28:07,145 [INFO] UtilMem:75 - End SaveConfig() Used Memory: 896194424 Bytes (1073741824)
2023-06-09 23:28:07,377 [INFO] UtilMem:75 - End SaveConfig() Used Memory: 654639480 Bytes (1073741824)
2023-06-09 23:28:10,259 [INFO] UtilMem:75 - End SaveConfig() Used Memory: 885097088 Bytes (1073741824)
2023-06-09 23:28:10,634 [INFO] BlockDiagram:2759 - set Specific Code input for plugin: FREERTOS
2023-06-09 23:28:10,634 [INFO] BlockDiagram:2759 - set Specific Code input for plugin: SYS
2023-06-09 23:28:10,634 [INFO] BlockDiagram:2759 - set Specific Code input for plugin: RCC
2023-06-09 23:28:10,634 [INFO] BlockDiagram:2759 - set Specific Code input for plugin: NVIC
2023-06-09 23:28:10,634 [INFO] BlockDiagram:2759 - set Specific Code input for plugin: LWIP
2023-06-09 23:28:10,634 [INFO] BlockDiagram:2759 - set Specific Code input for plugin: CORTEX_M7
2023-06-09 23:28:10,634 [INFO] BlockDiagram:2759 - set Specific Code input for plugin: GPIO
2023-06-09 23:28:10,634 [INFO] BlockDiagram:2759 - set Specific Code input for plugin: ETH
2023-06-09 23:28:10,638 [INFO] CodeGenerator:793 - code generatio: config db path: C:\ST\STM32CubeIDE_1.12.0\STM32CubeIDE\plugins\com.st.stm32cube.common.mx_6.8.0.202302231600\\db\
2023-06-09 23:28:10,898 [INFO] CodeEngine:255 - oldGeneratedFile, C:\Users\jerzstaN\STM32CubeIDE\workspace\HelloWorld\MXTmpFiles\license.tmp_save
2023-06-09 23:28:10,974 [INFO] CodeEngine:279 - Generated code: C:\Users\jerzstaN\STM32CubeIDE\workspace\HelloWorld\MXTmpFiles\license.tmp
2023-06-09 23:28:11,049 [INFO] CodeEngine:255 - oldGeneratedFile, C:\Users\jerzstaN\STM32CubeIDE\workspace\HelloWorld\MXTmpFiles\gpio.tmp_save
2023-06-09 23:28:11,110 [INFO] CodeEngine:279 - Generated code: C:\Users\jerzstaN\STM32CubeIDE\workspace\HelloWorld\MXTmpFiles\gpio.tmp
2023-06-09 23:28:11,200 [INFO] CodeEngine:255 - oldGeneratedFile, C:\Users\jerzstaN\STM32CubeIDE\workspace\HelloWorld\MXTmpFiles\eth_vars.tmp_save
2023-06-09 23:28:11,275 [INFO] CodeEngine:279 - Generated code: C:\Users\jerzstaN\STM32CubeIDE\workspace\HelloWorld\MXTmpFiles\eth_vars.tmp
2023-06-09 23:28:11,275 [INFO] CodeEngine:255 - oldGeneratedFile, C:\Users\jerzstaN\STM32CubeIDE\workspace\HelloWorld\MXTmpFiles\eth_inc.tmp_save
2023-06-09 23:28:11,351 [INFO] CodeEngine:279 - Generated code: C:\Users\jerzstaN\STM32CubeIDE\workspace\HelloWorld\MXTmpFiles\eth_inc.tmp
2023-06-09 23:28:11,357 [INFO] CodeEngine:255 - oldGeneratedFile, C:\Users\jerzstaN\STM32CubeIDE\workspace\HelloWorld\MXTmpFiles\eth_HalInit.tmp_save
2023-06-09 23:28:11,428 [INFO] CodeEngine:279 - Generated code: C:\Users\jerzstaN\STM32CubeIDE\workspace\HelloWorld\MXTmpFiles\eth_HalInit.tmp
2023-06-09 23:28:11,446 [INFO] CodeEngine:255 - oldGeneratedFile, C:\Users\jerzstaN\STM32CubeIDE\workspace\HelloWorld\MXTmpFiles\eth_Msp.tmp_save
2023-06-09 23:28:11,510 [INFO] CodeEngine:279 - Generated code: C:\Users\jerzstaN\STM32CubeIDE\workspace\HelloWorld\MXTmpFiles\eth_Msp.tmp
2023-06-09 23:28:11,702 [INFO] Middleware:1439 - No code input for Bsp Dependency
2023-06-09 23:28:11,719 [INFO] CodeEngine:255 - oldGeneratedFile, C:\Users\jerzstaN\STM32CubeIDE\workspace\HelloWorld\MXTmpFiles\rtos_inc.tmp_save
2023-06-09 23:28:11,785 [INFO] CodeEngine:279 - Generated code: C:\Users\jerzstaN\STM32CubeIDE\workspace\HelloWorld\MXTmpFiles\rtos_inc.tmp
2023-06-09 23:28:11,793 [INFO] CodeEngine:255 - oldGeneratedFile, C:\Users\jerzstaN\STM32CubeIDE\workspace\HelloWorld\MXTmpFiles\rtos_vars.tmp_save
2023-06-09 23:28:11,825 [INFO] CodeEngine:279 - Generated code: C:\Users\jerzstaN\STM32CubeIDE\workspace\HelloWorld\MXTmpFiles\rtos_vars.tmp
2023-06-09 23:28:11,825 [INFO] CodeEngine:255 - oldGeneratedFile, C:\Users\jerzstaN\STM32CubeIDE\workspace\HelloWorld\MXTmpFiles\rtos_pfp.tmp_save
2023-06-09 23:28:11,873 [INFO] CodeEngine:279 - Generated code: C:\Users\jerzstaN\STM32CubeIDE\workspace\HelloWorld\MXTmpFiles\rtos_pfp.tmp
2023-06-09 23:28:11,873 [INFO] CodeEngine:255 - oldGeneratedFile, C:\Users\jerzstaN\STM32CubeIDE\workspace\HelloWorld\MXTmpFiles\rtos_obj_creat.tmp_save
2023-06-09 23:28:11,931 [INFO] CodeEngine:279 - Generated code: C:\Users\jerzstaN\STM32CubeIDE\workspace\HelloWorld\MXTmpFiles\rtos_obj_creat.tmp
2023-06-09 23:28:11,939 [INFO] CodeEngine:255 - oldGeneratedFile, C:\Users\jerzstaN\STM32CubeIDE\workspace\HelloWorld\MXTmpFiles\rtos_kernelStart.tmp_save
2023-06-09 23:28:11,981 [INFO] CodeEngine:279 - Generated code: C:\Users\jerzstaN\STM32CubeIDE\workspace\HelloWorld\MXTmpFiles\rtos_kernelStart.tmp
2023-06-09 23:28:11,996 [INFO] CodeEngine:255 - oldGeneratedFile, C:\Users\jerzstaN\STM32CubeIDE\workspace\HelloWorld\MXTmpFiles\rtos_default_thread.tmp_save
2023-06-09 23:28:12,028 [INFO] CodeEngine:279 - Generated code: C:\Users\jerzstaN\STM32CubeIDE\workspace\HelloWorld\MXTmpFiles\rtos_default_thread.tmp
2023-06-09 23:28:12,044 [INFO] CodeEngine:255 - oldGeneratedFile, C:\Users\jerzstaN\STM32CubeIDE\workspace\HelloWorld\MXTmpFiles\rtos_threads.tmp_save
2023-06-09 23:28:12,077 [INFO] CodeEngine:279 - Generated code: C:\Users\jerzstaN\STM32CubeIDE\workspace\HelloWorld\MXTmpFiles\rtos_threads.tmp
2023-06-09 23:28:12,093 [INFO] Middleware:1439 - No code input for Bsp Dependency
2023-06-09 23:28:12,093 [INFO] Middleware:1439 - No code input for Bsp Dependency
2023-06-09 23:28:12,115 [INFO] CodeEngine:255 - oldGeneratedFile, C:\Users\jerzstaN\STM32CubeIDE\workspace\HelloWorld\MXTmpFiles\rtos_inc.tmp_save
2023-06-09 23:28:12,160 [INFO] CodeEngine:279 - Generated code: C:\Users\jerzstaN\STM32CubeIDE\workspace\HelloWorld\MXTmpFiles\rtos_inc.tmp
2023-06-09 23:28:12,166 [INFO] CodeEngine:255 - oldGeneratedFile, C:\Users\jerzstaN\STM32CubeIDE\workspace\HelloWorld\MXTmpFiles\rtos_vars.tmp_save
2023-06-09 23:28:12,209 [INFO] CodeEngine:279 - Generated code: C:\Users\jerzstaN\STM32CubeIDE\workspace\HelloWorld\MXTmpFiles\rtos_vars.tmp
2023-06-09 23:28:12,220 [INFO] CodeEngine:255 - oldGeneratedFile, C:\Users\jerzstaN\STM32CubeIDE\workspace\HelloWorld\MXTmpFiles\rtos_pfp.tmp_save
2023-06-09 23:28:12,272 [INFO] CodeEngine:279 - Generated code: C:\Users\jerzstaN\STM32CubeIDE\workspace\HelloWorld\MXTmpFiles\rtos_pfp.tmp
2023-06-09 23:28:12,282 [INFO] CodeEngine:255 - oldGeneratedFile, C:\Users\jerzstaN\STM32CubeIDE\workspace\HelloWorld\MXTmpFiles\rtos_obj_creat.tmp_save
2023-06-09 23:28:12,346 [INFO] CodeEngine:279 - Generated code: C:\Users\jerzstaN\STM32CubeIDE\workspace\HelloWorld\MXTmpFiles\rtos_obj_creat.tmp
2023-06-09 23:28:12,358 [INFO] CodeEngine:255 - oldGeneratedFile, C:\Users\jerzstaN\STM32CubeIDE\workspace\HelloWorld\MXTmpFiles\rtos_kernelStart.tmp_save
2023-06-09 23:28:12,412 [INFO] CodeEngine:279 - Generated code: C:\Users\jerzstaN\STM32CubeIDE\workspace\HelloWorld\MXTmpFiles\rtos_kernelStart.tmp
2023-06-09 23:28:12,420 [INFO] CodeEngine:255 - oldGeneratedFile, C:\Users\jerzstaN\STM32CubeIDE\workspace\HelloWorld\MXTmpFiles\rtos_default_thread.tmp_save
2023-06-09 23:28:12,478 [INFO] CodeEngine:279 - Generated code: C:\Users\jerzstaN\STM32CubeIDE\workspace\HelloWorld\MXTmpFiles\rtos_default_thread.tmp
2023-06-09 23:28:12,478 [INFO] CodeEngine:255 - oldGeneratedFile, C:\Users\jerzstaN\STM32CubeIDE\workspace\HelloWorld\MXTmpFiles\rtos_threads.tmp_save
2023-06-09 23:28:12,527 [INFO] CodeEngine:279 - Generated code: C:\Users\jerzstaN\STM32CubeIDE\workspace\HelloWorld\MXTmpFiles\rtos_threads.tmp
2023-06-09 23:28:12,543 [INFO] CodeEngine:255 - oldGeneratedFile, C:\Users\jerzstaN\STM32CubeIDE\workspace\HelloWorld\Core\Inc\FreeRTOSConfig.h_save
2023-06-09 23:28:12,608 [INFO] CodeEngine:279 - Generated code: C:\Users\jerzstaN\STM32CubeIDE\workspace\HelloWorld\Core\Inc\FreeRTOSConfig.h
2023-06-09 23:28:12,608 [INFO] CodeEngine:255 - oldGeneratedFile, C:\Users\jerzstaN\STM32CubeIDE\workspace\HelloWorld\Core\Src\freertos.c_save
2023-06-09 23:28:12,699 [INFO] CodeEngine:279 - Generated code: C:\Users\jerzstaN\STM32CubeIDE\workspace\HelloWorld\Core\Src\freertos.c
2023-06-09 23:28:12,708 [INFO] CodeEngine:255 - oldGeneratedFile, C:\Users\jerzstaN\STM32CubeIDE\workspace\HelloWorld\MXTmpFiles\cortex.tmp_save
2023-06-09 23:28:12,773 [INFO] CodeEngine:279 - Generated code: C:\Users\jerzstaN\STM32CubeIDE\workspace\HelloWorld\MXTmpFiles\cortex.tmp
2023-06-09 23:28:12,782 [INFO] Middleware:1439 - No code input for Bsp Dependency
2023-06-09 23:28:12,798 [INFO] CodeEngine:255 - oldGeneratedFile, C:\Users\jerzstaN\STM32CubeIDE\workspace\HelloWorld\LWIP\App\lwip.c_save
2023-06-09 23:28:12,855 [INFO] CodeEngine:279 - Generated code: C:\Users\jerzstaN\STM32CubeIDE\workspace\HelloWorld\LWIP\App\lwip.c
2023-06-09 23:28:12,855 [INFO] CodeEngine:255 - oldGeneratedFile, C:\Users\jerzstaN\STM32CubeIDE\workspace\HelloWorld\LWIP\App\lwip.h_save
2023-06-09 23:28:12,919 [INFO] CodeEngine:279 - Generated code: C:\Users\jerzstaN\STM32CubeIDE\workspace\HelloWorld\LWIP\App\lwip.h
2023-06-09 23:28:12,919 [INFO] CodeEngine:255 - oldGeneratedFile, C:\Users\jerzstaN\STM32CubeIDE\workspace\HelloWorld\LWIP\Target\lwipopts.h_save
2023-06-09 23:28:13,064 [INFO] CodeEngine:279 - Generated code: C:\Users\jerzstaN\STM32CubeIDE\workspace\HelloWorld\LWIP\Target\lwipopts.h
2023-06-09 23:28:13,144 [INFO] CodeEngine:255 - oldGeneratedFile, C:\Users\jerzstaN\STM32CubeIDE\workspace\HelloWorld\LWIP\Target\ethernetif.c_save
2023-06-09 23:28:13,226 [INFO] CodeEngine:279 - Generated code: C:\Users\jerzstaN\STM32CubeIDE\workspace\HelloWorld\LWIP\Target\ethernetif.c
2023-06-09 23:28:13,237 [INFO] CodeEngine:255 - oldGeneratedFile, C:\Users\jerzstaN\STM32CubeIDE\workspace\HelloWorld\LWIP\Target\ethernetif.h_save
2023-06-09 23:28:13,316 [INFO] CodeEngine:279 - Generated code: C:\Users\jerzstaN\STM32CubeIDE\workspace\HelloWorld\LWIP\Target\ethernetif.h
2023-06-09 23:28:13,346 [INFO] CodeEngine:255 - oldGeneratedFile, C:\Users\jerzstaN\STM32CubeIDE\workspace\HelloWorld\Core\Src\stm32f7xx_it.c_save
2023-06-09 23:28:13,500 [INFO] CodeEngine:279 - Generated code: C:\Users\jerzstaN\STM32CubeIDE\workspace\HelloWorld\Core\Src\stm32f7xx_it.c
2023-06-09 23:28:13,509 [INFO] CodeEngine:255 - oldGeneratedFile, C:\Users\jerzstaN\STM32CubeIDE\workspace\HelloWorld\Core\Inc\stm32f7xx_it.h_save
2023-06-09 23:28:13,539 [INFO] CodeEngine:279 - Generated code: C:\Users\jerzstaN\STM32CubeIDE\workspace\HelloWorld\Core\Inc\stm32f7xx_it.h
2023-06-09 23:28:13,570 [INFO] CodeEngine:255 - oldGeneratedFile, C:\Users\jerzstaN\STM32CubeIDE\workspace\HelloWorld\Core\Src\stm32f7xx_hal_msp.c_save
2023-06-09 23:28:13,658 [INFO] CodeEngine:279 - Generated code: C:\Users\jerzstaN\STM32CubeIDE\workspace\HelloWorld\Core\Src\stm32f7xx_hal_msp.c
2023-06-09 23:28:13,674 [INFO] CodeEngine:255 - oldGeneratedFile, C:\Users\jerzstaN\STM32CubeIDE\workspace\HelloWorld\MXTmpFiles\system.tmp_save
2023-06-09 23:28:13,707 [INFO] CodeEngine:279 - Generated code: C:\Users\jerzstaN\STM32CubeIDE\workspace\HelloWorld\MXTmpFiles\system.tmp
2023-06-09 23:28:13,722 [INFO] CodeEngine:255 - oldGeneratedFile, C:\Users\jerzstaN\STM32CubeIDE\workspace\HelloWorld\Core\Src\stm32f7xx_hal_timebase_tim.c_save
2023-06-09 23:28:13,782 [INFO] CodeEngine:279 - Generated code: C:\Users\jerzstaN\STM32CubeIDE\workspace\HelloWorld\Core\Src\stm32f7xx_hal_timebase_tim.c
2023-06-09 23:28:13,799 [INFO] CodeEngine:311 - oldGeneratedFile, C:\Users\jerzstaN\STM32CubeIDE\workspace\HelloWorld\Core\Inc\stm32f7xx_hal_conf.h_save
2023-06-09 23:28:13,874 [INFO] CodeEngine:335 - Generated code: C:\Users\jerzstaN\STM32CubeIDE\workspace\HelloWorld\Core\Inc\stm32f7xx_hal_conf.h
2023-06-09 23:28:13,908 [INFO] CodeEngine:255 - oldGeneratedFile, C:\Users\jerzstaN\STM32CubeIDE\workspace\HelloWorld\Core\Inc\main.h_save
2023-06-09 23:28:13,969 [INFO] CodeEngine:279 - Generated code: C:\Users\jerzstaN\STM32CubeIDE\workspace\HelloWorld\Core\Inc\main.h
2023-06-09 23:28:13,985 [INFO] CodeEngine:255 - oldGeneratedFile, C:\Users\jerzstaN\STM32CubeIDE\workspace\HelloWorld\Core\Src\main.c_save
2023-06-09 23:28:14,075 [INFO] CodeEngine:279 - Generated code: C:\Users\jerzstaN\STM32CubeIDE\workspace\HelloWorld\Core\Src\main.c
2023-06-09 23:28:16,220 [INFO] ProjectBuilder:2996 - Time for Copy HAL[1] : 1545mS.
2023-06-09 23:28:16,231 [INFO] ProjectBuilder:4304 - Project Generator version: 3.19.2
2023-06-09 23:28:16,573 [INFO] ConfigFileManager:1483 - The Die is : DIE451
2023-06-09 23:28:18,575 [INFO] ProjectBuilder:4505 - Time for Generating toolchain IDE Files: 2344mS.
2023-06-09 23:28:18,590 [INFO] ProjectBuilder:2867 - Time for Copy CMSIS : 15mS.
2023-06-09 23:28:18,630 [INFO] ProjectBuilder:2867 - Time for Copy CMSIS : 0mS.
2023-06-09 23:36:08,658 [INFO] UtilMem:75 - End SaveConfig() Used Memory: 893258128 Bytes (1073741824)
2023-06-09 23:36:08,823 [INFO] UtilMem:75 - End SaveConfig() Used Memory: 652137264 Bytes (1073741824)
2023-06-09 23:36:09,545 [INFO] UtilMem:75 - End SaveConfig() Used Memory: 662919232 Bytes (1073741824)
2023-06-09 23:36:09,983 [INFO] BlockDiagram:2759 - set Specific Code input for plugin: FREERTOS
2023-06-09 23:36:09,983 [INFO] BlockDiagram:2759 - set Specific Code input for plugin: SYS
2023-06-09 23:36:09,983 [INFO] BlockDiagram:2759 - set Specific Code input for plugin: RCC
2023-06-09 23:36:09,983 [INFO] BlockDiagram:2759 - set Specific Code input for plugin: RTC
2023-06-09 23:36:09,983 [INFO] BlockDiagram:2759 - set Specific Code input for plugin: NVIC
2023-06-09 23:36:09,983 [INFO] BlockDiagram:2759 - set Specific Code input for plugin: LWIP
2023-06-09 23:36:09,983 [INFO] BlockDiagram:2759 - set Specific Code input for plugin: CORTEX_M7
2023-06-09 23:36:09,984 [INFO] BlockDiagram:2759 - set Specific Code input for plugin: GPIO
2023-06-09 23:36:09,984 [INFO] BlockDiagram:2759 - set Specific Code input for plugin: ETH
2023-06-09 23:36:09,986 [INFO] CodeGenerator:793 - code generatio: config db path: C:\ST\STM32CubeIDE_1.12.0\STM32CubeIDE\plugins\com.st.stm32cube.common.mx_6.8.0.202302231600\\db\
2023-06-09 23:36:10,293 [INFO] CodeEngine:255 - oldGeneratedFile, C:\Users\jerzstaN\STM32CubeIDE\workspace\HelloWorld\MXTmpFiles\license.tmp_save
2023-06-09 23:36:10,376 [INFO] CodeEngine:279 - Generated code: C:\Users\jerzstaN\STM32CubeIDE\workspace\HelloWorld\MXTmpFiles\license.tmp
2023-06-09 23:36:10,400 [INFO] CodeEngine:255 - oldGeneratedFile, C:\Users\jerzstaN\STM32CubeIDE\workspace\HelloWorld\MXTmpFiles\gpio.tmp_save
2023-06-09 23:36:10,476 [INFO] CodeEngine:279 - Generated code: C:\Users\jerzstaN\STM32CubeIDE\workspace\HelloWorld\MXTmpFiles\gpio.tmp
2023-06-09 23:36:10,525 [INFO] CodeEngine:255 - oldGeneratedFile, C:\Users\jerzstaN\STM32CubeIDE\workspace\HelloWorld\MXTmpFiles\eth_vars.tmp_save
2023-06-09 23:36:10,605 [INFO] CodeEngine:279 - Generated code: C:\Users\jerzstaN\STM32CubeIDE\workspace\HelloWorld\MXTmpFiles\eth_vars.tmp
2023-06-09 23:36:10,605 [INFO] CodeEngine:255 - oldGeneratedFile, C:\Users\jerzstaN\STM32CubeIDE\workspace\HelloWorld\MXTmpFiles\eth_inc.tmp_save
2023-06-09 23:36:10,676 [INFO] CodeEngine:279 - Generated code: C:\Users\jerzstaN\STM32CubeIDE\workspace\HelloWorld\MXTmpFiles\eth_inc.tmp
2023-06-09 23:36:10,676 [INFO] CodeEngine:255 - oldGeneratedFile, C:\Users\jerzstaN\STM32CubeIDE\workspace\HelloWorld\MXTmpFiles\eth_HalInit.tmp_save
2023-06-09 23:36:10,757 [INFO] CodeEngine:279 - Generated code: C:\Users\jerzstaN\STM32CubeIDE\workspace\HelloWorld\MXTmpFiles\eth_HalInit.tmp
2023-06-09 23:36:10,757 [INFO] CodeEngine:255 - oldGeneratedFile, C:\Users\jerzstaN\STM32CubeIDE\workspace\HelloWorld\MXTmpFiles\eth_Msp.tmp_save
2023-06-09 23:36:10,814 [INFO] CodeEngine:279 - Generated code: C:\Users\jerzstaN\STM32CubeIDE\workspace\HelloWorld\MXTmpFiles\eth_Msp.tmp
2023-06-09 23:36:10,970 [INFO] Middleware:1439 - No code input for Bsp Dependency
2023-06-09 23:36:10,977 [INFO] CodeEngine:255 - oldGeneratedFile, C:\Users\jerzstaN\STM32CubeIDE\workspace\HelloWorld\MXTmpFiles\rtos_inc.tmp_save
2023-06-09 23:36:11,019 [INFO] CodeEngine:279 - Generated code: C:\Users\jerzstaN\STM32CubeIDE\workspace\HelloWorld\MXTmpFiles\rtos_inc.tmp
2023-06-09 23:36:11,019 [INFO] CodeEngine:255 - oldGeneratedFile, C:\Users\jerzstaN\STM32CubeIDE\workspace\HelloWorld\MXTmpFiles\rtos_vars.tmp_save
2023-06-09 23:36:11,060 [INFO] CodeEngine:279 - Generated code: C:\Users\jerzstaN\STM32CubeIDE\workspace\HelloWorld\MXTmpFiles\rtos_vars.tmp
2023-06-09 23:36:11,060 [INFO] CodeEngine:255 - oldGeneratedFile, C:\Users\jerzstaN\STM32CubeIDE\workspace\HelloWorld\MXTmpFiles\rtos_pfp.tmp_save
2023-06-09 23:36:11,108 [INFO] CodeEngine:279 - Generated code: C:\Users\jerzstaN\STM32CubeIDE\workspace\HelloWorld\MXTmpFiles\rtos_pfp.tmp
2023-06-09 23:36:11,108 [INFO] CodeEngine:255 - oldGeneratedFile, C:\Users\jerzstaN\STM32CubeIDE\workspace\HelloWorld\MXTmpFiles\rtos_obj_creat.tmp_save
2023-06-09 23:36:11,162 [INFO] CodeEngine:279 - Generated code: C:\Users\jerzstaN\STM32CubeIDE\workspace\HelloWorld\MXTmpFiles\rtos_obj_creat.tmp
2023-06-09 23:36:11,162 [INFO] CodeEngine:255 - oldGeneratedFile, C:\Users\jerzstaN\STM32CubeIDE\workspace\HelloWorld\MXTmpFiles\rtos_kernelStart.tmp_save
2023-06-09 23:36:11,216 [INFO] CodeEngine:279 - Generated code: C:\Users\jerzstaN\STM32CubeIDE\workspace\HelloWorld\MXTmpFiles\rtos_kernelStart.tmp
2023-06-09 23:36:11,220 [INFO] CodeEngine:255 - oldGeneratedFile, C:\Users\jerzstaN\STM32CubeIDE\workspace\HelloWorld\MXTmpFiles\rtos_default_thread.tmp_save
2023-06-09 23:36:11,264 [INFO] CodeEngine:279 - Generated code: C:\Users\jerzstaN\STM32CubeIDE\workspace\HelloWorld\MXTmpFiles\rtos_default_thread.tmp
2023-06-09 23:36:11,269 [INFO] CodeEngine:255 - oldGeneratedFile, C:\Users\jerzstaN\STM32CubeIDE\workspace\HelloWorld\MXTmpFiles\rtos_threads.tmp_save
2023-06-09 23:36:11,312 [INFO] CodeEngine:279 - Generated code: C:\Users\jerzstaN\STM32CubeIDE\workspace\HelloWorld\MXTmpFiles\rtos_threads.tmp
2023-06-09 23:36:11,322 [INFO] Middleware:1439 - No code input for Bsp Dependency
2023-06-09 23:36:11,322 [INFO] Middleware:1439 - No code input for Bsp Dependency
2023-06-09 23:36:11,338 [INFO] CodeEngine:255 - oldGeneratedFile, C:\Users\jerzstaN\STM32CubeIDE\workspace\HelloWorld\MXTmpFiles\rtos_inc.tmp_save
2023-06-09 23:36:11,377 [INFO] CodeEngine:279 - Generated code: C:\Users\jerzstaN\STM32CubeIDE\workspace\HelloWorld\MXTmpFiles\rtos_inc.tmp
2023-06-09 23:36:11,387 [INFO] CodeEngine:255 - oldGeneratedFile, C:\Users\jerzstaN\STM32CubeIDE\workspace\HelloWorld\MXTmpFiles\rtos_vars.tmp_save
2023-06-09 23:36:11,420 [INFO] CodeEngine:279 - Generated code: C:\Users\jerzstaN\STM32CubeIDE\workspace\HelloWorld\MXTmpFiles\rtos_vars.tmp
2023-06-09 23:36:11,436 [INFO] CodeEngine:255 - oldGeneratedFile, C:\Users\jerzstaN\STM32CubeIDE\workspace\HelloWorld\MXTmpFiles\rtos_pfp.tmp_save
2023-06-09 23:36:11,483 [INFO] CodeEngine:279 - Generated code: C:\Users\jerzstaN\STM32CubeIDE\workspace\HelloWorld\MXTmpFiles\rtos_pfp.tmp
2023-06-09 23:36:11,483 [INFO] CodeEngine:255 - oldGeneratedFile, C:\Users\jerzstaN\STM32CubeIDE\workspace\HelloWorld\MXTmpFiles\rtos_obj_creat.tmp_save
2023-06-09 23:36:11,537 [INFO] CodeEngine:279 - Generated code: C:\Users\jerzstaN\STM32CubeIDE\workspace\HelloWorld\MXTmpFiles\rtos_obj_creat.tmp
2023-06-09 23:36:11,537 [INFO] CodeEngine:255 - oldGeneratedFile, C:\Users\jerzstaN\STM32CubeIDE\workspace\HelloWorld\MXTmpFiles\rtos_kernelStart.tmp_save
2023-06-09 23:36:11,594 [INFO] CodeEngine:279 - Generated code: C:\Users\jerzstaN\STM32CubeIDE\workspace\HelloWorld\MXTmpFiles\rtos_kernelStart.tmp
2023-06-09 23:36:11,594 [INFO] CodeEngine:255 - oldGeneratedFile, C:\Users\jerzstaN\STM32CubeIDE\workspace\HelloWorld\MXTmpFiles\rtos_default_thread.tmp_save
2023-06-09 23:36:11,648 [INFO] CodeEngine:279 - Generated code: C:\Users\jerzstaN\STM32CubeIDE\workspace\HelloWorld\MXTmpFiles\rtos_default_thread.tmp
2023-06-09 23:36:11,650 [INFO] CodeEngine:255 - oldGeneratedFile, C:\Users\jerzstaN\STM32CubeIDE\workspace\HelloWorld\MXTmpFiles\rtos_threads.tmp_save
2023-06-09 23:36:11,700 [INFO] CodeEngine:279 - Generated code: C:\Users\jerzstaN\STM32CubeIDE\workspace\HelloWorld\MXTmpFiles\rtos_threads.tmp
2023-06-09 23:36:11,716 [INFO] CodeEngine:255 - oldGeneratedFile, C:\Users\jerzstaN\STM32CubeIDE\workspace\HelloWorld\Core\Inc\FreeRTOSConfig.h_save
2023-06-09 23:36:11,785 [INFO] CodeEngine:279 - Generated code: C:\Users\jerzstaN\STM32CubeIDE\workspace\HelloWorld\Core\Inc\FreeRTOSConfig.h
2023-06-09 23:36:11,795 [INFO] CodeEngine:255 - oldGeneratedFile, C:\Users\jerzstaN\STM32CubeIDE\workspace\HelloWorld\Core\Src\freertos.c_save
2023-06-09 23:36:11,853 [INFO] CodeEngine:279 - Generated code: C:\Users\jerzstaN\STM32CubeIDE\workspace\HelloWorld\Core\Src\freertos.c
2023-06-09 23:36:11,858 [INFO] CodeEngine:255 - oldGeneratedFile, C:\Users\jerzstaN\STM32CubeIDE\workspace\HelloWorld\MXTmpFiles\cortex.tmp_save
2023-06-09 23:36:11,920 [INFO] CodeEngine:279 - Generated code: C:\Users\jerzstaN\STM32CubeIDE\workspace\HelloWorld\MXTmpFiles\cortex.tmp
2023-06-09 23:36:11,937 [INFO] Middleware:1439 - No code input for Bsp Dependency
2023-06-09 23:36:11,969 [INFO] CodeEngine:255 - oldGeneratedFile, C:\Users\jerzstaN\STM32CubeIDE\workspace\HelloWorld\LWIP\App\lwip.c_save
2023-06-09 23:36:12,050 [INFO] CodeEngine:279 - Generated code: C:\Users\jerzstaN\STM32CubeIDE\workspace\HelloWorld\LWIP\App\lwip.c
2023-06-09 23:36:12,050 [INFO] CodeEngine:255 - oldGeneratedFile, C:\Users\jerzstaN\STM32CubeIDE\workspace\HelloWorld\LWIP\App\lwip.h_save
2023-06-09 23:36:12,172 [INFO] CodeEngine:279 - Generated code: C:\Users\jerzstaN\STM32CubeIDE\workspace\HelloWorld\LWIP\App\lwip.h
2023-06-09 23:36:12,184 [INFO] CodeEngine:255 - oldGeneratedFile, C:\Users\jerzstaN\STM32CubeIDE\workspace\HelloWorld\LWIP\Target\lwipopts.h_save
2023-06-09 23:36:12,321 [INFO] CodeEngine:279 - Generated code: C:\Users\jerzstaN\STM32CubeIDE\workspace\HelloWorld\LWIP\Target\lwipopts.h
2023-06-09 23:36:12,322 [INFO] CodeEngine:255 - oldGeneratedFile, C:\Users\jerzstaN\STM32CubeIDE\workspace\HelloWorld\LWIP\Target\ethernetif.c_save
2023-06-09 23:36:12,402 [INFO] CodeEngine:279 - Generated code: C:\Users\jerzstaN\STM32CubeIDE\workspace\HelloWorld\LWIP\Target\ethernetif.c
2023-06-09 23:36:12,418 [INFO] CodeEngine:255 - oldGeneratedFile, C:\Users\jerzstaN\STM32CubeIDE\workspace\HelloWorld\LWIP\Target\ethernetif.h_save
2023-06-09 23:36:12,466 [INFO] CodeEngine:279 - Generated code: C:\Users\jerzstaN\STM32CubeIDE\workspace\HelloWorld\LWIP\Target\ethernetif.h
2023-06-09 23:36:12,482 [INFO] CodeEngine:255 - oldGeneratedFile, C:\Users\jerzstaN\STM32CubeIDE\workspace\HelloWorld\Core\Src\stm32f7xx_it.c_save
2023-06-09 23:36:12,581 [INFO] CodeEngine:279 - Generated code: C:\Users\jerzstaN\STM32CubeIDE\workspace\HelloWorld\Core\Src\stm32f7xx_it.c
2023-06-09 23:36:12,597 [INFO] CodeEngine:255 - oldGeneratedFile, C:\Users\jerzstaN\STM32CubeIDE\workspace\HelloWorld\Core\Inc\stm32f7xx_it.h_save
2023-06-09 23:36:12,658 [INFO] CodeEngine:279 - Generated code: C:\Users\jerzstaN\STM32CubeIDE\workspace\HelloWorld\Core\Inc\stm32f7xx_it.h
2023-06-09 23:36:12,679 [INFO] CodeEngine:255 - oldGeneratedFile, C:\Users\jerzstaN\STM32CubeIDE\workspace\HelloWorld\Core\Src\stm32f7xx_hal_msp.c_save
2023-06-09 23:36:12,746 [INFO] CodeEngine:279 - Generated code: C:\Users\jerzstaN\STM32CubeIDE\workspace\HelloWorld\Core\Src\stm32f7xx_hal_msp.c
2023-06-09 23:36:12,755 [INFO] CodeEngine:255 - oldGeneratedFile, C:\Users\jerzstaN\STM32CubeIDE\workspace\HelloWorld\MXTmpFiles\system.tmp_save
2023-06-09 23:36:12,804 [INFO] CodeEngine:279 - Generated code: C:\Users\jerzstaN\STM32CubeIDE\workspace\HelloWorld\MXTmpFiles\system.tmp
2023-06-09 23:36:12,804 [INFO] CodeEngine:255 - oldGeneratedFile, C:\Users\jerzstaN\STM32CubeIDE\workspace\HelloWorld\Core\Src\stm32f7xx_hal_timebase_tim.c_save
2023-06-09 23:36:12,853 [INFO] CodeEngine:279 - Generated code: C:\Users\jerzstaN\STM32CubeIDE\workspace\HelloWorld\Core\Src\stm32f7xx_hal_timebase_tim.c
2023-06-09 23:36:12,879 [INFO] CodeEngine:311 - oldGeneratedFile, C:\Users\jerzstaN\STM32CubeIDE\workspace\HelloWorld\Core\Inc\stm32f7xx_hal_conf.h_save
2023-06-09 23:36:12,933 [INFO] CodeEngine:335 - Generated code: C:\Users\jerzstaN\STM32CubeIDE\workspace\HelloWorld\Core\Inc\stm32f7xx_hal_conf.h
2023-06-09 23:36:12,965 [INFO] CodeEngine:255 - oldGeneratedFile, C:\Users\jerzstaN\STM32CubeIDE\workspace\HelloWorld\Core\Inc\main.h_save
2023-06-09 23:36:13,027 [INFO] CodeEngine:279 - Generated code: C:\Users\jerzstaN\STM32CubeIDE\workspace\HelloWorld\Core\Inc\main.h
2023-06-09 23:36:13,043 [INFO] CodeEngine:255 - oldGeneratedFile, C:\Users\jerzstaN\STM32CubeIDE\workspace\HelloWorld\Core\Src\main.c_save
2023-06-09 23:36:13,140 [INFO] CodeEngine:279 - Generated code: C:\Users\jerzstaN\STM32CubeIDE\workspace\HelloWorld\Core\Src\main.c
2023-06-09 23:36:14,965 [INFO] ProjectBuilder:2996 - Time for Copy HAL[1] : 1409mS.
2023-06-09 23:36:14,982 [INFO] ProjectBuilder:4304 - Project Generator version: 3.19.2
2023-06-09 23:36:15,215 [INFO] ConfigFileManager:1483 - The Die is : DIE451
2023-06-09 23:36:17,210 [INFO] ProjectBuilder:4505 - Time for Generating toolchain IDE Files: 2228mS.
2023-06-09 23:36:17,212 [INFO] ProjectBuilder:2867 - Time for Copy CMSIS : 1mS.
2023-06-09 23:36:17,254 [INFO] ProjectBuilder:2867 - Time for Copy CMSIS : 0mS.
