2023-05-18 18:18:17,231 [INFO] ApplicationProperties:184 - Using Application install path: C:\ST\STM32CubeIDE_1.12.0\STM32CubeIDE\plugins\com.st.stm32cube.common.mx_6.8.0.202302231600
2023-05-18 18:18:17,277 [INFO] DbMcusXml:78 - Set database path to: C:\ST\STM32CubeIDE_1.12.0\STM32CubeIDE\plugins\com.st.stm32cube.common.mx_6.8.0.202302231600\\db\/mcu/
2023-05-18 18:18:17,277 [INFO] ApiDb:274 - Set plugin database path to: C:\ST\STM32CubeIDE_1.12.0\STM32CubeIDE\plugins\com.st.stm32cube.common.mx_6.8.0.202302231600\\db\/plugins/boardmanager/
2023-05-18 18:18:17,280 [WARN] ApiDb:259 - Overriding images path with different value:  => C:\ST\STM32CubeIDE_1.12.0\STM32CubeIDE\plugins\com.st.stm32cube.common.mx_6.8.0.202302231600\\db\/plugins/mcufinder/images/
2023-05-18 18:18:17,301 [INFO] ApiDb:250 - Set database path to: C:\Users\jerzstaN\.stmcufinder\plugins\mcufinder//mcu/
2023-05-18 18:18:17,304 [INFO] DbMcusAds:125 - Set database path to: C:\Users\jerzstaN\.stmcufinder\plugins\mcufinder//mcu/
2023-05-18 18:18:17,675 [INFO] CrossReferenceDbSqlite:203 - Set database path to: C:\Users\jerzstaN\.stmcufinder\plugins\mcufinder//mcu/cs/
2023-05-18 18:18:17,829 [INFO] RulesReader:64 - Compatibility file has been processed (293 Rules)
2023-05-18 18:18:17,966 [INFO] DbMcusXml:78 - Set database path to: C:\ST\STM32CubeIDE_1.12.0\STM32CubeIDE\plugins\com.st.stm32cube.common.mx_6.8.0.202302231600\\db\/mcu/
2023-05-18 18:18:17,967 [INFO] ApiDb:274 - Set plugin database path to: C:\ST\STM32CubeIDE_1.12.0\STM32CubeIDE\plugins\com.st.stm32cube.common.mx_6.8.0.202302231600\\db\/plugins/boardmanager/
2023-05-18 18:18:17,967 [INFO] ApiDb:261 - Set plugin images path to: C:\ST\STM32CubeIDE_1.12.0\STM32CubeIDE\plugins\com.st.stm32cube.common.mx_6.8.0.202302231600\\db\/plugins/mcufinder/images/
2023-05-18 18:18:17,967 [WARN] DbFile:41 - Overriding database path with different value: C:\Users\jerzstaN\.stmcufinder\plugins\mcufinder/ => C:\Users\jerzstaN\.stmcufinder\plugins\mcufinder
2023-05-18 18:18:17,967 [INFO] ApiDb:250 - Set database path to: C:\Users\jerzstaN\.stmcufinder\plugins\mcufinder//mcu/
2023-05-18 18:18:17,967 [WARN] DbFile:41 - Overriding database path with different value: C:\Users\jerzstaN\.stmcufinder\plugins\mcufinder/ => C:\Users\jerzstaN\.stmcufinder\plugins\mcufinder
2023-05-18 18:18:17,967 [INFO] DbMcusAds:125 - Set database path to: C:\Users\jerzstaN\.stmcufinder\plugins\mcufinder//mcu/
2023-05-18 18:18:17,967 [WARN] DbFile:41 - Overriding database path with different value: C:\Users\jerzstaN\.stmcufinder\plugins\mcufinder/ => C:\Users\jerzstaN\.stmcufinder\plugins\mcufinder
2023-05-18 18:18:17,967 [WARN] DbFile:41 - Overriding database path with different value: C:\Users\jerzstaN\.stmcufinder\plugins\mcufinder/ => C:\Users\jerzstaN\.stmcufinder\plugins\mcufinder
2023-05-18 18:18:17,968 [INFO] CrossReferenceDbSqlite:203 - Set database path to: C:\Users\jerzstaN\.stmcufinder\plugins\mcufinder//mcu/cs/
2023-05-18 18:18:18,085 [INFO] MainPanel:253 - HeapMemory: 664797184
2023-05-18 18:18:18,245 [INFO] DbMcusXml:78 - Set database path to: C:\ST\STM32CubeIDE_1.12.0\STM32CubeIDE\plugins\com.st.stm32cube.common.mx_6.8.0.202302231600\\db\/mcu/
2023-05-18 18:18:18,245 [INFO] ApiDb:274 - Set plugin database path to: C:\ST\STM32CubeIDE_1.12.0\STM32CubeIDE\plugins\com.st.stm32cube.common.mx_6.8.0.202302231600\\db\/plugins/boardmanager/
2023-05-18 18:18:18,245 [INFO] ApiDb:261 - Set plugin images path to: C:\ST\STM32CubeIDE_1.12.0\STM32CubeIDE\plugins\com.st.stm32cube.common.mx_6.8.0.202302231600\\db\/plugins/mcufinder/images/
2023-05-18 18:18:18,246 [WARN] DbFile:41 - Overriding database path with different value: C:\Users\jerzstaN\.stmcufinder\plugins\mcufinder/ => C:\Users\jerzstaN\.stmcufinder\plugins\mcufinder
2023-05-18 18:18:18,246 [INFO] ApiDb:250 - Set database path to: C:\Users\jerzstaN\.stmcufinder\plugins\mcufinder//mcu/
2023-05-18 18:18:18,246 [WARN] DbFile:41 - Overriding database path with different value: C:\Users\jerzstaN\.stmcufinder\plugins\mcufinder/ => C:\Users\jerzstaN\.stmcufinder\plugins\mcufinder
2023-05-18 18:18:18,247 [INFO] DbMcusAds:125 - Set database path to: C:\Users\jerzstaN\.stmcufinder\plugins\mcufinder//mcu/
2023-05-18 18:18:18,247 [WARN] DbFile:41 - Overriding database path with different value: C:\Users\jerzstaN\.stmcufinder\plugins\mcufinder/ => C:\Users\jerzstaN\.stmcufinder\plugins\mcufinder
2023-05-18 18:18:18,247 [WARN] DbFile:41 - Overriding database path with different value: C:\Users\jerzstaN\.stmcufinder\plugins\mcufinder/ => C:\Users\jerzstaN\.stmcufinder\plugins\mcufinder
2023-05-18 18:18:18,247 [INFO] CrossReferenceDbSqlite:203 - Set database path to: C:\Users\jerzstaN\.stmcufinder\plugins\mcufinder//mcu/cs/
2023-05-18 18:18:18,278 [INFO] ApplicationProperties:184 - Using Application install path: C:\ST\STM32CubeIDE_1.12.0\STM32CubeIDE\plugins\com.st.stm32cube.common.mx_6.8.0.202302231600
2023-05-18 18:18:18,281 [INFO] PluginManage:196 - Search for loadable plugins [exclusion list=, ]
2023-05-18 18:18:18,283 [INFO] PluginManage:310 - Check plugin analytics
2023-05-18 18:18:18,512 [INFO] AnalyticsPlugin:253 - Accepted Software Licenses: 
2023-05-18 18:18:18,512 [INFO] AnalyticsPlugin:255 - Accepted CMSIS Pack Licenses: 
2023-05-18 18:18:18,513 [INFO] AnalyticsPlugin:257 - Accepted Firmware Licenses: FW.F7.1.17.0
2023-05-18 18:18:18,517 [INFO] PluginManage:359 - Loaded plugin analytics (category:tool,tabindex:-1)
2023-05-18 18:18:18,518 [INFO] PluginManage:310 - Check plugin cadmodel
2023-05-18 18:18:18,530 [INFO] CADModel:105 - Init CAD model plugin
2023-05-18 18:18:18,531 [INFO] PluginManage:359 - Loaded plugin cadmodel (category:power,tabindex:5)
2023-05-18 18:18:18,531 [INFO] PluginManage:310 - Check plugin clock
2023-05-18 18:18:18,548 [INFO] PluginManage:359 - Loaded plugin clock (category:base,tabindex:2)
2023-05-18 18:18:18,548 [INFO] PluginManage:310 - Check plugin ddr
2023-05-18 18:18:18,553 [INFO] PluginManage:359 - Loaded plugin ddr (category:tool,tabindex:6)
2023-05-18 18:18:18,554 [INFO] PluginManage:310 - Check plugin filemanager
2023-05-18 18:18:18,763 [INFO] PluginManage:359 - Loaded plugin filemanager (category:base,tabindex:10)
2023-05-18 18:18:18,764 [INFO] PluginManage:310 - Check plugin ipmanager
2023-05-18 18:18:18,779 [INFO] PluginManage:359 - Loaded plugin ipmanager (category:base,tabindex:5)
2023-05-18 18:18:18,779 [INFO] PluginManage:310 - Check plugin lpbam
2023-05-18 18:18:18,795 [INFO] PluginManage:359 - Loaded plugin lpbam (category:base,tabindex:0)
2023-05-18 18:18:18,796 [INFO] PluginManage:310 - Check plugin pinoutandconfiguration
2023-05-18 18:18:18,808 [INFO] PluginManage:359 - Loaded plugin pinoutandconfiguration (category:base,tabindex:1)
2023-05-18 18:18:18,809 [INFO] PluginManage:310 - Check plugin pinoutconfig
2023-05-18 18:18:18,949 [WARN] SupportedApi:132 - Cannot load RTOS API schema: s4s-elt-must-match.1: The content of 'definitions' must match (annotation?, (simpleType | complexType)?, (unique | key | keyref)*)). A problem was found starting at: attribute.
2023-05-18 18:18:19,160 [INFO] PluginManage:359 - Loaded plugin pinoutconfig (category:base,tabindex:0)
2023-05-18 18:18:19,160 [INFO] PluginManage:310 - Check plugin power
2023-05-18 18:18:19,176 [INFO] PluginManage:359 - Loaded plugin power (category:power,tabindex:4)
2023-05-18 18:18:19,177 [INFO] PluginManage:310 - Check plugin projectmanager
2023-05-18 18:18:19,205 [INFO] PluginManage:359 - Loaded plugin projectmanager (category:projectmanager,tabindex:3)
2023-05-18 18:18:19,206 [INFO] PluginManage:310 - Check plugin thirdparty
2023-05-18 18:18:19,385 [WARN] IntegrityCheckThread:84 - waiting for thirdparty lock release [integrity check]
2023-05-18 18:18:19,385 [INFO] PluginManage:359 - Loaded plugin thirdparty (category:base,tabindex:-1)
2023-05-18 18:18:19,385 [INFO] IntegrityCheckThread:86 - entering critical section [integrity check]
2023-05-18 18:18:19,385 [INFO] PluginManage:310 - Check plugin tools
2023-05-18 18:18:19,388 [INFO] ThirdPartyUpdaterWithRetryManager:70 - Updater plugin not ready yet. [1/15]
2023-05-18 18:18:19,391 [INFO] PluginManage:359 - Loaded plugin tools (category:base,tabindex:7)
2023-05-18 18:18:19,392 [INFO] PluginManage:310 - Check plugin tutovideos
2023-05-18 18:18:19,732 [INFO] PluginManage:359 - Loaded plugin tutovideos (category:base,tabindex:-1)
2023-05-18 18:18:19,733 [INFO] PluginManage:310 - Check plugin updater
2023-05-18 18:18:19,760 [INFO] PluginManage:359 - Loaded plugin updater (category:base,tabindex:12)
2023-05-18 18:18:19,760 [INFO] PluginManage:283 - PluginManage : Loaded plugins [15]
2023-05-18 18:18:20,128 [INFO] PinOutPanel:1499 - setPackage(No Configuration,No Configuration)
2023-05-18 18:18:20,229 [INFO] CADModel:165 - CPN selected for project level
2023-05-18 18:18:20,229 [INFO] CADModel:114 - Register for checkConnection events
2023-05-18 18:18:20,255 [INFO] IPUIPlugin:80 - create IPUIPlugin
2023-05-18 18:18:20,256 [INFO] PluginManager:220 - loadIPPluginJar : add adc
2023-05-18 18:18:20,260 [INFO] IPUIPlugin:80 - create IPUIPlugin
2023-05-18 18:18:20,260 [INFO] PluginManager:220 - loadIPPluginJar : add aes
2023-05-18 18:18:20,264 [INFO] IPUIPlugin:80 - create IPUIPlugin
2023-05-18 18:18:20,264 [INFO] PluginManager:220 - loadIPPluginJar : add can
2023-05-18 18:18:20,266 [INFO] IPUIPlugin:80 - create IPUIPlugin
2023-05-18 18:18:20,266 [INFO] PluginManager:220 - loadIPPluginJar : add comp
2023-05-18 18:18:20,271 [INFO] IPUIPlugin:80 - create IPUIPlugin
2023-05-18 18:18:20,272 [INFO] PluginManager:220 - loadIPPluginJar : add cryp
2023-05-18 18:18:20,276 [INFO] IPUIPlugin:80 - create IPUIPlugin
2023-05-18 18:18:20,276 [INFO] PluginManager:220 - loadIPPluginJar : add dfsdm
2023-05-18 18:18:20,283 [INFO] IPUIPlugin:80 - create IPUIPlugin
2023-05-18 18:18:20,284 [INFO] PluginManager:220 - loadIPPluginJar : add dma
2023-05-18 18:18:20,288 [INFO] IPUIPlugin:80 - create IPUIPlugin
2023-05-18 18:18:20,289 [INFO] PluginManager:220 - loadIPPluginJar : add dma3
2023-05-18 18:18:20,291 [INFO] IPUIPlugin:80 - create IPUIPlugin
2023-05-18 18:18:20,291 [INFO] PluginManager:220 - loadIPPluginJar : add fatfs
2023-05-18 18:18:20,298 [INFO] IPUIPlugin:80 - create IPUIPlugin
2023-05-18 18:18:20,298 [INFO] PluginManager:220 - loadIPPluginJar : add fmc
2023-05-18 18:18:20,307 [INFO] IPUIPlugin:80 - create IPUIPlugin
2023-05-18 18:18:20,307 [INFO] PluginManager:220 - loadIPPluginJar : add freertos
2023-05-18 18:18:20,310 [INFO] IPUIPlugin:80 - create IPUIPlugin
2023-05-18 18:18:20,310 [INFO] PluginManager:220 - loadIPPluginJar : add genericplugin
2023-05-18 18:18:20,313 [INFO] IPUIPlugin:80 - create IPUIPlugin
2023-05-18 18:18:20,313 [INFO] PluginManager:220 - loadIPPluginJar : add gfxmmu
2023-05-18 18:18:20,318 [INFO] IPUIPlugin:80 - create IPUIPlugin
2023-05-18 18:18:20,318 [INFO] PluginManager:220 - loadIPPluginJar : add gic
2023-05-18 18:18:20,327 [INFO] IPUIPlugin:80 - create IPUIPlugin
2023-05-18 18:18:20,327 [INFO] PluginManager:220 - loadIPPluginJar : add gpio
2023-05-18 18:18:20,331 [INFO] IPUIPlugin:80 - create IPUIPlugin
2023-05-18 18:18:20,331 [INFO] PluginManager:220 - loadIPPluginJar : add gtzc
2023-05-18 18:18:20,334 [INFO] IPUIPlugin:80 - create IPUIPlugin
2023-05-18 18:18:20,334 [INFO] PluginManager:220 - loadIPPluginJar : add hash
2023-05-18 18:18:20,339 [INFO] IPUIPlugin:80 - create IPUIPlugin
2023-05-18 18:18:20,339 [INFO] PluginManager:220 - loadIPPluginJar : add i2c
2023-05-18 18:18:20,344 [INFO] IPUIPlugin:80 - create IPUIPlugin
2023-05-18 18:18:20,344 [INFO] PluginManager:220 - loadIPPluginJar : add i2s
2023-05-18 18:18:20,348 [INFO] IPUIPlugin:80 - create IPUIPlugin
2023-05-18 18:18:20,348 [INFO] PluginManager:220 - loadIPPluginJar : add i3c
2023-05-18 18:18:20,354 [INFO] IPUIPlugin:80 - create IPUIPlugin
2023-05-18 18:18:20,355 [INFO] PluginManager:220 - loadIPPluginJar : add ipddr
2023-05-18 18:18:20,365 [INFO] IPUIPlugin:80 - create IPUIPlugin
2023-05-18 18:18:20,365 [INFO] PluginManager:220 - loadIPPluginJar : add linkedlist
2023-05-18 18:18:20,369 [INFO] IPUIPlugin:80 - create IPUIPlugin
2023-05-18 18:18:20,371 [INFO] PluginManager:220 - loadIPPluginJar : add lorawan
2023-05-18 18:18:20,374 [INFO] IPUIPlugin:80 - create IPUIPlugin
2023-05-18 18:18:20,374 [INFO] PluginManager:220 - loadIPPluginJar : add ltdc
2023-05-18 18:18:20,383 [INFO] IPUIPlugin:80 - create IPUIPlugin
2023-05-18 18:18:20,383 [INFO] PluginManager:220 - loadIPPluginJar : add mdma
2023-05-18 18:18:20,391 [INFO] IPUIPlugin:80 - create IPUIPlugin
2023-05-18 18:18:20,391 [INFO] PluginManager:220 - loadIPPluginJar : add nvic
2023-05-18 18:18:20,395 [INFO] IPUIPlugin:80 - create IPUIPlugin
2023-05-18 18:18:20,396 [INFO] PluginManager:220 - loadIPPluginJar : add opamp
2023-05-18 18:18:20,400 [INFO] IPUIPlugin:80 - create IPUIPlugin
2023-05-18 18:18:20,400 [INFO] PluginManager:220 - loadIPPluginJar : add openamp
2023-05-18 18:18:20,409 [INFO] IPUIPlugin:80 - create IPUIPlugin
2023-05-18 18:18:20,409 [INFO] PluginManager:220 - loadIPPluginJar : add pdm2pcm
2023-05-18 18:18:20,420 [INFO] IPUIPlugin:80 - create IPUIPlugin
2023-05-18 18:18:20,426 [INFO] PluginManager:220 - loadIPPluginJar : add plateformsettings
2023-05-18 18:18:20,429 [INFO] IPUIPlugin:80 - create IPUIPlugin
2023-05-18 18:18:20,429 [INFO] PluginManager:220 - loadIPPluginJar : add quadspi
2023-05-18 18:18:20,437 [INFO] IPUIPlugin:80 - create IPUIPlugin
2023-05-18 18:18:20,437 [INFO] PluginManager:220 - loadIPPluginJar : add resmgrutility
2023-05-18 18:18:20,443 [INFO] IPUIPlugin:80 - create IPUIPlugin
2023-05-18 18:18:20,443 [INFO] PluginManager:220 - loadIPPluginJar : add sai
2023-05-18 18:18:20,447 [INFO] IPUIPlugin:80 - create IPUIPlugin
2023-05-18 18:18:20,447 [INFO] PluginManager:220 - loadIPPluginJar : add spi
2023-05-18 18:18:20,457 [INFO] IPUIPlugin:80 - create IPUIPlugin
2023-05-18 18:18:20,457 [INFO] PluginManager:220 - loadIPPluginJar : add stm32_wpan
2023-05-18 18:18:20,461 [INFO] IPUIPlugin:80 - create IPUIPlugin
2023-05-18 18:18:20,462 [INFO] PluginManager:220 - loadIPPluginJar : add tim
2023-05-18 18:18:20,467 [INFO] IPUIPlugin:80 - create IPUIPlugin
2023-05-18 18:18:20,467 [INFO] PluginManager:220 - loadIPPluginJar : add touchsensing
2023-05-18 18:18:20,472 [INFO] IPUIPlugin:80 - create IPUIPlugin
2023-05-18 18:18:20,473 [INFO] PluginManager:220 - loadIPPluginJar : add tracer_emb
2023-05-18 18:18:20,476 [INFO] IPUIPlugin:80 - create IPUIPlugin
2023-05-18 18:18:20,476 [INFO] PluginManager:220 - loadIPPluginJar : add ts
2023-05-18 18:18:20,479 [INFO] IPUIPlugin:80 - create IPUIPlugin
2023-05-18 18:18:20,479 [INFO] PluginManager:220 - loadIPPluginJar : add tsc
2023-05-18 18:18:20,482 [INFO] IPUIPlugin:80 - create IPUIPlugin
2023-05-18 18:18:20,482 [INFO] PluginManager:220 - loadIPPluginJar : add ucpd
2023-05-18 18:18:20,488 [INFO] IPUIPlugin:80 - create IPUIPlugin
2023-05-18 18:18:20,488 [INFO] PluginManager:220 - loadIPPluginJar : add usart
2023-05-18 18:18:20,493 [INFO] IPUIPlugin:80 - create IPUIPlugin
2023-05-18 18:18:20,493 [INFO] PluginManager:220 - loadIPPluginJar : add usbx
2023-05-18 18:18:20,672 [INFO] CADModel:165 - CPN selected for project level
2023-05-18 18:18:20,672 [INFO] CADModel:114 - Register for checkConnection events
2023-05-18 18:18:20,673 [FATAL] Updater:308 - Updater called before beeing initialized
2023-05-18 18:18:20,674 [ERROR] CADModel:125 - Updater not yet initialized, retry later 
2023-05-18 18:18:20,961 [INFO] CADModel:165 - CPN selected for project level
2023-05-18 18:18:20,961 [INFO] CADModel:114 - Register for checkConnection events
2023-05-18 18:18:20,961 [FATAL] Updater:308 - Updater called before beeing initialized
2023-05-18 18:18:20,961 [ERROR] CADModel:125 - Updater not yet initialized, retry later 
2023-05-18 18:18:20,966 [FATAL] Updater:308 - Updater called before beeing initialized
2023-05-18 18:18:21,158 [FATAL] Updater:308 - Updater called before beeing initialized
2023-05-18 18:18:21,168 [INFO] DbMcusAds:53 - JSON generation date=Tue Mar 07 09:50:55 CET 2023 (1678179055335)
2023-05-18 18:18:21,168 [FATAL] Updater:308 - Updater called before beeing initialized
2023-05-18 18:18:21,228 [WARN] DetailPanel:346 - Failed to get advertising image, set to default
2023-05-18 18:18:21,412 [FATAL] Updater:308 - Updater called before beeing initialized
2023-05-18 18:18:21,415 [FATAL] Updater:308 - Updater called before beeing initialized
2023-05-18 18:18:21,416 [FATAL] Updater:308 - Updater called before beeing initialized
2023-05-18 18:18:21,416 [WARN] DetailPanel:346 - Failed to get advertising image, set to default
2023-05-18 18:18:21,417 [FATAL] Updater:308 - Updater called before beeing initialized
2023-05-18 18:18:21,477 [ERROR] Updater:1120 - MainUpdater not yet initialized. External WinMGr cannot be set.
2023-05-18 18:18:21,481 [INFO] Updater:1056 - Updater Version found : 6.8.0
2023-05-18 18:18:21,511 [INFO] ApplicationProperties:184 - Using Application install path: C:\ST\STM32CubeIDE_1.12.0\STM32CubeIDE\plugins\com.st.stm32cube.common.mx_6.8.0.202302231600
2023-05-18 18:18:21,914 [INFO] MainUpdater:2854 - connection check result : 10
2023-05-18 18:18:21,914 [INFO] MainUpdater:3548 - Updater definition file requires update
2023-05-18 18:18:21,915 [INFO] MainUpdater:283 - Updater Check For Update Now.
2023-05-18 18:18:21,916 [INFO] MicroXplorer:498 - Change Database Version : DB.6.0.80
2023-05-18 18:18:22,215 [INFO] ServerAccessManage:473 - Download File updaters.zip
2023-05-18 18:18:22,390 [WARN] MainUpdater:1187 - Updater busy. Cannot search thirdparties
2023-05-18 18:18:22,391 [INFO] ThirdPartyUpdaterWithRetryManager:96 - Updater plugin is busy. [1/15]
2023-05-18 18:18:24,534 [INFO] FileExtend:240 - Unzip File : updaters.zip
2023-05-18 18:18:24,534 [INFO] FileExtend:255 - Standard Zip Deflate
2023-05-18 18:18:25,111 [INFO] ServerAccessManage:473 - Download File PacksControlFlags.xml
2023-05-18 18:18:25,403 [WARN] MainUpdater:1187 - Updater busy. Cannot search thirdparties
2023-05-18 18:18:25,404 [INFO] ThirdPartyUpdaterWithRetryManager:96 - Updater plugin is busy. [2/15]
2023-05-18 18:18:25,872 [INFO] ServerAccessManage:473 - Download File cubemx.pidx
2023-05-18 18:18:26,410 [INFO] ServerAccessManage:473 - Download File STMicroelectronics.X-CUBE-AI.pdsc
2023-05-18 18:18:28,418 [WARN] MainUpdater:1187 - Updater busy. Cannot search thirdparties
2023-05-18 18:18:28,419 [INFO] ThirdPartyUpdaterWithRetryManager:96 - Updater plugin is busy. [3/15]
2023-05-18 18:18:28,431 [INFO] ServerAccessManage:473 - Download File STMicroelectronics.X-CUBE-TOUCHGFX.pdsc
2023-05-18 18:18:31,420 [WARN] MainUpdater:1187 - Updater busy. Cannot search thirdparties
2023-05-18 18:18:31,421 [INFO] ThirdPartyUpdaterWithRetryManager:96 - Updater plugin is busy. [4/15]
2023-05-18 18:18:31,542 [WARN] PackLoader:240 - Cannot read IP mode file for STMicroelectronics.X-CUBE-AI.8.0.1
2023-05-18 18:18:31,555 [WARN] PackLoader:240 - Cannot read IP mode file for STMicroelectronics.X-CUBE-TOUCHGFX.4.21.4
2023-05-18 18:18:31,557 [INFO] PopulateThirdPartyThread:66 - Ending populate Thread
2023-05-18 18:18:31,568 [INFO] ThirdParty:1030 - CMSIS Pack Vendor :STMicroelectronics X-CUBE-TOUCHGFX 4.21.4
2023-05-18 18:18:31,569 [INFO] ThirdParty:1030 - CMSIS Pack Vendor :STMicroelectronics X-CUBE-AI 8.0.1
2023-05-18 18:18:31,569 [INFO] LoadServerUpdatesThread:373 - End of LoadServerUpdate Thread
2023-05-18 18:18:31,695 [INFO] CheckServerUpdateThread:120 - End of CheckServer Thread
2023-05-18 18:18:31,824 [INFO] MainUpdater:2854 - connection check result : 10
2023-05-18 18:18:31,828 [INFO] MainUpdater:2854 - connection check result : 10
2023-05-18 18:18:31,985 [INFO] MicroXplorer:468 - Change Database Path : 
2023-05-18 18:18:31,986 [INFO] MicroXplorer:498 - Change Database Version : DB.6.0.80
2023-05-18 18:18:31,987 [WARN] ThirdParty:871 - waiting for thirdparty lock release [close project]
2023-05-18 18:18:34,625 [WARN] PackLoader:240 - Cannot read IP mode file for STMicroelectronics.X-CUBE-GNSS1.6.0.0
2023-05-18 18:18:34,661 [WARN] PackLoader:240 - Cannot read IP mode file for STMicroelectronics.X-CUBE-AZRTOS-F4.1.1.0
2023-05-18 18:18:34,677 [WARN] PackLoader:240 - Cannot read IP mode file for STMicroelectronics.X-CUBE-SMBUS.2.1.0
2023-05-18 18:18:34,702 [WARN] PackLoader:240 - Cannot read IP mode file for STMicroelectronics.X-CUBE-AZRTOS-F7.1.1.0
2023-05-18 18:18:34,776 [WARN] PackLoader:240 - Cannot read IP mode file for STMicroelectronics.X-CUBE-MEMS1.9.6.0
2023-05-18 18:18:34,955 [ERROR] RealEvaluatedCondition:428 - Found unsupported composite condition: GROUP='STM32_MetaDataManager' CLASS='Data Exchange'
2023-05-18 18:18:34,956 [ERROR] RealEvaluatedCondition:428 - Found unsupported composite condition: CLASS='Data Exchange' GROUP='STM32_MetaDataManager'
2023-05-18 18:18:34,958 [WARN] PackLoader:240 - Cannot read IP mode file for STMicroelectronics.FP-SNS-MOTENV1.4.3.0
2023-05-18 18:18:34,968 [WARN] PackLoader:240 - Cannot read IP mode file for STMicroelectronics.FP-SNS-FLIGHT1.5.0.0
2023-05-18 18:18:34,976 [WARN] PackLoader:240 - Cannot read IP mode file for STMicroelectronics.X-CUBE-BLE1.6.2.4
2023-05-18 18:18:34,991 [WARN] PackLoader:240 - Cannot read IP mode file for emotas.I-CUBE-CANOPEN.1.1.3
2023-05-18 18:18:35,002 [WARN] PackLoader:240 - Cannot read IP mode file for STMicroelectronics.X-CUBE-BLEMGR.2.0.0
2023-05-18 18:18:35,027 [WARN] ConditionMgr:438 - getConditionDescription Invalid condition id : UX DEVICE CLASS RTOS Condition cause : null
2023-05-18 18:18:35,028 [WARN] ConditionMgr:438 - getConditionDescription Invalid condition id : UX DEVICE CLASS RTOS Condition cause : null
2023-05-18 18:18:35,036 [WARN] PackLoader:240 - Cannot read IP mode file for STMicroelectronics.X-CUBE-AZRTOS-H7.3.1.0
2023-05-18 18:18:35,037 [WARN] ConditionMgr:1039 - genDependencies : Invalid condition id : UX DEVICE CLASS RTOS Condition cause : null
2023-05-18 18:18:35,037 [WARN] ConditionMgr:1039 - genDependencies : Invalid condition id : UX DEVICE CLASS RTOS Condition cause : null
2023-05-18 18:18:35,038 [WARN] ConditionMgr:1039 - genDependencies : Invalid condition id : UX DEVICE CLASS RTOS Condition cause : null
2023-05-18 18:18:35,039 [WARN] ConditionMgr:1039 - genDependencies : Invalid condition id : UX DEVICE CLASS RTOS Condition cause : null
2023-05-18 18:18:35,039 [WARN] ConditionMgr:1039 - genDependencies : Invalid condition id : UX DEVICE CLASS RTOS Condition cause : null
2023-05-18 18:18:35,051 [WARN] PackLoader:240 - Cannot read IP mode file for STMicroelectronics.X-CUBE-DISPLAY.3.0.0
2023-05-18 18:18:35,066 [WARN] PackLoader:240 - Cannot read IP mode file for wolfSSL.I-CUBE-wolfSSL.5.5.4
2023-05-18 18:18:35,074 [WARN] PackLoader:240 - Cannot read IP mode file for STMicroelectronics.X-CUBE-NFC7.1.0.0
2023-05-18 18:18:35,085 [WARN] PackLoader:240 - Cannot read IP mode file for STMicroelectronics.X-CUBE-EEPRMA1.4.1.0
2023-05-18 18:18:35,096 [WARN] PackLoader:240 - Cannot read IP mode file for WES.I-CUBE-Cesium.1.3.0
2023-05-18 18:18:35,107 [WARN] PackLoader:240 - Cannot read IP mode file for STMicroelectronics.X-CUBE-SFXS2LP1.4.0.0
2023-05-18 18:18:35,115 [WARN] PackLoader:240 - Cannot read IP mode file for STMicroelectronics.X-CUBE-BLE2.3.3.0
2023-05-18 18:18:35,136 [WARN] PackLoader:240 - Cannot read IP mode file for STMicroelectronics.X-CUBE-AZRTOS-H7.3.0.0
2023-05-18 18:18:35,148 [WARN] PackLoader:240 - Cannot read IP mode file for STMicroelectronics.X-CUBE-ISPU.1.1.0
2023-05-18 18:18:35,161 [WARN] PackLoader:240 - Cannot read IP mode file for RoweBots.I-CUBE-UNISONRTOS.5.5.0-4
2023-05-18 18:18:35,170 [WARN] PackLoader:240 - Cannot read IP mode file for STMicroelectronics.X-CUBE-AI.8.0.0
2023-05-18 18:18:35,177 [WARN] PackLoader:240 - Cannot read IP mode file for STMicroelectronics.X-CUBE-FREERTOS.1.0.0
2023-05-18 18:18:35,185 [WARN] PackLoader:240 - Cannot read IP mode file for STMicroelectronics.X-CUBE-FREERTOS.1.0.1
2023-05-18 18:18:35,191 [WARN] PackLoader:240 - Cannot read IP mode file for STMicroelectronics.X-CUBE-TOUCHGFX.4.21.3
2023-05-18 18:18:35,193 [WARN] PackLoader:240 - Cannot read IP mode file for STMicroelectronics.X-CUBE-TOUCHGFX.4.21.4
2023-05-18 18:18:35,200 [WARN] PackLoader:240 - Cannot read IP mode file for STMicroelectronics.X-CUBE-ALGOBUILD.1.3.0
2023-05-18 18:18:35,219 [WARN] PackLoader:240 - Cannot read IP mode file for STMicroelectronics.X-CUBE-AZRTOS-L5.1.1.0
2023-05-18 18:18:35,236 [WARN] PackLoader:240 - Cannot read IP mode file for STMicroelectronics.X-CUBE-AZRTOS-G0.1.1.0
2023-05-18 18:18:35,241 [WARN] PackLoader:240 - Cannot read IP mode file for STMicroelectronics.X-CUBE-AI.8.0.1
2023-05-18 18:18:35,253 [WARN] PackLoader:240 - Cannot read IP mode file for STMicroelectronics.X-CUBE-SUBG2.5.0.0
2023-05-18 18:18:35,265 [WARN] PackLoader:240 - Cannot read IP mode file for STMicroelectronics.X-CUBE-NFC4.3.0.0
2023-05-18 18:18:35,284 [WARN] PackLoader:240 - Cannot read IP mode file for STMicroelectronics.X-CUBE-AZRTOS-G4.2.0.0
2023-05-18 18:18:35,294 [WARN] PackLoader:240 - Cannot read IP mode file for STMicroelectronics.X-CUBE-TOF1.3.3.0
2023-05-18 18:18:35,308 [WARN] PackLoader:240 - Cannot read IP mode file for STMicroelectronics.FP-ATR-ASTRA1.1.1.1
2023-05-18 18:18:35,326 [WARN] PackLoader:240 - Cannot read IP mode file for STMicroelectronics.X-CUBE-AZRTOS-G4.1.0.0
2023-05-18 18:18:35,337 [WARN] PackLoader:240 - Cannot read IP mode file for STMicroelectronics.FP-ATR-SIGFOX1.3.2.0
2023-05-18 18:18:35,358 [WARN] PackLoader:240 - Cannot read IP mode file for STMicroelectronics.X-CUBE-AZRTOS-L4.1.0.0
2023-05-18 18:18:35,394 [WARN] PackLoader:240 - Cannot read IP mode file for STMicroelectronics.X-CUBE-AZRTOS-WL.1.0.0
2023-05-18 18:18:35,407 [WARN] PackLoader:240 - Cannot read IP mode file for portGmbH.I-Cube-SoM-uGOAL.1.1.0
2023-05-18 18:18:35,416 [WARN] PackLoader:240 - Cannot read IP mode file for STMicroelectronics.X-CUBE-ALS.1.0.1
2023-05-18 18:18:35,469 [WARN] PackLoader:240 - Cannot read IP mode file for STMicroelectronics.X-CUBE-MEMS1.9.5.0
2023-05-18 18:18:35,650 [WARN] PackLoader:240 - Cannot read IP mode file for STMicroelectronics.X-CUBE-AZRTOS-WB.1.1.0
2023-05-18 18:18:35,691 [WARN] PackLoader:240 - Cannot read IP mode file for SEGGER.I-CUBE-embOS.1.3.1
2023-05-18 18:18:35,742 [WARN] PackLoader:240 - Cannot read IP mode file for STMicroelectronics.FP-ATR-ASTRA1.2.0.0
2023-05-18 18:18:35,744 [INFO] ThirdParty:978 - Integrity check success = true
2023-05-18 18:18:35,744 [INFO] IntegrityCheckThread:100 - exiting critical section [integrity check]
2023-05-18 18:18:35,744 [INFO] IntegrityCheckThread:103 - End integrity checks thread
2023-05-18 18:18:35,745 [INFO] ThirdParty:873 - entering critical section [close project]
2023-05-18 18:18:35,746 [INFO] ThirdParty:883 - exiting critical section [close project]
2023-05-18 18:18:35,754 [INFO] PinOutPanel:1499 - setPackage(No Configuration,No Configuration)
2023-05-18 18:18:35,762 [INFO] UtilMem:75 - Begin LoadConfig() Used Memory: 586816616 Bytes (838860800)
2023-05-18 18:18:35,767 [INFO] MicroXplorer:468 - Change Database Path : 
2023-05-18 18:18:35,767 [INFO] MicroXplorer:498 - Change Database Version : DB.6.0.80
2023-05-18 18:18:35,769 [INFO] OpenFileManager:308 - Change cursor
2023-05-18 18:18:35,860 [INFO] Mcu:1937 - Initializing MCU STM32F767ZITx STM32F767ZITx STM32F767ZIT6
2023-05-18 18:18:39,724 [INFO] Context:659 - Trying to add GPIOservice into a context  which must be forbidden
2023-05-18 18:18:41,181 [INFO] RtosManager:555 - Registered RTOS mode: class=CMSIS, group=RTOS, mode=CMSIS_V1, owner=FREERTOS
2023-05-18 18:18:41,182 [INFO] RtosManager:555 - Registered RTOS mode: class=CMSIS, group=RTOS2, mode=CMSIS_V2, owner=FREERTOS
2023-05-18 18:18:41,182 [INFO] RtosManager:555 - Registered RTOS mode: class=RTOS, group=Core, mode=CMSIS_V1, owner=FREERTOS
2023-05-18 18:18:41,182 [INFO] RtosManager:555 - Registered RTOS mode: class=RTOS, group=Core, mode=CMSIS_V2, owner=FREERTOS
2023-05-18 18:18:41,183 [WARN] ModelIntegratedComponent:184 - Missing modes for component STMicroelectronics:FreeRTOS:0.0.1:STMicroelectronics:RTOS:FreeRTOS:Core:::10.2.0:
2023-05-18 18:18:41,217 [WARN] ModelIntegratedComponent:63 - No mode defined for component null
2023-05-18 18:18:41,217 [WARN] ModelIntegratedComponent:63 - No mode defined for component null
2023-05-18 18:18:41,217 [WARN] ModelIntegratedComponent:63 - No mode defined for component null
2023-05-18 18:18:41,218 [WARN] ModelIntegratedComponent:63 - No mode defined for component null
2023-05-18 18:18:41,218 [WARN] ModelIntegratedComponent:63 - No mode defined for component null
2023-05-18 18:18:41,218 [WARN] ModelIntegratedComponent:63 - No mode defined for component null
2023-05-18 18:18:41,218 [WARN] ModelIntegratedComponent:63 - No mode defined for component null
2023-05-18 18:18:41,218 [WARN] ModelIntegratedComponent:63 - No mode defined for component null
2023-05-18 18:18:41,218 [WARN] ModelIntegratedComponent:63 - No mode defined for component null
2023-05-18 18:18:41,218 [WARN] ModelIntegratedComponent:63 - No mode defined for component null
2023-05-18 18:18:41,218 [WARN] ModelIntegratedComponent:63 - No mode defined for component null
2023-05-18 18:18:41,218 [WARN] ModelIntegratedComponent:63 - No mode defined for component null
2023-05-18 18:18:41,218 [WARN] ModelIntegratedComponent:63 - No mode defined for component null
2023-05-18 18:18:41,218 [WARN] ModelIntegratedComponent:63 - No mode defined for component null
2023-05-18 18:18:41,218 [WARN] ModelIntegratedComponent:63 - No mode defined for component null
2023-05-18 18:18:41,218 [WARN] ModelIntegratedComponent:63 - No mode defined for component null
2023-05-18 18:18:41,218 [WARN] ModelIntegratedComponent:63 - No mode defined for component null
2023-05-18 18:18:41,218 [WARN] ModelIntegratedComponent:63 - No mode defined for component null
2023-05-18 18:18:41,218 [WARN] ModelIntegratedComponent:63 - No mode defined for component null
2023-05-18 18:18:41,218 [WARN] ModelIntegratedComponent:63 - No mode defined for component null
2023-05-18 18:18:41,218 [WARN] ModelIntegratedComponent:63 - No mode defined for component null
2023-05-18 18:18:41,218 [WARN] ModelIntegratedComponent:63 - No mode defined for component null
2023-05-18 18:18:41,218 [WARN] ModelIntegratedComponent:63 - No mode defined for component null
2023-05-18 18:18:41,219 [WARN] ModelIntegratedComponent:63 - No mode defined for component null
2023-05-18 18:18:41,219 [WARN] ModelIntegratedComponent:63 - No mode defined for component null
2023-05-18 18:18:41,219 [WARN] ModelIntegratedComponent:63 - No mode defined for component null
2023-05-18 18:18:41,219 [WARN] ModelIntegratedComponent:63 - No mode defined for component null
2023-05-18 18:18:41,219 [WARN] ModelIntegratedComponent:63 - No mode defined for component null
2023-05-18 18:18:41,219 [WARN] ModelIntegratedComponent:63 - No mode defined for component null
2023-05-18 18:18:41,219 [WARN] ModelIntegratedComponent:63 - No mode defined for component null
2023-05-18 18:18:41,219 [WARN] ModelIntegratedComponent:63 - No mode defined for component null
2023-05-18 18:18:41,219 [WARN] ModelIntegratedComponent:63 - No mode defined for component null
2023-05-18 18:18:41,219 [WARN] ModelIntegratedComponent:63 - No mode defined for component null
2023-05-18 18:18:41,302 [INFO] ThirdPartyModel:298 - Start build external matchings
2023-05-18 18:18:41,871 [INFO] ThirdPartyModel:316 - End build external matchings
2023-05-18 18:18:41,893 [INFO] RtosManager:919 - Current active RTOS is FREERTOS [Cortex-M7NS]
2023-05-18 18:18:41,899 [INFO] ImportTextPane:194 - (OptionalMessage_ERROR) IP (CORTEX_M7) : Invalid parameter (BaseAddress)
2023-05-18 18:18:41,899 [INFO] ImportTextPane:194 - (OptionalMessage_ERROR) IP (CORTEX_M7) : Invalid parameter (AccessPermission)
2023-05-18 18:18:41,899 [INFO] ImportTextPane:194 - (OptionalMessage_ERROR) IP (CORTEX_M7) : Invalid parameter (IsShareable)
2023-05-18 18:18:41,899 [INFO] ImportTextPane:194 - (OptionalMessage_ERROR) IP (CORTEX_M7) : Invalid parameter (DisableExec)
2023-05-18 18:18:41,997 [INFO] ImportTextPane:194 - (OptionalMessage_ERROR) IP (RCC) : Invalid parameter (FamilyName)
2023-05-18 18:18:42,001 [INFO] ImportTextPane:194 - (OptionalMessage_ERROR) IP (RCC) : Parameter (RNGFreq_Value) has invalid value (216000000)
2023-05-18 18:18:42,002 [INFO] ImportTextPane:194 - (OptionalMessage_ERROR) IP (RCC) : Parameter (SDMMC2Freq_Value) has invalid value (216000000)
2023-05-18 18:18:42,002 [INFO] ImportTextPane:194 - (OptionalMessage_ERROR) IP (RCC) : Parameter (SDMMCFreq_Value) has invalid value (216000000)
2023-05-18 18:18:42,002 [INFO] ImportTextPane:194 - (OptionalMessage_ERROR) IP (RCC) : Parameter (USBFreq_Value) has invalid value (216000000)
2023-05-18 18:18:42,755 [INFO] UtilMem:75 - End LoadConfig() Used Memory: 733056328 Bytes (838860800)
2023-05-18 18:18:42,870 [INFO] ApiDb:581 - Connected to CubeFinder SQLite database (C:\Users\jerzstaN\.stmcufinder\plugins\mcufinder\mcu\cube-finder-db.db)
2023-05-18 18:18:42,928 [INFO] ApiDb:668 - CubeFinder database Data Model version=2.1
2023-05-18 18:18:42,928 [INFO] ApiDb:669 - CubeFinder database Configuration version=3.0.35
2023-05-18 18:18:42,928 [INFO] ApiDb:670 - CubeFinder database generation date=2023-03-10 (1678456172)
2023-05-18 18:18:42,929 [INFO] ApiDb:671 - CubeFinder database FW Pack versions=[FP-ATR-ASTRA1_V1.1.1, STM32Cube_FW_C0_V1.0.1, STM32Cube_FW_F0_V1.11.4, STM32Cube_FW_F3_V1.11.4, STM32Cube_FW_F4_V1.27.1, STM32Cube_FW_F7_V1.17.0, STM32Cube_FW_G0_V1.6.1, STM32Cube_FW_G4_V1.5.1, STM32Cube_FW_H5_V0.5.1, STM32Cube_FW_H5_V1.0.0, STM32Cube_FW_H7_V1.11.0, STM32Cube_FW_L0_V1.12.2, STM32Cube_FW_L5_V1.5.0, STM32Cube_FW_U5_V1.2.0, STM32Cube_FW_WBA_V1.0.0, STM32Cube_FW_WBA_V1.0.0RC1, STM32Cube_FW_WBA_V1.0.0RC3, STM32Cube_FW_WB_V1.15.0RC1, STM32Cube_FW_WB_V1.16.0, STM32Cube_FW_WB_V1.16.0RC2, STM32Cube_FW_WL_V1.3.0, X-CUBE-ALGOBUILD_V1.3.0, X-CUBE-ALS_V1.0.1, X-CUBE-AZRTOS-F4_V1.1.0, X-CUBE-AZRTOS-F7_V1.1.0, X-CUBE-AZRTOS-G0_V1.1.0, X-CUBE-AZRTOS-G4_V1.0.0, X-CUBE-AZRTOS-H7_V3.0.0, X-CUBE-AZRTOS-L4_V1.0.0, X-CUBE-AZRTOS-L5_V1.1.0, X-CUBE-AZRTOS-WB_V1.1.0, X-CUBE-AZRTOS-WL_V1.0.0, X-CUBE-BLE1_V6.2.4, X-CUBE-BLE2_V3.3.0, X-CUBE-BLEMGR_V1.3.0, X-CUBE-EEPRMA1_V4.1.0, X-CUBE-GNSS1_V6.0.0, X-CUBE-MEMS1_V9.1.0, X-CUBE-MEMS1_V9.4.0, X-CUBE-MEMS1_V9.5.0, X-CUBE-NFC4_V3.0.0, X-CUBE-NFC7_V1.0.0, X-CUBE-SFXS2LP1_V4.0.0, X-CUBE-SUBG2_V5.0.0]
2023-05-18 18:18:45,395 [INFO] ApiDb:240 - Found 297 in-development CPN: [B-G473E-ZEST1S, B-WB1M-WPAN1, B-WL5M-SUBG1, NUCLEO-C031C6, NUCLEO-H503RB, NUCLEO-H563ZI, NUCLEO-U545RE-Q, NUCLEO-U5A5ZJ-Q, NUCLEO-WBA52CG, STEVAL-PROTEUS1, STEVAL-STWINBX1, STM320518-EVAL, STM32C0116-DK, STM32C011D6Y3TR, STM32C011D6Y6TR, STM32C011F4P3, STM32C011F4P6, STM32C011F4U3, STM32C011F4U6TR, STM32C011F6P3, STM32C011F6P6, STM32C011F6U3, STM32C011F6U6TR, STM32C011J4M3, STM32C011J4M6, STM32C011J6M3, STM32C011J6M6, STM32C0316-DK, STM32C031C4T3, STM32C031C4T6, STM32C031C4U3, STM32C031C4U6, STM32C031C6T3, STM32C031C6T6, STM32C031C6U3, STM32C031C6U6, STM32C031F4P3, STM32C031F4P6, STM32C031F6P3, STM32C031F6P6, STM32C031G4U3, STM32C031G4U6, STM32C031G6U3, STM32C031G6U6, STM32C031K4T3, STM32C031K4T6, STM32C031K4U3, STM32C031K4U6, STM32C031K6T3, STM32C031K6T6, STM32C031K6U3, STM32C031K6U6, STM32G071K8TXN, STM32G071K8UXN, STM32G081GBU6N, STM32G081KBT6N, STM32G081KBUXN, STM32G0B1CCT6N, STM32G0B1KCT6, STM32G0B1NEY6TR, STM32G0B1RCT6N, STM32G0C1CCT6, STM32G0C1CCT6N, STM32G0C1CCU6N, STM32G0C1CET6N, STM32G0C1CEU6N, STM32G0C1KCT6, STM32G0C1NEY6TR, STM32G0C1RCI6N, STM32G0C1RCT6N, STM32G0C1REI6N, STM32G0C1RET6N, STM32G0C1VCI6, STM32G0C1VEI6, STM32G471CCT6, STM32G471CCU6, STM32G471CET3, STM32G471CET6, STM32G471CEU3, STM32G471CEU6, STM32G471MCT6, STM32G471MET3, STM32G471MET6, STM32G471MEY6TR, STM32G471QCT6, STM32G471QET3, STM32G471RCT6, STM32G471RET3, STM32G471RET6, STM32G471VCH6, STM32G471VCI6, STM32G471VCT6, STM32G471VEH3, STM32G471VEH6, STM32G471VEI3, STM32G471VEI6, STM32G471VET3, STM32G471VET6, STM32G474CCT6, STM32H503CBT6, STM32H503CBU6, STM32H503EBY6TR, STM32H503KBU6, STM32H503RBT6, STM32H562AGI6, STM32H562AII6, STM32H562IGK6, STM32H562IGT6, STM32H562IIK6, STM32H562IIT6, STM32H562RGT6, STM32H562RGV6, STM32H562RIT6, STM32H562RIV6, STM32H562VGT6, STM32H562VIT6, STM32H562ZGT6, STM32H562ZIT6, STM32H563AGI6, STM32H563AII3Q, STM32H563AII6, STM32H563IGK6, STM32H563IGT6, STM32H563IIK3Q, STM32H563IIK6, STM32H563IIT3Q, STM32H563IIT6, STM32H563MIY3QTR, STM32H563RGT6, STM32H563RGV6, STM32H563RIT6, STM32H563RIV6, STM32H563VGT6, STM32H563VIT3Q, STM32H563VIT6, STM32H563ZGT6, STM32H563ZIT3Q, STM32H563ZIT6, STM32H573AII3Q, STM32H573AII6, STM32H573I-DK, STM32H573IIK3Q, STM32H573IIK6, STM32H573IIT3Q, STM32H573IIT6, STM32H573MIY3QTR, STM32H573RIT6, STM32H573RIV6, STM32H573VIT3Q, STM32H573VIT6, STM32H573ZIT3Q, STM32H573ZIT6, STM32L4R5QGI6STR, STM32MP131AAE3, STM32MP131AAF3, STM32MP131AAG3, STM32MP131CAE3, STM32MP131CAF3, STM32MP131CAG3, STM32MP131DAE7, STM32MP131DAF7, STM32MP131DAG7, STM32MP131FAE7, STM32MP131FAF7, STM32MP131FAG7, STM32MP133AAE3, STM32MP133AAF3, STM32MP133AAG3, STM32MP133CAE3, STM32MP133CAF3, STM32MP133CAG3, STM32MP133DAE7, STM32MP133DAF7, STM32MP133DAG7, STM32MP133FAE7, STM32MP133FAF7, STM32MP133FAG7, STM32MP135AAE3, STM32MP135AAF3, STM32MP135AAG3, STM32MP135CAE3, STM32MP135CAF3, STM32MP135CAG3, STM32MP135DAE7, STM32MP135DAF7, STM32MP135DAG7, STM32MP135F-DK, STM32MP135FAE7, STM32MP135FAF7, STM32MP135FAF7T, STM32MP135FAF7U, STM32MP135FAG7, STM32U535CBT6, STM32U535CBT6Q, STM32U535CBU6, STM32U535CBU6Q, STM32U535CCT6, STM32U535CCT6Q, STM32U535CCU6, STM32U535CCU6Q, STM32U535CET6, STM32U535CET6Q, STM32U535CEU6, STM32U535CEU6Q, STM32U535JEY6QTR, STM32U535NCY6QTR, STM32U535NEY6QTR, STM32U535RBI6, STM32U535RBI6Q, STM32U535RBT6, STM32U535RBT6Q, STM32U535RCI6, STM32U535RCI6Q, STM32U535RCT6, STM32U535RCT6Q, STM32U535REI6, STM32U535REI6Q, STM32U535RET6, STM32U535RET6Q, STM32U535VCI6, STM32U535VCI6Q, STM32U535VCT6, STM32U535VCT6Q, STM32U535VEI6, STM32U535VEI6Q, STM32U535VET6, STM32U535VET6Q, STM32U545CET6, STM32U545CET6Q, STM32U545CEU6, STM32U545CEU6Q, STM32U545JEY6QTR, STM32U545NEY6QTR, STM32U545REI6, STM32U545REI6Q, STM32U545RET6, STM32U545RET6Q, STM32U545VEI6, STM32U545VEI6Q, STM32U545VET6, STM32U545VET6Q, STM32U595AIH6, STM32U595AIH6Q, STM32U595AJH6, STM32U595AJH6Q, STM32U595QII6, STM32U595QII6Q, STM32U595QJI6, STM32U595QJI6Q, STM32U595RIT6, STM32U595RIT6Q, STM32U595RJT6, STM32U595RJT6Q, STM32U595VIT6, STM32U595VIT6Q, STM32U595VJT6, STM32U595VJT6Q, STM32U595ZIT6, STM32U595ZIT6Q, STM32U595ZIY6QTR, STM32U595ZJT6, STM32U595ZJT6Q, STM32U595ZJY6QTR, STM32U599BJY6QTR, STM32U599NIH6Q, STM32U599NJH6Q, STM32U599VIT6Q, STM32U599VJT6, STM32U599VJT6Q, STM32U599ZIT6Q, STM32U599ZIY6QTR, STM32U599ZJT6Q, STM32U599ZJY6QTR, STM32U5A5AJH6, STM32U5A5AJH6Q, STM32U5A5QJI6, STM32U5A5QJI6Q, STM32U5A5RJT6, STM32U5A5RJT6Q, STM32U5A5VJT6, STM32U5A5VJT6Q, STM32U5A5ZJT6, STM32U5A5ZJT6Q, STM32U5A5ZJY6QTR, STM32U5A9BJY6QTR, STM32U5A9J-DK, STM32U5A9NJH6Q, STM32U5A9VJT6Q, STM32U5A9ZJT6Q, STM32U5A9ZJY6QTR, STM32WB1MMCH6, STM32WBA52CEU6, STM32WBA52CEU6T, STM32WBA52CGU6, STM32WBA52CGU6T, STM32WL5MOCH6, STM32WL5MOCH6TR]
2023-05-18 18:18:45,398 [INFO] DbMcus:216 - Found 3775 MCUs, 3775 are supported
2023-05-18 18:18:45,402 [INFO] ApiDb:423 - Load user favorites file C:\Users\jerzstaN/.stm32cubeide/favorites.mcus.txt: 0 item(s)
2023-05-18 18:18:45,403 [INFO] ApiDb:427 - User favorites MCUs=[]
2023-05-18 18:18:45,403 [INFO] DbMcus:222 - Set 0 / 0 favorites MCUs
2023-05-18 18:18:45,703 [WARN] ThirdParty:833 - waiting for thirdparty lock release [change project]
2023-05-18 18:18:45,703 [INFO] ThirdParty:835 - entering critical section [change project]
2023-05-18 18:18:45,703 [INFO] ThirdParty:1030 - CMSIS Pack Vendor :STMicroelectronics X-CUBE-ISPU 1.1.0
2023-05-18 18:18:45,703 [INFO] ThirdParty:1030 - CMSIS Pack Vendor :RoweBots I-CUBE-UNISONRTOS 5.5.0-4
2023-05-18 18:18:45,703 [INFO] ThirdParty:1030 - CMSIS Pack Vendor :STMicroelectronics X-CUBE-GNSS1 6.0.0
2023-05-18 18:18:45,703 [INFO] ThirdParty:1030 - CMSIS Pack Vendor :STMicroelectronics USB_HOST 2.0.0
2023-05-18 18:18:45,703 [INFO] ThirdParty:1030 - CMSIS Pack Vendor :STMicroelectronics X-CUBE-AZRTOS-F4 1.1.0
2023-05-18 18:18:45,704 [INFO] ThirdParty:1030 - CMSIS Pack Vendor :STMicroelectronics LIBJPEG 8.0.0
2023-05-18 18:18:45,704 [INFO] ThirdParty:1030 - CMSIS Pack Vendor :STMicroelectronics X-CUBE-SMBUS 2.1.0
2023-05-18 18:18:45,705 [INFO] ThirdParty:1030 - CMSIS Pack Vendor :STMicroelectronics USB_DEVICE 3.0.0
2023-05-18 18:18:45,705 [INFO] ThirdParty:1030 - CMSIS Pack Vendor :STMicroelectronics X-CUBE-AI 8.0.0
2023-05-18 18:18:45,705 [INFO] ThirdParty:1030 - CMSIS Pack Vendor :STMicroelectronics X-CUBE-FREERTOS 1.0.0
2023-05-18 18:18:45,705 [INFO] ThirdParty:1030 - CMSIS Pack Vendor :STMicroelectronics X-CUBE-FREERTOS 1.0.1
2023-05-18 18:18:45,705 [INFO] ThirdParty:1030 - CMSIS Pack Vendor :STMicroelectronics X-CUBE-TOUCHGFX 4.21.3
2023-05-18 18:18:45,705 [INFO] ThirdParty:1030 - CMSIS Pack Vendor :STMicroelectronics X-CUBE-AZRTOS-F7 1.1.0
2023-05-18 18:18:45,705 [INFO] ThirdParty:1030 - CMSIS Pack Vendor :STMicroelectronics X-CUBE-TOUCHGFX 4.21.4
2023-05-18 18:18:45,705 [INFO] ThirdParty:1030 - CMSIS Pack Vendor :STMicroelectronics USB_DEVICE 2.0.0
2023-05-18 18:18:45,705 [INFO] ThirdParty:1030 - CMSIS Pack Vendor :STMicroelectronics X-CUBE-MEMS1 9.6.0
2023-05-18 18:18:45,705 [INFO] ThirdParty:1030 - CMSIS Pack Vendor :STMicroelectronics FP-SNS-MOTENV1 4.3.0
2023-05-18 18:18:45,705 [INFO] ThirdParty:1030 - CMSIS Pack Vendor :STMicroelectronics FP-SNS-FLIGHT1 5.0.0
2023-05-18 18:18:45,705 [INFO] ThirdParty:1030 - CMSIS Pack Vendor :STMicroelectronics X-CUBE-ALGOBUILD 1.3.0
2023-05-18 18:18:45,705 [INFO] ThirdParty:1030 - CMSIS Pack Vendor :STMicroelectronics X-CUBE-BLE1 6.2.4
2023-05-18 18:18:45,705 [INFO] ThirdParty:1030 - CMSIS Pack Vendor :STMicroelectronics X-CUBE-AZRTOS-L5 1.1.0
2023-05-18 18:18:45,705 [INFO] ThirdParty:1030 - CMSIS Pack Vendor :STMicroelectronics FreeRTOS 0.0.1
2023-05-18 18:18:45,705 [INFO] ThirdParty:1030 - CMSIS Pack Vendor :emotas I-CUBE-CANOPEN 1.1.3
2023-05-18 18:18:45,705 [INFO] ThirdParty:1030 - CMSIS Pack Vendor :STMicroelectronics X-CUBE-AZRTOS-G0 1.1.0
2023-05-18 18:18:45,705 [INFO] ThirdParty:1030 - CMSIS Pack Vendor :STMicroelectronics X-CUBE-BLEMGR 2.0.0
2023-05-18 18:18:45,705 [INFO] ThirdParty:1030 - CMSIS Pack Vendor :STMicroelectronics X-CUBE-AI 8.0.1
2023-05-18 18:18:45,705 [INFO] ThirdParty:1030 - CMSIS Pack Vendor :STMicroelectronics X-CUBE-SUBG2 5.0.0
2023-05-18 18:18:45,706 [INFO] ThirdParty:1030 - CMSIS Pack Vendor :STMicroelectronics X-CUBE-NFC4 3.0.0
2023-05-18 18:18:45,706 [INFO] ThirdParty:1030 - CMSIS Pack Vendor :STMicroelectronics STM32_WPAN 1.0.0
2023-05-18 18:18:45,706 [INFO] ThirdParty:1030 - CMSIS Pack Vendor :STMicroelectronics lwIP 2.0.3
2023-05-18 18:18:45,706 [INFO] ThirdParty:1030 - CMSIS Pack Vendor :STMicroelectronics USB_HOST 1.0.0
2023-05-18 18:18:45,706 [INFO] ThirdParty:1030 - CMSIS Pack Vendor :STMicroelectronics X-CUBE-AZRTOS-G4 2.0.0
2023-05-18 18:18:45,706 [INFO] ThirdParty:1030 - CMSIS Pack Vendor :STMicroelectronics PDM2PCM 3.1.0
2023-05-18 18:18:45,706 [INFO] ThirdParty:1030 - CMSIS Pack Vendor :STMicroelectronics X-CUBE-AZRTOS-H7 3.1.0
2023-05-18 18:18:45,707 [INFO] ThirdParty:1030 - CMSIS Pack Vendor :STMicroelectronics X-CUBE-TOF1 3.3.0
2023-05-18 18:18:45,707 [INFO] ThirdParty:1030 - CMSIS Pack Vendor :STMicroelectronics FP-ATR-ASTRA1 1.1.1
2023-05-18 18:18:45,707 [INFO] ThirdParty:1030 - CMSIS Pack Vendor :STMicroelectronics PDM2PCM 3.3.0
2023-05-18 18:18:45,707 [INFO] ThirdParty:1030 - CMSIS Pack Vendor :STMicroelectronics X-CUBE-DISPLAY 3.0.0
2023-05-18 18:18:45,707 [INFO] ThirdParty:1030 - CMSIS Pack Vendor :STMicroelectronics X-CUBE-AZRTOS-G4 1.0.0
2023-05-18 18:18:45,707 [INFO] ThirdParty:1030 - CMSIS Pack Vendor :STMicroelectronics FP-ATR-SIGFOX1 3.2.0
2023-05-18 18:18:45,707 [INFO] ThirdParty:1030 - CMSIS Pack Vendor :wolfSSL I-CUBE-wolfSSL 5.5.4
2023-05-18 18:18:45,707 [INFO] ThirdParty:1030 - CMSIS Pack Vendor :STMicroelectronics X-CUBE-AZRTOS-L4 1.0.0
2023-05-18 18:18:45,707 [INFO] ThirdParty:1030 - CMSIS Pack Vendor :STMicroelectronics HAL Drivers 0.0.0
2023-05-18 18:18:45,707 [INFO] ThirdParty:1030 - CMSIS Pack Vendor :STMicroelectronics MBEDTLS 2.16.2
2023-05-18 18:18:45,707 [INFO] ThirdParty:1030 - CMSIS Pack Vendor :STMicroelectronics MBEDTLS 2.14.1
2023-05-18 18:18:45,708 [INFO] ThirdParty:1030 - CMSIS Pack Vendor :STMicroelectronics X-CUBE-NFC7 1.0.0
2023-05-18 18:18:45,708 [INFO] ThirdParty:1030 - CMSIS Pack Vendor :STMicroelectronics X-CUBE-AZRTOS-WL 1.0.0
2023-05-18 18:18:45,708 [INFO] ThirdParty:1030 - CMSIS Pack Vendor :STMicroelectronics X-CUBE-EEPRMA1 4.1.0
2023-05-18 18:18:45,708 [INFO] ThirdParty:1030 - CMSIS Pack Vendor :portGmbH I-Cube-SoM-uGOAL 1.1.0
2023-05-18 18:18:45,708 [INFO] ThirdParty:1030 - CMSIS Pack Vendor :STMicroelectronics X-CUBE-ALS 1.0.1
2023-05-18 18:18:45,708 [INFO] ThirdParty:1030 - CMSIS Pack Vendor :STMicroelectronics X-CUBE-MEMS1 9.5.0
2023-05-18 18:18:45,708 [INFO] ThirdParty:1030 - CMSIS Pack Vendor :STMicroelectronics ThreadX 1.0.0
2023-05-18 18:18:45,708 [INFO] ThirdParty:1030 - CMSIS Pack Vendor :STMicroelectronics X-CUBE-AZRTOS-WB 1.1.0
2023-05-18 18:18:45,708 [INFO] ThirdParty:1030 - CMSIS Pack Vendor :SEGGER I-CUBE-embOS 1.3.1
2023-05-18 18:18:45,708 [INFO] ThirdParty:1030 - CMSIS Pack Vendor :STMicroelectronics USB_DEVICE 1.0.0
2023-05-18 18:18:45,708 [INFO] ThirdParty:1030 - CMSIS Pack Vendor :STMicroelectronics ThreadX 0.0.2
2023-05-18 18:18:45,708 [INFO] ThirdParty:1030 - CMSIS Pack Vendor :WES I-CUBE-Cesium 1.3.0
2023-05-18 18:18:45,708 [INFO] ThirdParty:1030 - CMSIS Pack Vendor :STMicroelectronics FP-ATR-ASTRA1 2.0.0
2023-05-18 18:18:45,708 [INFO] ThirdParty:1030 - CMSIS Pack Vendor :STMicroelectronics lwIP 2.1.2
2023-05-18 18:18:45,708 [INFO] ThirdParty:1030 - CMSIS Pack Vendor :STMicroelectronics X-CUBE-SFXS2LP1 4.0.0
2023-05-18 18:18:45,708 [INFO] ThirdParty:1030 - CMSIS Pack Vendor :STMicroelectronics X-CUBE-BLE2 3.3.0
2023-05-18 18:18:45,708 [INFO] ThirdParty:1030 - CMSIS Pack Vendor :STMicroelectronics PDM2PCM 3.2.0
2023-05-18 18:18:45,708 [INFO] ThirdParty:1030 - CMSIS Pack Vendor :STMicroelectronics X-CUBE-AZRTOS-H7 3.0.0
2023-05-18 18:18:45,708 [INFO] ThirdParty:841 - exiting critical section [change project]
2023-05-18 18:18:46,409 [INFO] PinOutPanel:1499 - setPackage(No Configuration,No Configuration)
2023-05-18 18:18:46,411 [INFO] PinOutPanel:1499 - setPackage(STM32F767ZITx,LQFP144)
2023-05-18 18:18:47,551 [INFO] UtilMem:75 - Before build in PCC Used Memory: 604227136 Bytes (838860800)
2023-05-18 18:18:49,131 [INFO] UtilMem:75 - After build in PCC Used Memory: 584302144 Bytes (838860800)
2023-05-18 18:18:49,502 [INFO] ApiDbMcu:507 - Load IP Config File for FREERTOS
2023-05-18 18:18:49,667 [INFO] ApiDbMcu:507 - Load IP Config File for LWIP
2023-05-18 18:18:49,743 [INFO] IPUIPlugin:80 - create IPUIPlugin
2023-05-18 18:18:49,744 [INFO] IPUIPlugin:80 - create IPUIPlugin
2023-05-18 18:18:49,744 [INFO] IPUIPlugin:80 - create IPUIPlugin
2023-05-18 18:18:49,744 [INFO] IPUIPlugin:80 - create IPUIPlugin
2023-05-18 18:18:49,744 [INFO] IPUIPlugin:80 - create IPUIPlugin
2023-05-18 18:18:49,745 [INFO] IPUIPlugin:80 - create IPUIPlugin
2023-05-18 18:18:49,745 [INFO] IPUIPlugin:80 - create IPUIPlugin
2023-05-18 18:18:49,745 [INFO] IPUIPlugin:80 - create IPUIPlugin
2023-05-18 18:18:49,746 [INFO] IPUIPlugin:80 - create IPUIPlugin
2023-05-18 18:18:49,746 [INFO] IPUIPlugin:80 - create IPUIPlugin
2023-05-18 18:18:49,747 [INFO] IPUIPlugin:80 - create IPUIPlugin
2023-05-18 18:18:49,747 [INFO] IPUIPlugin:80 - create IPUIPlugin
2023-05-18 18:18:49,747 [INFO] IPUIPlugin:80 - create IPUIPlugin
2023-05-18 18:18:49,747 [INFO] IPUIPlugin:80 - create IPUIPlugin
2023-05-18 18:18:49,747 [INFO] IPUIPlugin:80 - create IPUIPlugin
2023-05-18 18:18:49,748 [INFO] IPUIPlugin:80 - create IPUIPlugin
2023-05-18 18:18:49,748 [INFO] IPUIPlugin:80 - create IPUIPlugin
2023-05-18 18:18:49,748 [INFO] IPUIPlugin:80 - create IPUIPlugin
2023-05-18 18:18:49,749 [INFO] IPUIPlugin:80 - create IPUIPlugin
2023-05-18 18:18:49,749 [INFO] IPUIPlugin:80 - create IPUIPlugin
2023-05-18 18:18:49,749 [INFO] IPUIPlugin:80 - create IPUIPlugin
2023-05-18 18:18:49,750 [INFO] IPUIPlugin:80 - create IPUIPlugin
2023-05-18 18:18:49,750 [INFO] IPUIPlugin:80 - create IPUIPlugin
2023-05-18 18:18:49,751 [INFO] IPUIPlugin:80 - create IPUIPlugin
2023-05-18 18:18:49,752 [INFO] IPUIPlugin:80 - create IPUIPlugin
2023-05-18 18:18:49,752 [INFO] IPUIPlugin:80 - create IPUIPlugin
2023-05-18 18:18:49,753 [INFO] IPUIPlugin:80 - create IPUIPlugin
2023-05-18 18:18:49,753 [INFO] IPUIPlugin:80 - create IPUIPlugin
2023-05-18 18:18:49,754 [INFO] IPUIPlugin:80 - create IPUIPlugin
2023-05-18 18:18:49,755 [INFO] IPUIPlugin:80 - create IPUIPlugin
2023-05-18 18:18:49,755 [INFO] IPUIPlugin:80 - create IPUIPlugin
2023-05-18 18:18:49,755 [INFO] IPUIPlugin:80 - create IPUIPlugin
2023-05-18 18:18:49,755 [INFO] IPUIPlugin:80 - create IPUIPlugin
2023-05-18 18:18:49,757 [INFO] IPUIPlugin:80 - create IPUIPlugin
2023-05-18 18:18:49,757 [INFO] IPUIPlugin:80 - create IPUIPlugin
2023-05-18 18:18:49,758 [INFO] IPUIPlugin:80 - create IPUIPlugin
2023-05-18 18:18:49,758 [INFO] IPUIPlugin:80 - create IPUIPlugin
2023-05-18 18:18:49,759 [INFO] IPUIPlugin:80 - create IPUIPlugin
2023-05-18 18:18:49,760 [INFO] IPUIPlugin:80 - create IPUIPlugin
2023-05-18 18:18:49,760 [INFO] IPUIPlugin:80 - create IPUIPlugin
2023-05-18 18:18:49,760 [INFO] IPUIPlugin:80 - create IPUIPlugin
2023-05-18 18:18:49,761 [INFO] IPUIPlugin:80 - create IPUIPlugin
2023-05-18 18:18:49,762 [INFO] IPUIPlugin:80 - create IPUIPlugin
2023-05-18 18:18:49,762 [INFO] IPUIPlugin:80 - create IPUIPlugin
2023-05-18 18:18:49,763 [INFO] IPUIPlugin:80 - create IPUIPlugin
2023-05-18 18:18:49,763 [INFO] IPUIPlugin:80 - create IPUIPlugin
2023-05-18 18:18:49,763 [INFO] IPUIPlugin:80 - create IPUIPlugin
2023-05-18 18:18:49,764 [INFO] IPUIPlugin:80 - create IPUIPlugin
2023-05-18 18:18:49,765 [INFO] IPUIPlugin:80 - create IPUIPlugin
2023-05-18 18:18:49,765 [INFO] IPUIPlugin:80 - create IPUIPlugin
2023-05-18 18:18:49,766 [INFO] IPUIPlugin:80 - create IPUIPlugin
2023-05-18 18:18:49,767 [INFO] IPUIPlugin:80 - create IPUIPlugin
2023-05-18 18:18:49,768 [INFO] IPUIPlugin:80 - create IPUIPlugin
2023-05-18 18:18:49,768 [INFO] IPUIPlugin:80 - create IPUIPlugin
2023-05-18 18:18:49,769 [INFO] IPUIPlugin:80 - create IPUIPlugin
2023-05-18 18:18:49,770 [INFO] IPUIPlugin:80 - create IPUIPlugin
2023-05-18 18:18:49,771 [INFO] IPUIPlugin:80 - create IPUIPlugin
2023-05-18 18:18:49,772 [INFO] IPUIPlugin:80 - create IPUIPlugin
2023-05-18 18:18:49,772 [INFO] IPUIPlugin:80 - create IPUIPlugin
2023-05-18 18:18:49,772 [INFO] IPUIPlugin:80 - create IPUIPlugin
2023-05-18 18:18:49,773 [INFO] IPUIPlugin:80 - create IPUIPlugin
2023-05-18 18:18:49,774 [INFO] IPUIPlugin:80 - create IPUIPlugin
2023-05-18 18:18:49,774 [INFO] IPUIPlugin:80 - create IPUIPlugin
2023-05-18 18:18:49,775 [INFO] IPUIPlugin:80 - create IPUIPlugin
2023-05-18 18:18:49,776 [INFO] IPUIPlugin:80 - create IPUIPlugin
2023-05-18 18:18:49,777 [INFO] IPUIPlugin:80 - create IPUIPlugin
2023-05-18 18:18:49,778 [INFO] IPUIPlugin:80 - create IPUIPlugin
2023-05-18 18:18:49,779 [INFO] IPUIPlugin:80 - create IPUIPlugin
2023-05-18 18:18:49,780 [INFO] IPUIPlugin:80 - create IPUIPlugin
2023-05-18 18:18:49,780 [INFO] IPUIPlugin:80 - create IPUIPlugin
2023-05-18 18:18:49,781 [INFO] IPUIPlugin:80 - create IPUIPlugin
2023-05-18 18:18:49,783 [INFO] IPUIPlugin:80 - create IPUIPlugin
2023-05-18 18:18:49,784 [INFO] IPUIPlugin:80 - create IPUIPlugin
2023-05-18 18:18:49,785 [INFO] IPUIPlugin:80 - create IPUIPlugin
2023-05-18 18:18:49,785 [INFO] IPUIPlugin:80 - create IPUIPlugin
2023-05-18 18:18:49,787 [INFO] IPUIPlugin:80 - create IPUIPlugin
2023-05-18 18:18:49,788 [INFO] IPUIPlugin:80 - create IPUIPlugin
2023-05-18 18:18:49,789 [INFO] IPUIPlugin:80 - create IPUIPlugin
2023-05-18 18:18:49,789 [INFO] IPUIPlugin:80 - create IPUIPlugin
2023-05-18 18:18:49,808 [INFO] ApiDbMcu:507 - Load IP Config File for PDM2PCM
2023-05-18 18:18:49,867 [WARN] FreeRTOS:1023 - Null or empty value: should not occur! (nothing added to the table)
2023-05-18 18:18:50,511 [INFO] CADModel:165 - CPN selected for project levelSTM32F767ZIT6
2023-05-18 18:18:50,511 [INFO] CADModel:114 - Register for checkConnection events
2023-05-18 18:18:50,517 [INFO] RtosManager:697 - Active RTOS found at IOC load: FREERTOS [Cortex-M7NS]
2023-05-18 18:18:50,564 [INFO] OpenFileManager:328 - Restore cursor
