2023-04-07 19:44:50,168 [INFO] UtilMem:75 - End SaveConfig() Used Memory: 329005056 Bytes (909115392)
2023-04-07 19:44:50,303 [INFO] UtilMem:75 - End SaveConfig() Used Memory: 355219456 Bytes (909115392)
2023-04-07 19:44:50,888 [INFO] UtilMem:75 - End SaveConfig() Used Memory: 406073344 Bytes (909115392)
2023-04-07 19:48:49,033 [INFO] TasksAndQueuesTab:757 - Dynamic
2023-04-07 19:48:49,033 [WARN] TasksAndQueuesTab:763 - 128 128
2023-04-07 19:48:49,033 [WARN] TasksAndQueuesTab:775 - max value is: 3840.0
2023-04-07 19:48:51,430 [INFO] TasksAndQueuesTab:757 - Dynamic
2023-04-07 19:48:51,430 [WARN] TasksAndQueuesTab:763 - 128 128
2023-04-07 19:48:51,430 [WARN] TasksAndQueuesTab:775 - max value is: 3840.0
2023-04-07 19:49:03,400 [INFO] EditThreadDialog:704 - RAM SIZE (in KB): 384
2023-04-07 19:49:03,400 [INFO] EditThreadDialog:706 - RAM SIZE (in words): 98304
2023-04-07 19:52:18,052 [INFO] NvicIntPanel:101 - NVIC parent = com.st.microxplorer.plugins.ip.nvic.MultiNvicIntPanel[,0,0,588x446,layout=javax.swing.BoxLayout,alignmentX=0.0,alignmentY=0.0,border=,flags=9,maximumSize=,minimumSize=,preferredSize=]
2023-04-07 19:53:48,475 [ERROR] RtosPanel:558 - Can not restore the selected Tab for FREERTOS(A reason can be that the tab is no more available.)
2023-04-07 19:55:31,463 [INFO] UtilMem:75 - End SaveConfig() Used Memory: 388427656 Bytes (909115392)
2023-04-07 19:55:31,594 [INFO] UtilMem:75 - End SaveConfig() Used Memory: 416216968 Bytes (909115392)
2023-04-07 19:55:32,232 [INFO] UtilMem:75 - End SaveConfig() Used Memory: 466022280 Bytes (909115392)
2023-04-07 20:00:38,645 [INFO] BlockDiagram:2759 - set Specific Code input for plugin: FREERTOS
2023-04-07 20:00:38,645 [INFO] BlockDiagram:2759 - set Specific Code input for plugin: SYS
2023-04-07 20:00:38,646 [INFO] BlockDiagram:2759 - set Specific Code input for plugin: RCC
2023-04-07 20:00:38,646 [INFO] BlockDiagram:2759 - set Specific Code input for plugin: NVIC
2023-04-07 20:00:38,646 [INFO] BlockDiagram:2759 - set Specific Code input for plugin: LWIP
2023-04-07 20:00:38,647 [INFO] BlockDiagram:2759 - set Specific Code input for plugin: GPIO
2023-04-07 20:00:38,647 [INFO] BlockDiagram:2759 - set Specific Code input for plugin: ETH
2023-04-07 20:00:38,649 [INFO] CodeGenerator:793 - code generatio: config db path: C:\ST\STM32CubeIDE_1.12.0\STM32CubeIDE\plugins\com.st.stm32cube.common.mx_6.8.0.202302231600\\db\
2023-04-07 20:00:39,069 [INFO] CodeEngine:255 - oldGeneratedFile, C:\Users\jerzstaN\STM32CubeIDE\workspace\HelloWorld\MXTmpFiles\license.tmp_save
2023-04-07 20:00:39,170 [INFO] CodeEngine:279 - Generated code: C:\Users\jerzstaN\STM32CubeIDE\workspace\HelloWorld\MXTmpFiles\license.tmp
2023-04-07 20:00:39,219 [INFO] CodeEngine:255 - oldGeneratedFile, C:\Users\jerzstaN\STM32CubeIDE\workspace\HelloWorld\MXTmpFiles\gpio.tmp_save
2023-04-07 20:00:39,372 [INFO] CodeEngine:279 - Generated code: C:\Users\jerzstaN\STM32CubeIDE\workspace\HelloWorld\MXTmpFiles\gpio.tmp
2023-04-07 20:00:39,452 [INFO] CodeEngine:255 - oldGeneratedFile, C:\Users\jerzstaN\STM32CubeIDE\workspace\HelloWorld\MXTmpFiles\eth_vars.tmp_save
2023-04-07 20:00:39,509 [INFO] CodeEngine:279 - Generated code: C:\Users\jerzstaN\STM32CubeIDE\workspace\HelloWorld\MXTmpFiles\eth_vars.tmp
2023-04-07 20:00:39,514 [INFO] CodeEngine:255 - oldGeneratedFile, C:\Users\jerzstaN\STM32CubeIDE\workspace\HelloWorld\MXTmpFiles\eth_inc.tmp_save
2023-04-07 20:00:39,564 [INFO] CodeEngine:279 - Generated code: C:\Users\jerzstaN\STM32CubeIDE\workspace\HelloWorld\MXTmpFiles\eth_inc.tmp
2023-04-07 20:00:39,572 [INFO] CodeEngine:255 - oldGeneratedFile, C:\Users\jerzstaN\STM32CubeIDE\workspace\HelloWorld\MXTmpFiles\eth_HalInit.tmp_save
2023-04-07 20:00:39,635 [INFO] CodeEngine:279 - Generated code: C:\Users\jerzstaN\STM32CubeIDE\workspace\HelloWorld\MXTmpFiles\eth_HalInit.tmp
2023-04-07 20:00:39,643 [INFO] CodeEngine:255 - oldGeneratedFile, C:\Users\jerzstaN\STM32CubeIDE\workspace\HelloWorld\MXTmpFiles\eth_Msp.tmp_save
2023-04-07 20:00:39,712 [INFO] CodeEngine:279 - Generated code: C:\Users\jerzstaN\STM32CubeIDE\workspace\HelloWorld\MXTmpFiles\eth_Msp.tmp
2023-04-07 20:00:39,830 [INFO] Middleware:1439 - No code input for Bsp Dependency
2023-04-07 20:00:39,845 [INFO] CodeEngine:255 - oldGeneratedFile, C:\Users\jerzstaN\STM32CubeIDE\workspace\HelloWorld\MXTmpFiles\rtos_inc.tmp_save
2023-04-07 20:00:39,907 [INFO] CodeEngine:279 - Generated code: C:\Users\jerzstaN\STM32CubeIDE\workspace\HelloWorld\MXTmpFiles\rtos_inc.tmp
2023-04-07 20:00:39,916 [INFO] CodeEngine:255 - oldGeneratedFile, C:\Users\jerzstaN\STM32CubeIDE\workspace\HelloWorld\MXTmpFiles\rtos_kernelInit.tmp_save
2023-04-07 20:00:39,988 [INFO] CodeEngine:279 - Generated code: C:\Users\jerzstaN\STM32CubeIDE\workspace\HelloWorld\MXTmpFiles\rtos_kernelInit.tmp
2023-04-07 20:00:39,996 [INFO] CodeEngine:255 - oldGeneratedFile, C:\Users\jerzstaN\STM32CubeIDE\workspace\HelloWorld\MXTmpFiles\rtos_kernelStart.tmp_save
2023-04-07 20:00:40,071 [INFO] CodeEngine:279 - Generated code: C:\Users\jerzstaN\STM32CubeIDE\workspace\HelloWorld\MXTmpFiles\rtos_kernelStart.tmp
2023-04-07 20:00:40,081 [INFO] CodeEngine:255 - oldGeneratedFile, C:\Users\jerzstaN\STM32CubeIDE\workspace\HelloWorld\MXTmpFiles\rtos_typedefs.tmp_save
2023-04-07 20:00:40,156 [INFO] CodeEngine:279 - Generated code: C:\Users\jerzstaN\STM32CubeIDE\workspace\HelloWorld\MXTmpFiles\rtos_typedefs.tmp
2023-04-07 20:00:40,163 [INFO] CodeEngine:255 - oldGeneratedFile, C:\Users\jerzstaN\STM32CubeIDE\workspace\HelloWorld\MXTmpFiles\rtos_vars.tmp_save
2023-04-07 20:00:40,239 [INFO] CodeEngine:279 - Generated code: C:\Users\jerzstaN\STM32CubeIDE\workspace\HelloWorld\MXTmpFiles\rtos_vars.tmp
2023-04-07 20:00:40,255 [INFO] CodeEngine:255 - oldGeneratedFile, C:\Users\jerzstaN\STM32CubeIDE\workspace\HelloWorld\MXTmpFiles\rtos_pfp.tmp_save
2023-04-07 20:00:40,329 [INFO] CodeEngine:279 - Generated code: C:\Users\jerzstaN\STM32CubeIDE\workspace\HelloWorld\MXTmpFiles\rtos_pfp.tmp
2023-04-07 20:00:40,340 [INFO] CodeEngine:255 - oldGeneratedFile, C:\Users\jerzstaN\STM32CubeIDE\workspace\HelloWorld\MXTmpFiles\rtos_obj_creat.tmp_save
2023-04-07 20:00:40,422 [INFO] CodeEngine:279 - Generated code: C:\Users\jerzstaN\STM32CubeIDE\workspace\HelloWorld\MXTmpFiles\rtos_obj_creat.tmp
2023-04-07 20:00:40,433 [INFO] CodeEngine:255 - oldGeneratedFile, C:\Users\jerzstaN\STM32CubeIDE\workspace\HelloWorld\MXTmpFiles\rtos_default_thread.tmp_save
2023-04-07 20:00:40,505 [INFO] CodeEngine:279 - Generated code: C:\Users\jerzstaN\STM32CubeIDE\workspace\HelloWorld\MXTmpFiles\rtos_default_thread.tmp
2023-04-07 20:00:40,512 [INFO] CodeEngine:255 - oldGeneratedFile, C:\Users\jerzstaN\STM32CubeIDE\workspace\HelloWorld\MXTmpFiles\rtos_threads.tmp_save
2023-04-07 20:00:40,569 [INFO] CodeEngine:279 - Generated code: C:\Users\jerzstaN\STM32CubeIDE\workspace\HelloWorld\MXTmpFiles\rtos_threads.tmp
2023-04-07 20:00:40,580 [INFO] Middleware:1439 - No code input for Bsp Dependency
2023-04-07 20:00:40,628 [INFO] Middleware:1439 - No code input for Bsp Dependency
2023-04-07 20:00:40,647 [INFO] CodeEngine:255 - oldGeneratedFile, C:\Users\jerzstaN\STM32CubeIDE\workspace\HelloWorld\MXTmpFiles\rtos_inc.tmp_save
2023-04-07 20:00:40,704 [INFO] CodeEngine:279 - Generated code: C:\Users\jerzstaN\STM32CubeIDE\workspace\HelloWorld\MXTmpFiles\rtos_inc.tmp
2023-04-07 20:00:40,714 [INFO] CodeEngine:255 - oldGeneratedFile, C:\Users\jerzstaN\STM32CubeIDE\workspace\HelloWorld\MXTmpFiles\rtos_kernelInit.tmp_save
2023-04-07 20:00:40,772 [INFO] CodeEngine:279 - Generated code: C:\Users\jerzstaN\STM32CubeIDE\workspace\HelloWorld\MXTmpFiles\rtos_kernelInit.tmp
2023-04-07 20:00:40,782 [INFO] CodeEngine:255 - oldGeneratedFile, C:\Users\jerzstaN\STM32CubeIDE\workspace\HelloWorld\MXTmpFiles\rtos_kernelStart.tmp_save
2023-04-07 20:00:40,833 [INFO] CodeEngine:279 - Generated code: C:\Users\jerzstaN\STM32CubeIDE\workspace\HelloWorld\MXTmpFiles\rtos_kernelStart.tmp
2023-04-07 20:00:40,844 [INFO] CodeEngine:255 - oldGeneratedFile, C:\Users\jerzstaN\STM32CubeIDE\workspace\HelloWorld\MXTmpFiles\rtos_typedefs.tmp_save
2023-04-07 20:00:40,933 [INFO] CodeEngine:279 - Generated code: C:\Users\jerzstaN\STM32CubeIDE\workspace\HelloWorld\MXTmpFiles\rtos_typedefs.tmp
2023-04-07 20:00:40,943 [INFO] CodeEngine:255 - oldGeneratedFile, C:\Users\jerzstaN\STM32CubeIDE\workspace\HelloWorld\MXTmpFiles\rtos_vars.tmp_save
2023-04-07 20:00:41,002 [INFO] CodeEngine:279 - Generated code: C:\Users\jerzstaN\STM32CubeIDE\workspace\HelloWorld\MXTmpFiles\rtos_vars.tmp
2023-04-07 20:00:41,016 [INFO] CodeEngine:255 - oldGeneratedFile, C:\Users\jerzstaN\STM32CubeIDE\workspace\HelloWorld\MXTmpFiles\rtos_pfp.tmp_save
2023-04-07 20:00:41,072 [INFO] CodeEngine:279 - Generated code: C:\Users\jerzstaN\STM32CubeIDE\workspace\HelloWorld\MXTmpFiles\rtos_pfp.tmp
2023-04-07 20:00:41,085 [INFO] CodeEngine:255 - oldGeneratedFile, C:\Users\jerzstaN\STM32CubeIDE\workspace\HelloWorld\MXTmpFiles\rtos_obj_creat.tmp_save
2023-04-07 20:00:41,142 [INFO] CodeEngine:279 - Generated code: C:\Users\jerzstaN\STM32CubeIDE\workspace\HelloWorld\MXTmpFiles\rtos_obj_creat.tmp
2023-04-07 20:00:41,158 [INFO] CodeEngine:255 - oldGeneratedFile, C:\Users\jerzstaN\STM32CubeIDE\workspace\HelloWorld\MXTmpFiles\rtos_default_thread.tmp_save
2023-04-07 20:00:41,207 [INFO] CodeEngine:279 - Generated code: C:\Users\jerzstaN\STM32CubeIDE\workspace\HelloWorld\MXTmpFiles\rtos_default_thread.tmp
2023-04-07 20:00:41,217 [INFO] CodeEngine:255 - oldGeneratedFile, C:\Users\jerzstaN\STM32CubeIDE\workspace\HelloWorld\MXTmpFiles\rtos_threads.tmp_save
2023-04-07 20:00:41,266 [INFO] CodeEngine:279 - Generated code: C:\Users\jerzstaN\STM32CubeIDE\workspace\HelloWorld\MXTmpFiles\rtos_threads.tmp
2023-04-07 20:00:41,280 [INFO] CodeEngine:255 - oldGeneratedFile, C:\Users\jerzstaN\STM32CubeIDE\workspace\HelloWorld\Core\Inc\FreeRTOSConfig.h_save
2023-04-07 20:00:41,353 [INFO] CodeEngine:279 - Generated code: C:\Users\jerzstaN\STM32CubeIDE\workspace\HelloWorld\Core\Inc\FreeRTOSConfig.h
2023-04-07 20:00:41,366 [INFO] CodeEngine:255 - oldGeneratedFile, C:\Users\jerzstaN\STM32CubeIDE\workspace\HelloWorld\Core\Src\freertos.c_save
2023-04-07 20:00:41,426 [INFO] CodeEngine:279 - Generated code: C:\Users\jerzstaN\STM32CubeIDE\workspace\HelloWorld\Core\Src\freertos.c
2023-04-07 20:00:41,444 [INFO] CodeEngine:255 - oldGeneratedFile, C:\Users\jerzstaN\STM32CubeIDE\workspace\HelloWorld\MXTmpFiles\cortex.tmp_save
2023-04-07 20:00:41,530 [INFO] CodeEngine:279 - Generated code: C:\Users\jerzstaN\STM32CubeIDE\workspace\HelloWorld\MXTmpFiles\cortex.tmp
2023-04-07 20:00:41,545 [INFO] Middleware:1439 - No code input for Bsp Dependency
2023-04-07 20:00:41,586 [INFO] CodeEngine:255 - oldGeneratedFile, C:\Users\jerzstaN\STM32CubeIDE\workspace\HelloWorld\LWIP\App\lwip.c_save
2023-04-07 20:00:41,697 [INFO] CodeEngine:279 - Generated code: C:\Users\jerzstaN\STM32CubeIDE\workspace\HelloWorld\LWIP\App\lwip.c
2023-04-07 20:00:41,715 [INFO] CodeEngine:255 - oldGeneratedFile, C:\Users\jerzstaN\STM32CubeIDE\workspace\HelloWorld\LWIP\App\lwip.h_save
2023-04-07 20:00:41,807 [INFO] CodeEngine:279 - Generated code: C:\Users\jerzstaN\STM32CubeIDE\workspace\HelloWorld\LWIP\App\lwip.h
2023-04-07 20:00:41,821 [INFO] CodeEngine:255 - oldGeneratedFile, C:\Users\jerzstaN\STM32CubeIDE\workspace\HelloWorld\LWIP\Target\lwipopts.h_save
2023-04-07 20:00:41,938 [INFO] CodeEngine:279 - Generated code: C:\Users\jerzstaN\STM32CubeIDE\workspace\HelloWorld\LWIP\Target\lwipopts.h
2023-04-07 20:00:41,951 [INFO] CodeEngine:255 - oldGeneratedFile, C:\Users\jerzstaN\STM32CubeIDE\workspace\HelloWorld\LWIP\Target\ethernetif.c_save
2023-04-07 20:00:42,035 [INFO] CodeEngine:279 - Generated code: C:\Users\jerzstaN\STM32CubeIDE\workspace\HelloWorld\LWIP\Target\ethernetif.c
2023-04-07 20:00:42,051 [INFO] CodeEngine:255 - oldGeneratedFile, C:\Users\jerzstaN\STM32CubeIDE\workspace\HelloWorld\LWIP\Target\ethernetif.h_save
2023-04-07 20:00:42,123 [INFO] CodeEngine:279 - Generated code: C:\Users\jerzstaN\STM32CubeIDE\workspace\HelloWorld\LWIP\Target\ethernetif.h
2023-04-07 20:00:42,148 [INFO] CodeEngine:255 - oldGeneratedFile, C:\Users\jerzstaN\STM32CubeIDE\workspace\HelloWorld\Core\Src\stm32f7xx_it.c_save
2023-04-07 20:00:42,319 [INFO] CodeEngine:279 - Generated code: C:\Users\jerzstaN\STM32CubeIDE\workspace\HelloWorld\Core\Src\stm32f7xx_it.c
2023-04-07 20:00:42,329 [INFO] CodeEngine:255 - oldGeneratedFile, C:\Users\jerzstaN\STM32CubeIDE\workspace\HelloWorld\Core\Inc\stm32f7xx_it.h_save
2023-04-07 20:00:42,407 [INFO] CodeEngine:279 - Generated code: C:\Users\jerzstaN\STM32CubeIDE\workspace\HelloWorld\Core\Inc\stm32f7xx_it.h
2023-04-07 20:00:42,439 [INFO] CodeEngine:255 - oldGeneratedFile, C:\Users\jerzstaN\STM32CubeIDE\workspace\HelloWorld\Core\Src\stm32f7xx_hal_msp.c_save
2023-04-07 20:00:42,521 [INFO] CodeEngine:279 - Generated code: C:\Users\jerzstaN\STM32CubeIDE\workspace\HelloWorld\Core\Src\stm32f7xx_hal_msp.c
2023-04-07 20:00:42,529 [INFO] CodeEngine:255 - oldGeneratedFile, C:\Users\jerzstaN\STM32CubeIDE\workspace\HelloWorld\MXTmpFiles\system.tmp_save
2023-04-07 20:00:42,610 [INFO] CodeEngine:279 - Generated code: C:\Users\jerzstaN\STM32CubeIDE\workspace\HelloWorld\MXTmpFiles\system.tmp
2023-04-07 20:00:42,625 [INFO] CodeEngine:255 - oldGeneratedFile, C:\Users\jerzstaN\STM32CubeIDE\workspace\HelloWorld\Core\Src\stm32f7xx_hal_timebase_tim.c_save
2023-04-07 20:00:42,715 [INFO] CodeEngine:279 - Generated code: C:\Users\jerzstaN\STM32CubeIDE\workspace\HelloWorld\Core\Src\stm32f7xx_hal_timebase_tim.c
2023-04-07 20:00:42,750 [INFO] CodeEngine:311 - oldGeneratedFile, C:\Users\jerzstaN\STM32CubeIDE\workspace\HelloWorld\Core\Inc\stm32f7xx_hal_conf.h_save
2023-04-07 20:00:42,924 [INFO] CodeEngine:335 - Generated code: C:\Users\jerzstaN\STM32CubeIDE\workspace\HelloWorld\Core\Inc\stm32f7xx_hal_conf.h
2023-04-07 20:00:43,050 [INFO] CodeEngine:255 - oldGeneratedFile, C:\Users\jerzstaN\STM32CubeIDE\workspace\HelloWorld\Core\Inc\main.h_save
2023-04-07 20:00:43,176 [INFO] CodeEngine:279 - Generated code: C:\Users\jerzstaN\STM32CubeIDE\workspace\HelloWorld\Core\Inc\main.h
2023-04-07 20:00:43,191 [INFO] CodeEngine:255 - oldGeneratedFile, C:\Users\jerzstaN\STM32CubeIDE\workspace\HelloWorld\Core\Src\main.c_save
2023-04-07 20:00:43,396 [INFO] CodeEngine:279 - Generated code: C:\Users\jerzstaN\STM32CubeIDE\workspace\HelloWorld\Core\Src\main.c
2023-04-07 20:00:46,066 [INFO] ProjectBuilder:2996 - Time for Copy HAL[1] : 1870mS.
2023-04-07 20:00:46,088 [INFO] ProjectBuilder:4304 - Project Generator version: 3.19.2
2023-04-07 20:00:46,339 [INFO] ConfigFileManager:1483 - The Die is : DIE451
2023-04-07 20:00:49,042 [INFO] ProjectBuilder:4505 - Time for Generating toolchain IDE Files: 2954mS.
2023-04-07 20:00:49,043 [INFO] ProjectBuilder:2867 - Time for Copy CMSIS : 1mS.
2023-04-07 20:00:49,087 [INFO] ProjectBuilder:2867 - Time for Copy CMSIS : 1mS.
2023-04-07 21:07:58,792 [INFO] Gpio:273 - dependency for GPIO [ETH]
2023-04-07 21:08:06,054 [INFO] NvicIntPanel:101 - NVIC parent = com.st.microxplorer.plugins.ip.nvic.MultiNvicIntPanel[,0,0,0x0,invalid,layout=javax.swing.BoxLayout,alignmentX=0.0,alignmentY=0.0,border=,flags=9,maximumSize=,minimumSize=,preferredSize=]
2023-04-07 21:08:58,426 [INFO] DmaTabbedPanel:205 - Cannot restore the selected Tab for DMA
2023-04-07 21:45:07,073 [ERROR] RtosPanel:558 - Can not restore the selected Tab for FREERTOS(A reason can be that the tab is no more available.)
