2023-04-15 13:30:53,591 [ERROR] RtosPanel:558 - Can not restore the selected Tab for FREERTOS(A reason can be that the tab is no more available.)
2023-04-15 13:30:55,552 [INFO] TasksAndQueuesTab:757 - Dynamic
2023-04-15 13:30:55,552 [WARN] TasksAndQueuesTab:763 - 1280 128
2023-04-15 13:30:55,552 [WARN] TasksAndQueuesTab:775 - max value is: 3840.0
2023-04-15 13:30:57,265 [INFO] EditThreadDialog:704 - RAM SIZE (in KB): 384
2023-04-15 13:30:57,265 [INFO] EditThreadDialog:706 - RAM SIZE (in words): 98304
2023-04-15 13:31:01,693 [INFO] TasksAndQueuesTab:757 - Dynamic
2023-04-15 13:31:01,693 [WARN] TasksAndQueuesTab:763 - 256 128
2023-04-15 13:31:01,693 [WARN] TasksAndQueuesTab:775 - max value is: 3840.0
2023-04-15 13:32:12,134 [INFO] UtilMem:75 - End SaveConfig() Used Memory: 432472520 Bytes (974127104)
2023-04-15 13:32:12,279 [INFO] UtilMem:75 - End SaveConfig() Used Memory: 459735496 Bytes (974127104)
2023-04-15 13:32:13,226 [INFO] UtilMem:75 - End SaveConfig() Used Memory: 547815880 Bytes (974127104)
2023-04-15 13:32:13,510 [INFO] ProjectBuilder:2318 - IP not ready for code generation: LWIP
2023-04-15 13:32:15,065 [INFO] BlockDiagram:2759 - set Specific Code input for plugin: FREERTOS
2023-04-15 13:32:15,065 [INFO] BlockDiagram:2759 - set Specific Code input for plugin: SYS
2023-04-15 13:32:15,065 [INFO] BlockDiagram:2759 - set Specific Code input for plugin: RCC
2023-04-15 13:32:15,065 [INFO] BlockDiagram:2759 - set Specific Code input for plugin: NVIC
2023-04-15 13:32:15,065 [INFO] BlockDiagram:2759 - set Specific Code input for plugin: LWIP
2023-04-15 13:32:15,066 [INFO] BlockDiagram:2759 - set Specific Code input for plugin: GPIO
2023-04-15 13:32:15,066 [INFO] BlockDiagram:2759 - set Specific Code input for plugin: ETH
2023-04-15 13:32:15,069 [INFO] CodeGenerator:793 - code generatio: config db path: C:\ST\STM32CubeIDE_1.12.0\STM32CubeIDE\plugins\com.st.stm32cube.common.mx_6.8.0.202302231600\\db\
2023-04-15 13:32:15,516 [INFO] CodeEngine:255 - oldGeneratedFile, C:\Users\jerzstaN\STM32CubeIDE\workspace\HelloWorld\MXTmpFiles\license.tmp_save
2023-04-15 13:32:15,635 [INFO] CodeEngine:279 - Generated code: C:\Users\jerzstaN\STM32CubeIDE\workspace\HelloWorld\MXTmpFiles\license.tmp
2023-04-15 13:32:15,700 [INFO] CodeEngine:255 - oldGeneratedFile, C:\Users\jerzstaN\STM32CubeIDE\workspace\HelloWorld\MXTmpFiles\gpio.tmp_save
2023-04-15 13:32:15,836 [INFO] CodeEngine:279 - Generated code: C:\Users\jerzstaN\STM32CubeIDE\workspace\HelloWorld\MXTmpFiles\gpio.tmp
2023-04-15 13:32:15,945 [INFO] CodeEngine:255 - oldGeneratedFile, C:\Users\jerzstaN\STM32CubeIDE\workspace\HelloWorld\MXTmpFiles\eth_vars.tmp_save
2023-04-15 13:32:16,039 [INFO] CodeEngine:279 - Generated code: C:\Users\jerzstaN\STM32CubeIDE\workspace\HelloWorld\MXTmpFiles\eth_vars.tmp
2023-04-15 13:32:16,048 [INFO] CodeEngine:255 - oldGeneratedFile, C:\Users\jerzstaN\STM32CubeIDE\workspace\HelloWorld\MXTmpFiles\eth_inc.tmp_save
2023-04-15 13:32:16,114 [INFO] CodeEngine:279 - Generated code: C:\Users\jerzstaN\STM32CubeIDE\workspace\HelloWorld\MXTmpFiles\eth_inc.tmp
2023-04-15 13:32:16,123 [INFO] CodeEngine:255 - oldGeneratedFile, C:\Users\jerzstaN\STM32CubeIDE\workspace\HelloWorld\MXTmpFiles\eth_HalInit.tmp_save
2023-04-15 13:32:16,199 [INFO] CodeEngine:279 - Generated code: C:\Users\jerzstaN\STM32CubeIDE\workspace\HelloWorld\MXTmpFiles\eth_HalInit.tmp
2023-04-15 13:32:16,210 [INFO] CodeEngine:255 - oldGeneratedFile, C:\Users\jerzstaN\STM32CubeIDE\workspace\HelloWorld\MXTmpFiles\eth_Msp.tmp_save
2023-04-15 13:32:16,292 [INFO] CodeEngine:279 - Generated code: C:\Users\jerzstaN\STM32CubeIDE\workspace\HelloWorld\MXTmpFiles\eth_Msp.tmp
2023-04-15 13:32:16,420 [INFO] Middleware:1439 - No code input for Bsp Dependency
2023-04-15 13:32:16,434 [INFO] CodeEngine:255 - oldGeneratedFile, C:\Users\jerzstaN\STM32CubeIDE\workspace\HelloWorld\MXTmpFiles\rtos_inc.tmp_save
2023-04-15 13:32:16,494 [INFO] CodeEngine:279 - Generated code: C:\Users\jerzstaN\STM32CubeIDE\workspace\HelloWorld\MXTmpFiles\rtos_inc.tmp
2023-04-15 13:32:16,501 [INFO] CodeEngine:255 - oldGeneratedFile, C:\Users\jerzstaN\STM32CubeIDE\workspace\HelloWorld\MXTmpFiles\rtos_kernelInit.tmp_save
2023-04-15 13:32:16,563 [INFO] CodeEngine:279 - Generated code: C:\Users\jerzstaN\STM32CubeIDE\workspace\HelloWorld\MXTmpFiles\rtos_kernelInit.tmp
2023-04-15 13:32:16,570 [INFO] CodeEngine:255 - oldGeneratedFile, C:\Users\jerzstaN\STM32CubeIDE\workspace\HelloWorld\MXTmpFiles\rtos_kernelStart.tmp_save
2023-04-15 13:32:16,626 [INFO] CodeEngine:279 - Generated code: C:\Users\jerzstaN\STM32CubeIDE\workspace\HelloWorld\MXTmpFiles\rtos_kernelStart.tmp
2023-04-15 13:32:16,635 [INFO] CodeEngine:255 - oldGeneratedFile, C:\Users\jerzstaN\STM32CubeIDE\workspace\HelloWorld\MXTmpFiles\rtos_typedefs.tmp_save
2023-04-15 13:32:16,689 [INFO] CodeEngine:279 - Generated code: C:\Users\jerzstaN\STM32CubeIDE\workspace\HelloWorld\MXTmpFiles\rtos_typedefs.tmp
2023-04-15 13:32:16,695 [INFO] CodeEngine:255 - oldGeneratedFile, C:\Users\jerzstaN\STM32CubeIDE\workspace\HelloWorld\MXTmpFiles\rtos_vars.tmp_save
2023-04-15 13:32:16,754 [INFO] CodeEngine:279 - Generated code: C:\Users\jerzstaN\STM32CubeIDE\workspace\HelloWorld\MXTmpFiles\rtos_vars.tmp
2023-04-15 13:32:16,760 [INFO] CodeEngine:255 - oldGeneratedFile, C:\Users\jerzstaN\STM32CubeIDE\workspace\HelloWorld\MXTmpFiles\rtos_pfp.tmp_save
2023-04-15 13:32:16,813 [INFO] CodeEngine:279 - Generated code: C:\Users\jerzstaN\STM32CubeIDE\workspace\HelloWorld\MXTmpFiles\rtos_pfp.tmp
2023-04-15 13:32:16,821 [INFO] CodeEngine:255 - oldGeneratedFile, C:\Users\jerzstaN\STM32CubeIDE\workspace\HelloWorld\MXTmpFiles\rtos_obj_creat.tmp_save
2023-04-15 13:32:16,886 [INFO] CodeEngine:279 - Generated code: C:\Users\jerzstaN\STM32CubeIDE\workspace\HelloWorld\MXTmpFiles\rtos_obj_creat.tmp
2023-04-15 13:32:16,893 [INFO] CodeEngine:255 - oldGeneratedFile, C:\Users\jerzstaN\STM32CubeIDE\workspace\HelloWorld\MXTmpFiles\rtos_default_thread.tmp_save
2023-04-15 13:32:16,953 [INFO] CodeEngine:279 - Generated code: C:\Users\jerzstaN\STM32CubeIDE\workspace\HelloWorld\MXTmpFiles\rtos_default_thread.tmp
2023-04-15 13:32:16,960 [INFO] CodeEngine:255 - oldGeneratedFile, C:\Users\jerzstaN\STM32CubeIDE\workspace\HelloWorld\MXTmpFiles\rtos_threads.tmp_save
2023-04-15 13:32:17,021 [INFO] CodeEngine:279 - Generated code: C:\Users\jerzstaN\STM32CubeIDE\workspace\HelloWorld\MXTmpFiles\rtos_threads.tmp
2023-04-15 13:32:17,030 [INFO] Middleware:1439 - No code input for Bsp Dependency
2023-04-15 13:32:17,047 [INFO] Middleware:1439 - No code input for Bsp Dependency
2023-04-15 13:32:17,064 [INFO] CodeEngine:255 - oldGeneratedFile, C:\Users\jerzstaN\STM32CubeIDE\workspace\HelloWorld\MXTmpFiles\rtos_inc.tmp_save
2023-04-15 13:32:17,128 [INFO] CodeEngine:279 - Generated code: C:\Users\jerzstaN\STM32CubeIDE\workspace\HelloWorld\MXTmpFiles\rtos_inc.tmp
2023-04-15 13:32:17,136 [INFO] CodeEngine:255 - oldGeneratedFile, C:\Users\jerzstaN\STM32CubeIDE\workspace\HelloWorld\MXTmpFiles\rtos_kernelInit.tmp_save
2023-04-15 13:32:17,199 [INFO] CodeEngine:279 - Generated code: C:\Users\jerzstaN\STM32CubeIDE\workspace\HelloWorld\MXTmpFiles\rtos_kernelInit.tmp
2023-04-15 13:32:17,210 [INFO] CodeEngine:255 - oldGeneratedFile, C:\Users\jerzstaN\STM32CubeIDE\workspace\HelloWorld\MXTmpFiles\rtos_kernelStart.tmp_save
2023-04-15 13:32:17,297 [INFO] CodeEngine:279 - Generated code: C:\Users\jerzstaN\STM32CubeIDE\workspace\HelloWorld\MXTmpFiles\rtos_kernelStart.tmp
2023-04-15 13:32:17,307 [INFO] CodeEngine:255 - oldGeneratedFile, C:\Users\jerzstaN\STM32CubeIDE\workspace\HelloWorld\MXTmpFiles\rtos_typedefs.tmp_save
2023-04-15 13:32:17,367 [INFO] CodeEngine:279 - Generated code: C:\Users\jerzstaN\STM32CubeIDE\workspace\HelloWorld\MXTmpFiles\rtos_typedefs.tmp
2023-04-15 13:32:17,381 [INFO] CodeEngine:255 - oldGeneratedFile, C:\Users\jerzstaN\STM32CubeIDE\workspace\HelloWorld\MXTmpFiles\rtos_vars.tmp_save
2023-04-15 13:32:17,456 [INFO] CodeEngine:279 - Generated code: C:\Users\jerzstaN\STM32CubeIDE\workspace\HelloWorld\MXTmpFiles\rtos_vars.tmp
2023-04-15 13:32:17,467 [INFO] CodeEngine:255 - oldGeneratedFile, C:\Users\jerzstaN\STM32CubeIDE\workspace\HelloWorld\MXTmpFiles\rtos_pfp.tmp_save
2023-04-15 13:32:17,525 [INFO] CodeEngine:279 - Generated code: C:\Users\jerzstaN\STM32CubeIDE\workspace\HelloWorld\MXTmpFiles\rtos_pfp.tmp
2023-04-15 13:32:17,536 [INFO] CodeEngine:255 - oldGeneratedFile, C:\Users\jerzstaN\STM32CubeIDE\workspace\HelloWorld\MXTmpFiles\rtos_obj_creat.tmp_save
2023-04-15 13:32:17,600 [INFO] CodeEngine:279 - Generated code: C:\Users\jerzstaN\STM32CubeIDE\workspace\HelloWorld\MXTmpFiles\rtos_obj_creat.tmp
2023-04-15 13:32:17,611 [INFO] CodeEngine:255 - oldGeneratedFile, C:\Users\jerzstaN\STM32CubeIDE\workspace\HelloWorld\MXTmpFiles\rtos_default_thread.tmp_save
2023-04-15 13:32:17,755 [INFO] CodeEngine:279 - Generated code: C:\Users\jerzstaN\STM32CubeIDE\workspace\HelloWorld\MXTmpFiles\rtos_default_thread.tmp
2023-04-15 13:32:17,770 [INFO] CodeEngine:255 - oldGeneratedFile, C:\Users\jerzstaN\STM32CubeIDE\workspace\HelloWorld\MXTmpFiles\rtos_threads.tmp_save
2023-04-15 13:32:17,847 [INFO] CodeEngine:279 - Generated code: C:\Users\jerzstaN\STM32CubeIDE\workspace\HelloWorld\MXTmpFiles\rtos_threads.tmp
2023-04-15 13:32:17,863 [INFO] CodeEngine:255 - oldGeneratedFile, C:\Users\jerzstaN\STM32CubeIDE\workspace\HelloWorld\Core\Inc\FreeRTOSConfig.h_save
2023-04-15 13:32:17,971 [INFO] CodeEngine:279 - Generated code: C:\Users\jerzstaN\STM32CubeIDE\workspace\HelloWorld\Core\Inc\FreeRTOSConfig.h
2023-04-15 13:32:17,988 [INFO] CodeEngine:255 - oldGeneratedFile, C:\Users\jerzstaN\STM32CubeIDE\workspace\HelloWorld\Core\Src\freertos.c_save
2023-04-15 13:32:18,079 [INFO] CodeEngine:279 - Generated code: C:\Users\jerzstaN\STM32CubeIDE\workspace\HelloWorld\Core\Src\freertos.c
2023-04-15 13:32:18,106 [INFO] CodeEngine:255 - oldGeneratedFile, C:\Users\jerzstaN\STM32CubeIDE\workspace\HelloWorld\MXTmpFiles\cortex.tmp_save
2023-04-15 13:32:18,189 [INFO] CodeEngine:279 - Generated code: C:\Users\jerzstaN\STM32CubeIDE\workspace\HelloWorld\MXTmpFiles\cortex.tmp
2023-04-15 13:32:18,203 [INFO] Middleware:1439 - No code input for Bsp Dependency
2023-04-15 13:32:18,243 [INFO] CodeEngine:255 - oldGeneratedFile, C:\Users\jerzstaN\STM32CubeIDE\workspace\HelloWorld\LWIP\App\lwip.c_save
2023-04-15 13:32:18,356 [INFO] CodeEngine:279 - Generated code: C:\Users\jerzstaN\STM32CubeIDE\workspace\HelloWorld\LWIP\App\lwip.c
2023-04-15 13:32:18,373 [INFO] CodeEngine:255 - oldGeneratedFile, C:\Users\jerzstaN\STM32CubeIDE\workspace\HelloWorld\LWIP\App\lwip.h_save
2023-04-15 13:32:18,473 [INFO] CodeEngine:279 - Generated code: C:\Users\jerzstaN\STM32CubeIDE\workspace\HelloWorld\LWIP\App\lwip.h
2023-04-15 13:32:18,494 [INFO] CodeEngine:255 - oldGeneratedFile, C:\Users\jerzstaN\STM32CubeIDE\workspace\HelloWorld\LWIP\Target\lwipopts.h_save
2023-04-15 13:32:18,710 [INFO] CodeEngine:279 - Generated code: C:\Users\jerzstaN\STM32CubeIDE\workspace\HelloWorld\LWIP\Target\lwipopts.h
2023-04-15 13:32:18,730 [INFO] CodeEngine:255 - oldGeneratedFile, C:\Users\jerzstaN\STM32CubeIDE\workspace\HelloWorld\LWIP\Target\ethernetif.c_save
2023-04-15 13:32:18,917 [INFO] CodeEngine:279 - Generated code: C:\Users\jerzstaN\STM32CubeIDE\workspace\HelloWorld\LWIP\Target\ethernetif.c
2023-04-15 13:32:18,938 [INFO] CodeEngine:255 - oldGeneratedFile, C:\Users\jerzstaN\STM32CubeIDE\workspace\HelloWorld\LWIP\Target\ethernetif.h_save
2023-04-15 13:32:19,037 [INFO] CodeEngine:279 - Generated code: C:\Users\jerzstaN\STM32CubeIDE\workspace\HelloWorld\LWIP\Target\ethernetif.h
2023-04-15 13:32:19,077 [INFO] CodeEngine:255 - oldGeneratedFile, C:\Users\jerzstaN\STM32CubeIDE\workspace\HelloWorld\Core\Src\stm32f7xx_it.c_save
2023-04-15 13:32:19,298 [INFO] CodeEngine:279 - Generated code: C:\Users\jerzstaN\STM32CubeIDE\workspace\HelloWorld\Core\Src\stm32f7xx_it.c
2023-04-15 13:32:19,312 [INFO] CodeEngine:255 - oldGeneratedFile, C:\Users\jerzstaN\STM32CubeIDE\workspace\HelloWorld\Core\Inc\stm32f7xx_it.h_save
2023-04-15 13:32:19,412 [INFO] CodeEngine:279 - Generated code: C:\Users\jerzstaN\STM32CubeIDE\workspace\HelloWorld\Core\Inc\stm32f7xx_it.h
2023-04-15 13:32:19,449 [INFO] CodeEngine:255 - oldGeneratedFile, C:\Users\jerzstaN\STM32CubeIDE\workspace\HelloWorld\Core\Src\stm32f7xx_hal_msp.c_save
2023-04-15 13:32:19,556 [INFO] CodeEngine:279 - Generated code: C:\Users\jerzstaN\STM32CubeIDE\workspace\HelloWorld\Core\Src\stm32f7xx_hal_msp.c
2023-04-15 13:32:19,565 [INFO] CodeEngine:255 - oldGeneratedFile, C:\Users\jerzstaN\STM32CubeIDE\workspace\HelloWorld\MXTmpFiles\system.tmp_save
2023-04-15 13:32:19,636 [INFO] CodeEngine:279 - Generated code: C:\Users\jerzstaN\STM32CubeIDE\workspace\HelloWorld\MXTmpFiles\system.tmp
2023-04-15 13:32:19,648 [INFO] CodeEngine:255 - oldGeneratedFile, C:\Users\jerzstaN\STM32CubeIDE\workspace\HelloWorld\Core\Src\stm32f7xx_hal_timebase_tim.c_save
2023-04-15 13:32:19,727 [INFO] CodeEngine:279 - Generated code: C:\Users\jerzstaN\STM32CubeIDE\workspace\HelloWorld\Core\Src\stm32f7xx_hal_timebase_tim.c
2023-04-15 13:32:19,753 [INFO] CodeEngine:311 - oldGeneratedFile, C:\Users\jerzstaN\STM32CubeIDE\workspace\HelloWorld\Core\Inc\stm32f7xx_hal_conf.h_save
2023-04-15 13:32:19,839 [INFO] CodeEngine:335 - Generated code: C:\Users\jerzstaN\STM32CubeIDE\workspace\HelloWorld\Core\Inc\stm32f7xx_hal_conf.h
2023-04-15 13:32:19,880 [INFO] CodeEngine:255 - oldGeneratedFile, C:\Users\jerzstaN\STM32CubeIDE\workspace\HelloWorld\Core\Inc\main.h_save
2023-04-15 13:32:19,986 [INFO] CodeEngine:279 - Generated code: C:\Users\jerzstaN\STM32CubeIDE\workspace\HelloWorld\Core\Inc\main.h
2023-04-15 13:32:20,007 [INFO] CodeEngine:255 - oldGeneratedFile, C:\Users\jerzstaN\STM32CubeIDE\workspace\HelloWorld\Core\Src\main.c_save
2023-04-15 13:32:20,134 [INFO] CodeEngine:279 - Generated code: C:\Users\jerzstaN\STM32CubeIDE\workspace\HelloWorld\Core\Src\main.c
2023-04-15 13:32:22,791 [INFO] ProjectBuilder:2996 - Time for Copy HAL[1] : 1871mS.
2023-04-15 13:32:22,803 [INFO] ProjectBuilder:4304 - Project Generator version: 3.19.2
2023-04-15 13:32:23,041 [INFO] ConfigFileManager:1483 - The Die is : DIE451
2023-04-15 13:32:26,583 [INFO] ProjectBuilder:4505 - Time for Generating toolchain IDE Files: 3778mS.
2023-04-15 13:32:26,585 [INFO] ProjectBuilder:2867 - Time for Copy CMSIS : 1mS.
2023-04-15 13:32:26,658 [INFO] ProjectBuilder:2867 - Time for Copy CMSIS : 0mS.
2023-04-15 13:49:10,432 [INFO] BspModel:203 - createCodeInput : Driver_PHY Template : 6 IPName :  IPMode :  Component : LAN8742 Solution : LAN8742 InstanceName : 
2023-04-15 13:49:14,566 [INFO] UtilMem:75 - End SaveConfig() Used Memory: 604158160 Bytes (1030750208)
2023-04-15 13:49:14,674 [INFO] UtilMem:75 - End SaveConfig() Used Memory: 630898896 Bytes (1030750208)
2023-04-15 13:49:15,288 [INFO] UtilMem:75 - End SaveConfig() Used Memory: 684376272 Bytes (1030750208)
2023-04-15 13:49:16,935 [INFO] BlockDiagram:2759 - set Specific Code input for plugin: FREERTOS
2023-04-15 13:49:16,936 [INFO] BlockDiagram:2759 - set Specific Code input for plugin: SYS
2023-04-15 13:49:16,936 [INFO] BlockDiagram:2759 - set Specific Code input for plugin: RCC
2023-04-15 13:49:16,936 [INFO] BlockDiagram:2759 - set Specific Code input for plugin: NVIC
2023-04-15 13:49:16,936 [INFO] BlockDiagram:2759 - set Specific Code input for plugin: LWIP
2023-04-15 13:49:16,936 [INFO] BlockDiagram:2759 - set Specific Code input for plugin: GPIO
2023-04-15 13:49:16,937 [INFO] BlockDiagram:2759 - set Specific Code input for plugin: ETH
2023-04-15 13:49:16,938 [INFO] CodeGenerator:793 - code generatio: config db path: C:\ST\STM32CubeIDE_1.12.0\STM32CubeIDE\plugins\com.st.stm32cube.common.mx_6.8.0.202302231600\\db\
2023-04-15 13:49:17,080 [INFO] CodeEngine:255 - oldGeneratedFile, C:\Users\jerzstaN\STM32CubeIDE\workspace\HelloWorld\MXTmpFiles\license.tmp_save
2023-04-15 13:49:17,129 [INFO] CodeEngine:279 - Generated code: C:\Users\jerzstaN\STM32CubeIDE\workspace\HelloWorld\MXTmpFiles\license.tmp
2023-04-15 13:49:17,154 [INFO] CodeEngine:255 - oldGeneratedFile, C:\Users\jerzstaN\STM32CubeIDE\workspace\HelloWorld\MXTmpFiles\gpio.tmp_save
2023-04-15 13:49:17,201 [INFO] CodeEngine:279 - Generated code: C:\Users\jerzstaN\STM32CubeIDE\workspace\HelloWorld\MXTmpFiles\gpio.tmp
2023-04-15 13:49:17,246 [INFO] CodeEngine:255 - oldGeneratedFile, C:\Users\jerzstaN\STM32CubeIDE\workspace\HelloWorld\MXTmpFiles\eth_vars.tmp_save
2023-04-15 13:49:17,292 [INFO] CodeEngine:279 - Generated code: C:\Users\jerzstaN\STM32CubeIDE\workspace\HelloWorld\MXTmpFiles\eth_vars.tmp
2023-04-15 13:49:17,295 [INFO] CodeEngine:255 - oldGeneratedFile, C:\Users\jerzstaN\STM32CubeIDE\workspace\HelloWorld\MXTmpFiles\eth_inc.tmp_save
2023-04-15 13:49:17,334 [INFO] CodeEngine:279 - Generated code: C:\Users\jerzstaN\STM32CubeIDE\workspace\HelloWorld\MXTmpFiles\eth_inc.tmp
2023-04-15 13:49:17,339 [INFO] CodeEngine:255 - oldGeneratedFile, C:\Users\jerzstaN\STM32CubeIDE\workspace\HelloWorld\MXTmpFiles\eth_HalInit.tmp_save
2023-04-15 13:49:17,389 [INFO] CodeEngine:279 - Generated code: C:\Users\jerzstaN\STM32CubeIDE\workspace\HelloWorld\MXTmpFiles\eth_HalInit.tmp
2023-04-15 13:49:17,396 [INFO] CodeEngine:255 - oldGeneratedFile, C:\Users\jerzstaN\STM32CubeIDE\workspace\HelloWorld\MXTmpFiles\eth_Msp.tmp_save
2023-04-15 13:49:17,530 [INFO] CodeEngine:279 - Generated code: C:\Users\jerzstaN\STM32CubeIDE\workspace\HelloWorld\MXTmpFiles\eth_Msp.tmp
2023-04-15 13:49:17,613 [INFO] Middleware:1439 - No code input for Bsp Dependency
2023-04-15 13:49:17,621 [INFO] CodeEngine:255 - oldGeneratedFile, C:\Users\jerzstaN\STM32CubeIDE\workspace\HelloWorld\MXTmpFiles\rtos_inc.tmp_save
2023-04-15 13:49:17,662 [INFO] CodeEngine:279 - Generated code: C:\Users\jerzstaN\STM32CubeIDE\workspace\HelloWorld\MXTmpFiles\rtos_inc.tmp
2023-04-15 13:49:17,667 [INFO] CodeEngine:255 - oldGeneratedFile, C:\Users\jerzstaN\STM32CubeIDE\workspace\HelloWorld\MXTmpFiles\rtos_kernelInit.tmp_save
2023-04-15 13:49:17,709 [INFO] CodeEngine:279 - Generated code: C:\Users\jerzstaN\STM32CubeIDE\workspace\HelloWorld\MXTmpFiles\rtos_kernelInit.tmp
2023-04-15 13:49:17,713 [INFO] CodeEngine:255 - oldGeneratedFile, C:\Users\jerzstaN\STM32CubeIDE\workspace\HelloWorld\MXTmpFiles\rtos_kernelStart.tmp_save
2023-04-15 13:49:17,751 [INFO] CodeEngine:279 - Generated code: C:\Users\jerzstaN\STM32CubeIDE\workspace\HelloWorld\MXTmpFiles\rtos_kernelStart.tmp
2023-04-15 13:49:17,757 [INFO] CodeEngine:255 - oldGeneratedFile, C:\Users\jerzstaN\STM32CubeIDE\workspace\HelloWorld\MXTmpFiles\rtos_typedefs.tmp_save
2023-04-15 13:49:17,797 [INFO] CodeEngine:279 - Generated code: C:\Users\jerzstaN\STM32CubeIDE\workspace\HelloWorld\MXTmpFiles\rtos_typedefs.tmp
2023-04-15 13:49:17,802 [INFO] CodeEngine:255 - oldGeneratedFile, C:\Users\jerzstaN\STM32CubeIDE\workspace\HelloWorld\MXTmpFiles\rtos_vars.tmp_save
2023-04-15 13:49:17,844 [INFO] CodeEngine:279 - Generated code: C:\Users\jerzstaN\STM32CubeIDE\workspace\HelloWorld\MXTmpFiles\rtos_vars.tmp
2023-04-15 13:49:17,848 [INFO] CodeEngine:255 - oldGeneratedFile, C:\Users\jerzstaN\STM32CubeIDE\workspace\HelloWorld\MXTmpFiles\rtos_pfp.tmp_save
2023-04-15 13:49:17,888 [INFO] CodeEngine:279 - Generated code: C:\Users\jerzstaN\STM32CubeIDE\workspace\HelloWorld\MXTmpFiles\rtos_pfp.tmp
2023-04-15 13:49:17,893 [INFO] CodeEngine:255 - oldGeneratedFile, C:\Users\jerzstaN\STM32CubeIDE\workspace\HelloWorld\MXTmpFiles\rtos_obj_creat.tmp_save
2023-04-15 13:49:17,935 [INFO] CodeEngine:279 - Generated code: C:\Users\jerzstaN\STM32CubeIDE\workspace\HelloWorld\MXTmpFiles\rtos_obj_creat.tmp
2023-04-15 13:49:17,940 [INFO] CodeEngine:255 - oldGeneratedFile, C:\Users\jerzstaN\STM32CubeIDE\workspace\HelloWorld\MXTmpFiles\rtos_default_thread.tmp_save
2023-04-15 13:49:17,980 [INFO] CodeEngine:279 - Generated code: C:\Users\jerzstaN\STM32CubeIDE\workspace\HelloWorld\MXTmpFiles\rtos_default_thread.tmp
2023-04-15 13:49:17,983 [INFO] CodeEngine:255 - oldGeneratedFile, C:\Users\jerzstaN\STM32CubeIDE\workspace\HelloWorld\MXTmpFiles\rtos_threads.tmp_save
2023-04-15 13:49:18,024 [INFO] CodeEngine:279 - Generated code: C:\Users\jerzstaN\STM32CubeIDE\workspace\HelloWorld\MXTmpFiles\rtos_threads.tmp
2023-04-15 13:49:18,031 [INFO] Middleware:1439 - No code input for Bsp Dependency
2023-04-15 13:49:18,040 [INFO] Middleware:1439 - No code input for Bsp Dependency
2023-04-15 13:49:18,050 [INFO] CodeEngine:255 - oldGeneratedFile, C:\Users\jerzstaN\STM32CubeIDE\workspace\HelloWorld\MXTmpFiles\rtos_inc.tmp_save
2023-04-15 13:49:18,093 [INFO] CodeEngine:279 - Generated code: C:\Users\jerzstaN\STM32CubeIDE\workspace\HelloWorld\MXTmpFiles\rtos_inc.tmp
2023-04-15 13:49:18,100 [INFO] CodeEngine:255 - oldGeneratedFile, C:\Users\jerzstaN\STM32CubeIDE\workspace\HelloWorld\MXTmpFiles\rtos_kernelInit.tmp_save
2023-04-15 13:49:18,142 [INFO] CodeEngine:279 - Generated code: C:\Users\jerzstaN\STM32CubeIDE\workspace\HelloWorld\MXTmpFiles\rtos_kernelInit.tmp
2023-04-15 13:49:18,148 [INFO] CodeEngine:255 - oldGeneratedFile, C:\Users\jerzstaN\STM32CubeIDE\workspace\HelloWorld\MXTmpFiles\rtos_kernelStart.tmp_save
2023-04-15 13:49:18,189 [INFO] CodeEngine:279 - Generated code: C:\Users\jerzstaN\STM32CubeIDE\workspace\HelloWorld\MXTmpFiles\rtos_kernelStart.tmp
2023-04-15 13:49:18,195 [INFO] CodeEngine:255 - oldGeneratedFile, C:\Users\jerzstaN\STM32CubeIDE\workspace\HelloWorld\MXTmpFiles\rtos_typedefs.tmp_save
2023-04-15 13:49:18,236 [INFO] CodeEngine:279 - Generated code: C:\Users\jerzstaN\STM32CubeIDE\workspace\HelloWorld\MXTmpFiles\rtos_typedefs.tmp
2023-04-15 13:49:18,243 [INFO] CodeEngine:255 - oldGeneratedFile, C:\Users\jerzstaN\STM32CubeIDE\workspace\HelloWorld\MXTmpFiles\rtos_vars.tmp_save
2023-04-15 13:49:18,288 [INFO] CodeEngine:279 - Generated code: C:\Users\jerzstaN\STM32CubeIDE\workspace\HelloWorld\MXTmpFiles\rtos_vars.tmp
2023-04-15 13:49:18,293 [INFO] CodeEngine:255 - oldGeneratedFile, C:\Users\jerzstaN\STM32CubeIDE\workspace\HelloWorld\MXTmpFiles\rtos_pfp.tmp_save
2023-04-15 13:49:18,335 [INFO] CodeEngine:279 - Generated code: C:\Users\jerzstaN\STM32CubeIDE\workspace\HelloWorld\MXTmpFiles\rtos_pfp.tmp
2023-04-15 13:49:18,342 [INFO] CodeEngine:255 - oldGeneratedFile, C:\Users\jerzstaN\STM32CubeIDE\workspace\HelloWorld\MXTmpFiles\rtos_obj_creat.tmp_save
2023-04-15 13:49:18,389 [INFO] CodeEngine:279 - Generated code: C:\Users\jerzstaN\STM32CubeIDE\workspace\HelloWorld\MXTmpFiles\rtos_obj_creat.tmp
2023-04-15 13:49:18,396 [INFO] CodeEngine:255 - oldGeneratedFile, C:\Users\jerzstaN\STM32CubeIDE\workspace\HelloWorld\MXTmpFiles\rtos_default_thread.tmp_save
2023-04-15 13:49:18,438 [INFO] CodeEngine:279 - Generated code: C:\Users\jerzstaN\STM32CubeIDE\workspace\HelloWorld\MXTmpFiles\rtos_default_thread.tmp
2023-04-15 13:49:18,446 [INFO] CodeEngine:255 - oldGeneratedFile, C:\Users\jerzstaN\STM32CubeIDE\workspace\HelloWorld\MXTmpFiles\rtos_threads.tmp_save
2023-04-15 13:49:18,485 [INFO] CodeEngine:279 - Generated code: C:\Users\jerzstaN\STM32CubeIDE\workspace\HelloWorld\MXTmpFiles\rtos_threads.tmp
2023-04-15 13:49:18,494 [INFO] CodeEngine:255 - oldGeneratedFile, C:\Users\jerzstaN\STM32CubeIDE\workspace\HelloWorld\Core\Inc\FreeRTOSConfig.h_save
2023-04-15 13:49:18,556 [INFO] CodeEngine:279 - Generated code: C:\Users\jerzstaN\STM32CubeIDE\workspace\HelloWorld\Core\Inc\FreeRTOSConfig.h
2023-04-15 13:49:18,567 [INFO] CodeEngine:255 - oldGeneratedFile, C:\Users\jerzstaN\STM32CubeIDE\workspace\HelloWorld\Core\Src\freertos.c_save
2023-04-15 13:49:18,615 [INFO] CodeEngine:279 - Generated code: C:\Users\jerzstaN\STM32CubeIDE\workspace\HelloWorld\Core\Src\freertos.c
2023-04-15 13:49:18,626 [INFO] CodeEngine:255 - oldGeneratedFile, C:\Users\jerzstaN\STM32CubeIDE\workspace\HelloWorld\MXTmpFiles\cortex.tmp_save
2023-04-15 13:49:18,670 [INFO] CodeEngine:279 - Generated code: C:\Users\jerzstaN\STM32CubeIDE\workspace\HelloWorld\MXTmpFiles\cortex.tmp
2023-04-15 13:49:18,680 [INFO] Middleware:1439 - No code input for Bsp Dependency
2023-04-15 13:49:18,700 [INFO] CodeEngine:255 - oldGeneratedFile, C:\Users\jerzstaN\STM32CubeIDE\workspace\HelloWorld\LWIP\App\lwip.c_save
2023-04-15 13:49:18,765 [INFO] CodeEngine:279 - Generated code: C:\Users\jerzstaN\STM32CubeIDE\workspace\HelloWorld\LWIP\App\lwip.c
2023-04-15 13:49:18,772 [INFO] CodeEngine:255 - oldGeneratedFile, C:\Users\jerzstaN\STM32CubeIDE\workspace\HelloWorld\LWIP\App\lwip.h_save
2023-04-15 13:49:18,826 [INFO] CodeEngine:279 - Generated code: C:\Users\jerzstaN\STM32CubeIDE\workspace\HelloWorld\LWIP\App\lwip.h
2023-04-15 13:49:18,835 [INFO] CodeEngine:255 - oldGeneratedFile, C:\Users\jerzstaN\STM32CubeIDE\workspace\HelloWorld\LWIP\Target\lwipopts.h_save
2023-04-15 13:49:18,942 [INFO] CodeEngine:279 - Generated code: C:\Users\jerzstaN\STM32CubeIDE\workspace\HelloWorld\LWIP\Target\lwipopts.h
2023-04-15 13:49:18,953 [INFO] CodeEngine:255 - oldGeneratedFile, C:\Users\jerzstaN\STM32CubeIDE\workspace\HelloWorld\LWIP\Target\ethernetif.c_save
2023-04-15 13:49:19,031 [INFO] CodeEngine:279 - Generated code: C:\Users\jerzstaN\STM32CubeIDE\workspace\HelloWorld\LWIP\Target\ethernetif.c
2023-04-15 13:49:19,039 [INFO] CodeEngine:255 - oldGeneratedFile, C:\Users\jerzstaN\STM32CubeIDE\workspace\HelloWorld\LWIP\Target\ethernetif.h_save
2023-04-15 13:49:19,134 [INFO] CodeEngine:279 - Generated code: C:\Users\jerzstaN\STM32CubeIDE\workspace\HelloWorld\LWIP\Target\ethernetif.h
2023-04-15 13:49:19,154 [INFO] CodeEngine:255 - oldGeneratedFile, C:\Users\jerzstaN\STM32CubeIDE\workspace\HelloWorld\Core\Src\stm32f7xx_it.c_save
2023-04-15 13:49:19,270 [INFO] CodeEngine:279 - Generated code: C:\Users\jerzstaN\STM32CubeIDE\workspace\HelloWorld\Core\Src\stm32f7xx_it.c
2023-04-15 13:49:19,276 [INFO] CodeEngine:255 - oldGeneratedFile, C:\Users\jerzstaN\STM32CubeIDE\workspace\HelloWorld\Core\Inc\stm32f7xx_it.h_save
2023-04-15 13:49:19,359 [INFO] CodeEngine:279 - Generated code: C:\Users\jerzstaN\STM32CubeIDE\workspace\HelloWorld\Core\Inc\stm32f7xx_it.h
2023-04-15 13:49:19,378 [INFO] CodeEngine:255 - oldGeneratedFile, C:\Users\jerzstaN\STM32CubeIDE\workspace\HelloWorld\Core\Src\stm32f7xx_hal_msp.c_save
2023-04-15 13:49:19,438 [INFO] CodeEngine:279 - Generated code: C:\Users\jerzstaN\STM32CubeIDE\workspace\HelloWorld\Core\Src\stm32f7xx_hal_msp.c
2023-04-15 13:49:19,444 [INFO] CodeEngine:255 - oldGeneratedFile, C:\Users\jerzstaN\STM32CubeIDE\workspace\HelloWorld\MXTmpFiles\system.tmp_save
2023-04-15 13:49:19,487 [INFO] CodeEngine:279 - Generated code: C:\Users\jerzstaN\STM32CubeIDE\workspace\HelloWorld\MXTmpFiles\system.tmp
2023-04-15 13:49:19,495 [INFO] CodeEngine:255 - oldGeneratedFile, C:\Users\jerzstaN\STM32CubeIDE\workspace\HelloWorld\Core\Src\stm32f7xx_hal_timebase_tim.c_save
2023-04-15 13:49:19,542 [INFO] CodeEngine:279 - Generated code: C:\Users\jerzstaN\STM32CubeIDE\workspace\HelloWorld\Core\Src\stm32f7xx_hal_timebase_tim.c
2023-04-15 13:49:19,556 [INFO] CodeEngine:311 - oldGeneratedFile, C:\Users\jerzstaN\STM32CubeIDE\workspace\HelloWorld\Core\Inc\stm32f7xx_hal_conf.h_save
2023-04-15 13:49:19,606 [INFO] CodeEngine:335 - Generated code: C:\Users\jerzstaN\STM32CubeIDE\workspace\HelloWorld\Core\Inc\stm32f7xx_hal_conf.h
2023-04-15 13:49:19,629 [INFO] CodeEngine:255 - oldGeneratedFile, C:\Users\jerzstaN\STM32CubeIDE\workspace\HelloWorld\Core\Inc\main.h_save
2023-04-15 13:49:19,684 [INFO] CodeEngine:279 - Generated code: C:\Users\jerzstaN\STM32CubeIDE\workspace\HelloWorld\Core\Inc\main.h
2023-04-15 13:49:19,694 [INFO] CodeEngine:255 - oldGeneratedFile, C:\Users\jerzstaN\STM32CubeIDE\workspace\HelloWorld\Core\Src\main.c_save
2023-04-15 13:49:19,773 [INFO] CodeEngine:279 - Generated code: C:\Users\jerzstaN\STM32CubeIDE\workspace\HelloWorld\Core\Src\main.c
2023-04-15 13:49:21,255 [INFO] ProjectBuilder:2996 - Time for Copy HAL[1] : 1112mS.
2023-04-15 13:49:21,267 [INFO] ProjectBuilder:4304 - Project Generator version: 3.19.2
2023-04-15 13:49:21,606 [INFO] ConfigFileManager:1483 - The Die is : DIE451
2023-04-15 13:49:23,075 [INFO] ProjectBuilder:4505 - Time for Generating toolchain IDE Files: 1808mS.
2023-04-15 13:49:23,076 [INFO] ProjectBuilder:2867 - Time for Copy CMSIS : 1mS.
2023-04-15 13:49:23,104 [INFO] ProjectBuilder:2867 - Time for Copy CMSIS : 0mS.
