2023-06-06 23:44:54,594 [INFO] NvicIntPanel:101 - NVIC parent = com.st.microxplorer.plugins.ip.nvic.MultiNvicIntPanel[,0,0,622x273,layout=javax.swing.BoxLayout,alignmentX=0.0,alignmentY=0.0,border=,flags=9,maximumSize=,minimumSize=,preferredSize=]
2023-06-06 23:45:03,370 [INFO] UtilMem:75 - End SaveConfig() Used Memory: 746342936 Bytes (1055916032)
2023-06-06 23:45:03,510 [INFO] UtilMem:75 - End SaveConfig() Used Memory: 772557336 Bytes (1055916032)
2023-06-06 23:45:04,263 [INFO] UtilMem:75 - End SaveConfig() Used Memory: 887900696 Bytes (1055916032)
2023-06-06 23:45:04,618 [INFO] BlockDiagram:2759 - set Specific Code input for plugin: FREERTOS
2023-06-06 23:45:04,618 [INFO] BlockDiagram:2759 - set Specific Code input for plugin: SYS
2023-06-06 23:45:04,618 [INFO] BlockDiagram:2759 - set Specific Code input for plugin: RCC
2023-06-06 23:45:04,618 [INFO] BlockDiagram:2759 - set Specific Code input for plugin: RTC
2023-06-06 23:45:04,618 [INFO] BlockDiagram:2759 - set Specific Code input for plugin: NVIC
2023-06-06 23:45:04,618 [INFO] BlockDiagram:2759 - set Specific Code input for plugin: LWIP
2023-06-06 23:45:04,618 [INFO] BlockDiagram:2759 - set Specific Code input for plugin: CORTEX_M7
2023-06-06 23:45:04,618 [INFO] BlockDiagram:2759 - set Specific Code input for plugin: GPIO
2023-06-06 23:45:04,618 [INFO] BlockDiagram:2759 - set Specific Code input for plugin: ETH
2023-06-06 23:45:04,618 [INFO] CodeGenerator:793 - code generatio: config db path: C:\ST\STM32CubeIDE_1.12.0\STM32CubeIDE\plugins\com.st.stm32cube.common.mx_6.8.0.202302231600\\db\
2023-06-06 23:45:04,965 [INFO] CodeEngine:255 - oldGeneratedFile, C:\Users\jerzstaN\STM32CubeIDE\workspace\HelloWorld\MXTmpFiles\license.tmp_save
2023-06-06 23:45:05,044 [INFO] CodeEngine:279 - Generated code: C:\Users\jerzstaN\STM32CubeIDE\workspace\HelloWorld\MXTmpFiles\license.tmp
2023-06-06 23:45:05,152 [INFO] CodeEngine:255 - oldGeneratedFile, C:\Users\jerzstaN\STM32CubeIDE\workspace\HelloWorld\MXTmpFiles\gpio.tmp_save
2023-06-06 23:45:05,208 [INFO] CodeEngine:279 - Generated code: C:\Users\jerzstaN\STM32CubeIDE\workspace\HelloWorld\MXTmpFiles\gpio.tmp
2023-06-06 23:45:05,270 [INFO] CodeEngine:255 - oldGeneratedFile, C:\Users\jerzstaN\STM32CubeIDE\workspace\HelloWorld\MXTmpFiles\eth_vars.tmp_save
2023-06-06 23:45:05,318 [INFO] CodeEngine:279 - Generated code: C:\Users\jerzstaN\STM32CubeIDE\workspace\HelloWorld\MXTmpFiles\eth_vars.tmp
2023-06-06 23:45:05,318 [INFO] CodeEngine:255 - oldGeneratedFile, C:\Users\jerzstaN\STM32CubeIDE\workspace\HelloWorld\MXTmpFiles\eth_inc.tmp_save
2023-06-06 23:45:05,366 [INFO] CodeEngine:279 - Generated code: C:\Users\jerzstaN\STM32CubeIDE\workspace\HelloWorld\MXTmpFiles\eth_inc.tmp
2023-06-06 23:45:05,382 [INFO] CodeEngine:255 - oldGeneratedFile, C:\Users\jerzstaN\STM32CubeIDE\workspace\HelloWorld\MXTmpFiles\eth_HalInit.tmp_save
2023-06-06 23:45:05,481 [INFO] CodeEngine:279 - Generated code: C:\Users\jerzstaN\STM32CubeIDE\workspace\HelloWorld\MXTmpFiles\eth_HalInit.tmp
2023-06-06 23:45:05,481 [INFO] CodeEngine:255 - oldGeneratedFile, C:\Users\jerzstaN\STM32CubeIDE\workspace\HelloWorld\MXTmpFiles\eth_Msp.tmp_save
2023-06-06 23:45:05,545 [INFO] CodeEngine:279 - Generated code: C:\Users\jerzstaN\STM32CubeIDE\workspace\HelloWorld\MXTmpFiles\eth_Msp.tmp
2023-06-06 23:45:05,686 [INFO] Middleware:1439 - No code input for Bsp Dependency
2023-06-06 23:45:05,702 [INFO] CodeEngine:255 - oldGeneratedFile, C:\Users\jerzstaN\STM32CubeIDE\workspace\HelloWorld\MXTmpFiles\rtos_inc.tmp_save
2023-06-06 23:45:05,757 [INFO] CodeEngine:279 - Generated code: C:\Users\jerzstaN\STM32CubeIDE\workspace\HelloWorld\MXTmpFiles\rtos_inc.tmp
2023-06-06 23:45:05,757 [INFO] CodeEngine:255 - oldGeneratedFile, C:\Users\jerzstaN\STM32CubeIDE\workspace\HelloWorld\MXTmpFiles\rtos_vars.tmp_save
2023-06-06 23:45:05,803 [INFO] CodeEngine:279 - Generated code: C:\Users\jerzstaN\STM32CubeIDE\workspace\HelloWorld\MXTmpFiles\rtos_vars.tmp
2023-06-06 23:45:05,819 [INFO] CodeEngine:255 - oldGeneratedFile, C:\Users\jerzstaN\STM32CubeIDE\workspace\HelloWorld\MXTmpFiles\rtos_pfp.tmp_save
2023-06-06 23:45:05,870 [INFO] CodeEngine:279 - Generated code: C:\Users\jerzstaN\STM32CubeIDE\workspace\HelloWorld\MXTmpFiles\rtos_pfp.tmp
2023-06-06 23:45:05,876 [INFO] CodeEngine:255 - oldGeneratedFile, C:\Users\jerzstaN\STM32CubeIDE\workspace\HelloWorld\MXTmpFiles\rtos_obj_creat.tmp_save
2023-06-06 23:45:05,924 [INFO] CodeEngine:279 - Generated code: C:\Users\jerzstaN\STM32CubeIDE\workspace\HelloWorld\MXTmpFiles\rtos_obj_creat.tmp
2023-06-06 23:45:05,925 [INFO] CodeEngine:255 - oldGeneratedFile, C:\Users\jerzstaN\STM32CubeIDE\workspace\HelloWorld\MXTmpFiles\rtos_kernelStart.tmp_save
2023-06-06 23:45:05,962 [INFO] CodeEngine:279 - Generated code: C:\Users\jerzstaN\STM32CubeIDE\workspace\HelloWorld\MXTmpFiles\rtos_kernelStart.tmp
2023-06-06 23:45:05,962 [INFO] CodeEngine:255 - oldGeneratedFile, C:\Users\jerzstaN\STM32CubeIDE\workspace\HelloWorld\MXTmpFiles\rtos_default_thread.tmp_save
2023-06-06 23:45:06,021 [INFO] CodeEngine:279 - Generated code: C:\Users\jerzstaN\STM32CubeIDE\workspace\HelloWorld\MXTmpFiles\rtos_default_thread.tmp
2023-06-06 23:45:06,022 [INFO] CodeEngine:255 - oldGeneratedFile, C:\Users\jerzstaN\STM32CubeIDE\workspace\HelloWorld\MXTmpFiles\rtos_threads.tmp_save
2023-06-06 23:45:06,055 [INFO] CodeEngine:279 - Generated code: C:\Users\jerzstaN\STM32CubeIDE\workspace\HelloWorld\MXTmpFiles\rtos_threads.tmp
2023-06-06 23:45:06,088 [INFO] Middleware:1439 - No code input for Bsp Dependency
2023-06-06 23:45:06,101 [INFO] Middleware:1439 - No code input for Bsp Dependency
2023-06-06 23:45:06,120 [INFO] CodeEngine:255 - oldGeneratedFile, C:\Users\jerzstaN\STM32CubeIDE\workspace\HelloWorld\MXTmpFiles\rtos_inc.tmp_save
2023-06-06 23:45:06,168 [INFO] CodeEngine:279 - Generated code: C:\Users\jerzstaN\STM32CubeIDE\workspace\HelloWorld\MXTmpFiles\rtos_inc.tmp
2023-06-06 23:45:06,168 [INFO] CodeEngine:255 - oldGeneratedFile, C:\Users\jerzstaN\STM32CubeIDE\workspace\HelloWorld\MXTmpFiles\rtos_vars.tmp_save
2023-06-06 23:45:06,237 [INFO] CodeEngine:279 - Generated code: C:\Users\jerzstaN\STM32CubeIDE\workspace\HelloWorld\MXTmpFiles\rtos_vars.tmp
2023-06-06 23:45:06,237 [INFO] CodeEngine:255 - oldGeneratedFile, C:\Users\jerzstaN\STM32CubeIDE\workspace\HelloWorld\MXTmpFiles\rtos_pfp.tmp_save
2023-06-06 23:45:06,303 [INFO] CodeEngine:279 - Generated code: C:\Users\jerzstaN\STM32CubeIDE\workspace\HelloWorld\MXTmpFiles\rtos_pfp.tmp
2023-06-06 23:45:06,315 [INFO] CodeEngine:255 - oldGeneratedFile, C:\Users\jerzstaN\STM32CubeIDE\workspace\HelloWorld\MXTmpFiles\rtos_obj_creat.tmp_save
2023-06-06 23:45:06,363 [INFO] CodeEngine:279 - Generated code: C:\Users\jerzstaN\STM32CubeIDE\workspace\HelloWorld\MXTmpFiles\rtos_obj_creat.tmp
2023-06-06 23:45:06,380 [INFO] CodeEngine:255 - oldGeneratedFile, C:\Users\jerzstaN\STM32CubeIDE\workspace\HelloWorld\MXTmpFiles\rtos_kernelStart.tmp_save
2023-06-06 23:45:06,427 [INFO] CodeEngine:279 - Generated code: C:\Users\jerzstaN\STM32CubeIDE\workspace\HelloWorld\MXTmpFiles\rtos_kernelStart.tmp
2023-06-06 23:45:06,427 [INFO] CodeEngine:255 - oldGeneratedFile, C:\Users\jerzstaN\STM32CubeIDE\workspace\HelloWorld\MXTmpFiles\rtos_default_thread.tmp_save
2023-06-06 23:45:06,476 [INFO] CodeEngine:279 - Generated code: C:\Users\jerzstaN\STM32CubeIDE\workspace\HelloWorld\MXTmpFiles\rtos_default_thread.tmp
2023-06-06 23:45:06,476 [INFO] CodeEngine:255 - oldGeneratedFile, C:\Users\jerzstaN\STM32CubeIDE\workspace\HelloWorld\MXTmpFiles\rtos_threads.tmp_save
2023-06-06 23:45:06,598 [INFO] CodeEngine:279 - Generated code: C:\Users\jerzstaN\STM32CubeIDE\workspace\HelloWorld\MXTmpFiles\rtos_threads.tmp
2023-06-06 23:45:06,614 [INFO] CodeEngine:255 - oldGeneratedFile, C:\Users\jerzstaN\STM32CubeIDE\workspace\HelloWorld\Core\Inc\FreeRTOSConfig.h_save
2023-06-06 23:45:06,669 [INFO] CodeEngine:279 - Generated code: C:\Users\jerzstaN\STM32CubeIDE\workspace\HelloWorld\Core\Inc\FreeRTOSConfig.h
2023-06-06 23:45:06,669 [INFO] CodeEngine:255 - oldGeneratedFile, C:\Users\jerzstaN\STM32CubeIDE\workspace\HelloWorld\Core\Src\freertos.c_save
2023-06-06 23:45:06,746 [INFO] CodeEngine:279 - Generated code: C:\Users\jerzstaN\STM32CubeIDE\workspace\HelloWorld\Core\Src\freertos.c
2023-06-06 23:45:06,761 [INFO] CodeEngine:255 - oldGeneratedFile, C:\Users\jerzstaN\STM32CubeIDE\workspace\HelloWorld\MXTmpFiles\cortex.tmp_save
2023-06-06 23:45:06,810 [INFO] CodeEngine:279 - Generated code: C:\Users\jerzstaN\STM32CubeIDE\workspace\HelloWorld\MXTmpFiles\cortex.tmp
2023-06-06 23:45:06,810 [INFO] Middleware:1439 - No code input for Bsp Dependency
2023-06-06 23:45:06,827 [INFO] CodeEngine:255 - oldGeneratedFile, C:\Users\jerzstaN\STM32CubeIDE\workspace\HelloWorld\LWIP\App\lwip.c_save
2023-06-06 23:45:06,892 [INFO] CodeEngine:279 - Generated code: C:\Users\jerzstaN\STM32CubeIDE\workspace\HelloWorld\LWIP\App\lwip.c
2023-06-06 23:45:06,892 [INFO] CodeEngine:255 - oldGeneratedFile, C:\Users\jerzstaN\STM32CubeIDE\workspace\HelloWorld\LWIP\App\lwip.h_save
2023-06-06 23:45:06,942 [INFO] CodeEngine:279 - Generated code: C:\Users\jerzstaN\STM32CubeIDE\workspace\HelloWorld\LWIP\App\lwip.h
2023-06-06 23:45:06,958 [INFO] CodeEngine:255 - oldGeneratedFile, C:\Users\jerzstaN\STM32CubeIDE\workspace\HelloWorld\LWIP\Target\lwipopts.h_save
2023-06-06 23:45:07,065 [INFO] CodeEngine:279 - Generated code: C:\Users\jerzstaN\STM32CubeIDE\workspace\HelloWorld\LWIP\Target\lwipopts.h
2023-06-06 23:45:07,084 [INFO] CodeEngine:255 - oldGeneratedFile, C:\Users\jerzstaN\STM32CubeIDE\workspace\HelloWorld\LWIP\Target\ethernetif.c_save
2023-06-06 23:45:07,139 [INFO] CodeEngine:279 - Generated code: C:\Users\jerzstaN\STM32CubeIDE\workspace\HelloWorld\LWIP\Target\ethernetif.c
2023-06-06 23:45:07,155 [INFO] CodeEngine:255 - oldGeneratedFile, C:\Users\jerzstaN\STM32CubeIDE\workspace\HelloWorld\LWIP\Target\ethernetif.h_save
2023-06-06 23:45:07,204 [INFO] CodeEngine:279 - Generated code: C:\Users\jerzstaN\STM32CubeIDE\workspace\HelloWorld\LWIP\Target\ethernetif.h
2023-06-06 23:45:07,238 [INFO] CodeEngine:255 - oldGeneratedFile, C:\Users\jerzstaN\STM32CubeIDE\workspace\HelloWorld\Core\Src\stm32f7xx_it.c_save
2023-06-06 23:45:07,334 [INFO] CodeEngine:279 - Generated code: C:\Users\jerzstaN\STM32CubeIDE\workspace\HelloWorld\Core\Src\stm32f7xx_it.c
2023-06-06 23:45:07,355 [INFO] CodeEngine:255 - oldGeneratedFile, C:\Users\jerzstaN\STM32CubeIDE\workspace\HelloWorld\Core\Inc\stm32f7xx_it.h_save
2023-06-06 23:45:07,400 [INFO] CodeEngine:279 - Generated code: C:\Users\jerzstaN\STM32CubeIDE\workspace\HelloWorld\Core\Inc\stm32f7xx_it.h
2023-06-06 23:45:07,418 [INFO] CodeEngine:255 - oldGeneratedFile, C:\Users\jerzstaN\STM32CubeIDE\workspace\HelloWorld\Core\Src\stm32f7xx_hal_msp.c_save
2023-06-06 23:45:07,505 [INFO] CodeEngine:279 - Generated code: C:\Users\jerzstaN\STM32CubeIDE\workspace\HelloWorld\Core\Src\stm32f7xx_hal_msp.c
2023-06-06 23:45:07,505 [INFO] CodeEngine:255 - oldGeneratedFile, C:\Users\jerzstaN\STM32CubeIDE\workspace\HelloWorld\MXTmpFiles\system.tmp_save
2023-06-06 23:45:07,583 [INFO] CodeEngine:279 - Generated code: C:\Users\jerzstaN\STM32CubeIDE\workspace\HelloWorld\MXTmpFiles\system.tmp
2023-06-06 23:45:07,593 [INFO] CodeEngine:255 - oldGeneratedFile, C:\Users\jerzstaN\STM32CubeIDE\workspace\HelloWorld\Core\Src\stm32f7xx_hal_timebase_tim.c_save
2023-06-06 23:45:07,645 [INFO] CodeEngine:279 - Generated code: C:\Users\jerzstaN\STM32CubeIDE\workspace\HelloWorld\Core\Src\stm32f7xx_hal_timebase_tim.c
2023-06-06 23:45:07,661 [INFO] CodeEngine:311 - oldGeneratedFile, C:\Users\jerzstaN\STM32CubeIDE\workspace\HelloWorld\Core\Inc\stm32f7xx_hal_conf.h_save
2023-06-06 23:45:07,744 [INFO] CodeEngine:335 - Generated code: C:\Users\jerzstaN\STM32CubeIDE\workspace\HelloWorld\Core\Inc\stm32f7xx_hal_conf.h
2023-06-06 23:45:07,778 [INFO] CodeEngine:255 - oldGeneratedFile, C:\Users\jerzstaN\STM32CubeIDE\workspace\HelloWorld\Core\Inc\main.h_save
2023-06-06 23:45:07,854 [INFO] CodeEngine:279 - Generated code: C:\Users\jerzstaN\STM32CubeIDE\workspace\HelloWorld\Core\Inc\main.h
2023-06-06 23:45:07,870 [INFO] CodeEngine:255 - oldGeneratedFile, C:\Users\jerzstaN\STM32CubeIDE\workspace\HelloWorld\Core\Src\main.c_save
2023-06-06 23:45:07,968 [INFO] CodeEngine:279 - Generated code: C:\Users\jerzstaN\STM32CubeIDE\workspace\HelloWorld\Core\Src\main.c
2023-06-06 23:45:09,819 [INFO] ProjectBuilder:2996 - Time for Copy HAL[1] : 1361mS.
2023-06-06 23:45:09,839 [INFO] ProjectBuilder:4304 - Project Generator version: 3.19.2
2023-06-06 23:45:10,128 [INFO] ConfigFileManager:1483 - The Die is : DIE451
2023-06-06 23:45:12,485 [INFO] ProjectBuilder:4505 - Time for Generating toolchain IDE Files: 2645mS.
2023-06-06 23:45:12,487 [INFO] ProjectBuilder:2867 - Time for Copy CMSIS : 0mS.
2023-06-06 23:45:12,517 [INFO] ProjectBuilder:2867 - Time for Copy CMSIS : 0mS.
